<?xml version="1.0" encoding="utf-8"?><testsuites name="pytest tests"><testsuite name="pytest" errors="0" failures="3" skipped="7" tests="2096" time="67.302" timestamp="2026-06-24T16:22:46.113586-03:00" hostname="MacBook-Pro-de-Wesley.local"><testcase classname="tests.data_color.test_data_color" name="test_data_color_simple_df_snap" time="0.475" /><testcase classname="tests.data_color.test_data_color" name="test_data_color_simple_exibble_snap[pandas]" time="0.020" /><testcase classname="tests.data_color.test_data_color" name="test_data_color_simple_exibble_snap[polars]" time="0.138" /><testcase classname="tests.data_color.test_data_color" name="test_data_color_simple_exibble_snap[pyarrow]" time="0.072" /><testcase classname="tests.data_color.test_data_color" name="test_data_color_pd_cols_rows_snap" time="0.029" /><testcase classname="tests.data_color.test_data_color" name="test_data_color_pl_cols_rows_snap" time="0.063" /><testcase classname="tests.data_color.test_data_color" name="test_data_color_missing_value[DataFrame0-None]" time="0.013" /><testcase classname="tests.data_color.test_data_color" name="test_data_color_missing_value[DataFrame0-nan0]" time="0.003" /><testcase classname="tests.data_color.test_data_color" name="test_data_color_missing_value[DataFrame0-nan1]" time="0.004" /><testcase classname="tests.data_color.test_data_color" name="test_data_color_missing_value[DataFrame0-none_val3]" time="0.004" /><testcase classname="tests.data_color.test_data_color" name="test_data_color_missing_value[DataFrame1-None]" time="0.005" /><testcase classname="tests.data_color.test_data_color" name="test_data_color_missing_value[DataFrame1-nan0]" time="0.003" /><testcase classname="tests.data_color.test_data_color" name="test_data_color_missing_value[DataFrame1-nan1]" time="0.007" /><testcase classname="tests.data_color.test_data_color" name="test_data_color_missing_value[DataFrame1-none_val3]" time="0.001"><skipped type="pytest.skip" message="Skipped">/Users/wesleylessapinheiro/great-tables/tests/data_color/test_data_color.py:94: Skipped</skipped></testcase><testcase classname="tests.data_color.test_data_color" name="test_data_color_palette_snap[pandas]" time="0.015" /><testcase classname="tests.data_color.test_data_color" name="test_data_color_palette_snap[polars]" time="0.009" /><testcase classname="tests.data_color.test_data_color" name="test_data_color_palette_snap[pyarrow]" time="0.010" /><testcase classname="tests.data_color.test_data_color" name="test_data_color_domain_na_color_snap[pandas]" time="0.014" /><testcase classname="tests.data_color.test_data_color" name="test_data_color_domain_na_color_snap[polars]" time="0.007" /><testcase classname="tests.data_color.test_data_color" name="test_data_color_domain_na_color_snap[pyarrow]" time="0.012" /><testcase classname="tests.data_color.test_data_color" name="test_data_color_domain_na_color_reverse_snap[pandas]" time="0.013" /><testcase classname="tests.data_color.test_data_color" name="test_data_color_domain_na_color_reverse_snap[polars]" time="0.007" /><testcase classname="tests.data_color.test_data_color" name="test_data_color_domain_na_color_reverse_snap[pyarrow]" time="0.007" /><testcase classname="tests.data_color.test_data_color" name="test_data_color_overlapping_domain[pandas]" time="0.012" /><testcase classname="tests.data_color.test_data_color" name="test_data_color_overlapping_domain[polars]" time="0.006" /><testcase classname="tests.data_color.test_data_color" name="test_data_color_overlapping_domain[pyarrow]" time="0.008" /><testcase classname="tests.data_color.test_data_color" name="test_data_color_subset_domain[pandas]" time="0.010" /><testcase classname="tests.data_color.test_data_color" name="test_data_color_subset_domain[polars]" time="0.008" /><testcase classname="tests.data_color.test_data_color" name="test_data_color_subset_domain[pyarrow]" time="0.006" /><testcase classname="tests.data_color.test_data_color" name="test_data_color_autocolor_text_false[pandas]" time="0.011" /><testcase classname="tests.data_color.test_data_color" name="test_data_color_autocolor_text_false[polars]" time="0.011" /><testcase classname="tests.data_color.test_data_color" name="test_data_color_autocolor_text_false[pyarrow]" time="0.005" /><testcase classname="tests.data_color.test_data_color" name="test_data_color_colorbrewer_palettes[pandas]" time="0.085" /><testcase classname="tests.data_color.test_data_color" name="test_data_color_colorbrewer_palettes[polars]" time="0.096" /><testcase classname="tests.data_color.test_data_color" name="test_data_color_colorbrewer_palettes[pyarrow]" time="0.098" /><testcase classname="tests.data_color.test_data_color" name="test_data_color_viridis_palettes[pandas]" time="0.038" /><testcase classname="tests.data_color.test_data_color" name="test_data_color_viridis_palettes[polars]" time="0.050" /><testcase classname="tests.data_color.test_data_color" name="test_data_color_viridis_palettes[pyarrow]" time="0.028" /><testcase classname="tests.data_color.test_data_color" name="test_data_color_colorbrewer_snap" time="0.016" /><testcase classname="tests.data_color.test_data_color" name="test_data_color_viridis_snap" time="0.017" /><testcase classname="tests.data_color.test_data_color" name="test_single_value_pd" time="0.007" /><testcase classname="tests.data_color.test_data_color" name="test_single_value_from_multiple_rows_pd" time="0.016" /><testcase classname="tests.data_color.test_data_color" name="test_all_missing_from_multiple_rows_pd" time="0.014" /><testcase classname="tests.data_color.test_data_color" name="test_single_value_and_missing_pd" time="0.011" /><testcase classname="tests.data_color.test_data_color" name="test_all_values_have_zero_range_domain_pd" time="0.013" /><testcase classname="tests.data_color.test_data_color" name="test_single_value_pl" time="0.005" /><testcase classname="tests.data_color.test_data_color" name="test_single_value_from_multiple_rows_pl" time="0.005" /><testcase classname="tests.data_color.test_data_color" name="test_all_missing_from_multiple_rows_pl" time="0.009" /><testcase classname="tests.data_color.test_data_color" name="test_single_value_and_missing_pl" time="0.008" /><testcase classname="tests.data_color.test_data_color" name="test_all_values_have_zero_range_domain_pl" time="0.005" /><testcase classname="tests.data_color.test_data_color" name="test_data_color_truncate[pandas]" time="0.024" /><testcase classname="tests.data_color.test_data_color" name="test_data_color_truncate[polars]" time="0.008" /><testcase classname="tests.data_color.test_data_color" name="test_data_color_truncate[pyarrow]" time="0.010" /><testcase classname="tests.data_color.test_data_color_utils" name="test_ideal_fgnd_color_contrast[#FFFFFF-#000000]" time="0.029" /><testcase classname="tests.data_color.test_data_color_utils" name="test_ideal_fgnd_color_contrast[#000000-#FFFFFF]" time="0.001" /><testcase classname="tests.data_color.test_data_color_utils" name="test_ideal_fgnd_color_custom_contrast[#FF0000-#00FF00-#0000FF-#00FF00]" time="0.005" /><testcase classname="tests.data_color.test_data_color_utils" name="test_ideal_fgnd_color_custom_contrast[#FF0000FF-#00FF00-#0000FF-#00FF00]" time="0.001" /><testcase classname="tests.data_color.test_data_color_utils" name="test_get_wcag_contrast_ratio[#FFFFFF-#000000-21.0]" time="0.005" /><testcase classname="tests.data_color.test_data_color_utils" name="test_get_wcag_contrast_ratio[#FF0000-#00FF00-2.9139375476009137]" time="0.002" /><testcase classname="tests.data_color.test_data_color_utils" name="test_get_wcag_contrast_ratio[#FF0000FF-#00FF00-2.9139375476009137]" time="0.002" /><testcase classname="tests.data_color.test_data_color_utils" name="test_get_wcag_contrast_ratio[#FF0000-#FF0000-1.0]" time="0.001" /><testcase classname="tests.data_color.test_data_color_utils" name="test_get_wcag_contrast_ratio[#FF0000FF-#FF0000FF-1.0]" time="0.001" /><testcase classname="tests.data_color.test_data_color_utils" name="test_hex_to_rgb[#FF0000-rgb0]" time="0.004" /><testcase classname="tests.data_color.test_data_color_utils" name="test_hex_to_rgb[#00FF00-rgb1]" time="0.001" /><testcase classname="tests.data_color.test_data_color_utils" name="test_hex_to_rgb[#0000FF-rgb2]" time="0.003" /><testcase classname="tests.data_color.test_data_color_utils" name="test_hex_to_rgb[#FFFFFF-rgb3]" time="0.001" /><testcase classname="tests.data_color.test_data_color_utils" name="test_hex_to_rgb[#000000-rgb4]" time="0.001" /><testcase classname="tests.data_color.test_data_color_utils" name="test_hex_to_rgb[#FF0000FF-rgb5]" time="0.001" /><testcase classname="tests.data_color.test_data_color_utils" name="test_hex_to_rgb[#00FF00FF-rgb6]" time="0.001" /><testcase classname="tests.data_color.test_data_color_utils" name="test_hex_to_rgb[#0000FFFF-rgb7]" time="0.001" /><testcase classname="tests.data_color.test_data_color_utils" name="test_hex_to_rgb[#FFFFFFFF-rgb8]" time="0.001" /><testcase classname="tests.data_color.test_data_color_utils" name="test_hex_to_rgb[#000000FF-rgb9]" time="0.001" /><testcase classname="tests.data_color.test_data_color_utils" name="test_relative_luminance[rgb0-1.0]" time="0.006" /><testcase classname="tests.data_color.test_data_color_utils" name="test_relative_luminance[rgb1-0.0]" time="0.001" /><testcase classname="tests.data_color.test_data_color_utils" name="test_relative_luminance[rgb2-0.2126]" time="0.001" /><testcase classname="tests.data_color.test_data_color_utils" name="test_relative_luminance[rgb3-0.7152]" time="0.001" /><testcase classname="tests.data_color.test_data_color_utils" name="test_relative_luminance[rgb4-0.0722]" time="0.001" /><testcase classname="tests.data_color.test_data_color_utils" name="test_srgb[0-0.0]" time="0.004" /><testcase classname="tests.data_color.test_data_color_utils" name="test_srgb[255-1.0]" time="0.002" /><testcase classname="tests.data_color.test_data_color_utils" name="test_srgb[128-0.21586050011389926]" time="0.001" /><testcase classname="tests.data_color.test_data_color_utils" name="test_srgb[100-0.12743768043564743]" time="0.001" /><testcase classname="tests.data_color.test_data_color_utils" name="test_srgb[200-0.5775804404296506]" time="0.001" /><testcase classname="tests.data_color.test_data_color_utils" name="test_html_color_hex_colors[colors0-None-result0]" time="0.004" /><testcase classname="tests.data_color.test_data_color_utils" name="test_html_color_hex_colors[colors1-None-result1]" time="0.001" /><testcase classname="tests.data_color.test_data_color_utils" name="test_html_color_hex_colors[colors2-None-result2]" time="0.003" /><testcase classname="tests.data_color.test_data_color_utils" name="test_html_color_hex_colors[colors3-0.5-result3]" time="0.003" /><testcase classname="tests.data_color.test_data_color_utils" name="test_html_color_hex_colors[colors4-0.5-result4]" time="0.001" /><testcase classname="tests.data_color.test_data_color_utils" name="test_html_color_hex_colors[colors5-0.5-result5]" time="0.001" /><testcase classname="tests.data_color.test_data_color_utils" name="test_add_alpha_float_alpha[0.5-context0]" time="0.004" /><testcase classname="tests.data_color.test_data_color_utils" name="test_add_alpha_float_alpha[1.5-context1]" time="0.002" /><testcase classname="tests.data_color.test_data_color_utils" name="test_alpha_composite_with_white[colors0-expected0]" time="0.004" /><testcase classname="tests.data_color.test_data_color_utils" name="test_alpha_composite_with_white[colors1-expected1]" time="0.001" /><testcase classname="tests.data_color.test_data_color_utils" name="test_alpha_composite_with_white[colors2-expected2]" time="0.001" /><testcase classname="tests.data_color.test_data_color_utils" name="test_alpha_composite_with_white[colors3-expected3]" time="0.001" /><testcase classname="tests.data_color.test_data_color_utils" name="test_alpha_composite_with_white[colors4-expected4]" time="0.001" /><testcase classname="tests.data_color.test_data_color_utils" name="test_float_to_hex[0.0-00]" time="0.008" /><testcase classname="tests.data_color.test_data_color_utils" name="test_float_to_hex[1.0-FF]" time="0.001" /><testcase classname="tests.data_color.test_data_color_utils" name="test_float_to_hex[0.5-7F]" time="0.001" /><testcase classname="tests.data_color.test_data_color_utils" name="test_float_to_hex[0.25-3F]" time="0.001" /><testcase classname="tests.data_color.test_data_color_utils" name="test_float_to_hex[0.75-BF]" time="0.001" /><testcase classname="tests.data_color.test_data_color_utils" name="test_float_to_hex[0.125-1F]" time="0.002" /><testcase classname="tests.data_color.test_data_color_utils" name="test_color_name_to_hex[colors0-result0]" time="0.006" /><testcase classname="tests.data_color.test_data_color_utils" name="test_color_name_to_hex[colors1-result1]" time="0.001" /><testcase classname="tests.data_color.test_data_color_utils" name="test_color_name_to_hex[colors2-result2]" time="0.001" /><testcase classname="tests.data_color.test_data_color_utils" name="test_color_name_to_hex[colors3-result3]" time="0.001" /><testcase classname="tests.data_color.test_data_color_utils" name="test_color_name_to_hex_invalid" time="0.004" /><testcase classname="tests.data_color.test_data_color_utils" name="test_is_short_hex[#F00-True]" time="0.006" /><testcase classname="tests.data_color.test_data_color_utils" name="test_is_short_hex[#0F0-True]" time="0.001" /><testcase classname="tests.data_color.test_data_color_utils" name="test_is_short_hex[#00F-True]" time="0.001" /><testcase classname="tests.data_color.test_data_color_utils" name="test_is_short_hex[#123-True]" time="0.001" /><testcase classname="tests.data_color.test_data_color_utils" name="test_is_short_hex[#FF0000-False]" time="0.001" /><testcase classname="tests.data_color.test_data_color_utils" name="test_is_short_hex[#00FF00-False]" time="0.001" /><testcase classname="tests.data_color.test_data_color_utils" name="test_is_short_hex[#0000FF-False]" time="0.001" /><testcase classname="tests.data_color.test_data_color_utils" name="test_is_short_hex[#123456-False]" time="0.001" /><testcase classname="tests.data_color.test_data_color_utils" name="test_is_hex_col_valid_hex_colors[colors0-is_valid0]" time="0.005" /><testcase classname="tests.data_color.test_data_color_utils" name="test_is_hex_col_valid_hex_colors[colors1-is_valid1]" time="0.001" /><testcase classname="tests.data_color.test_data_color_utils" name="test_is_hex_col_valid_hex_colors[colors2-is_valid2]" time="0.001" /><testcase classname="tests.data_color.test_data_color_utils" name="test_is_hex_col_valid_hex_colors[colors3-is_valid3]" time="0.001" /><testcase classname="tests.data_color.test_data_color_utils" name="test_is_hex_col_valid_hex_colors[colors4-is_valid4]" time="0.002" /><testcase classname="tests.data_color.test_data_color_utils" name="test_is_hex_col_valid_hex_colors[colors5-is_valid5]" time="0.001" /><testcase classname="tests.data_color.test_data_color_utils" name="test_is_hex_col_valid_hex_colors[colors6-is_valid6]" time="0.001" /><testcase classname="tests.data_color.test_data_color_utils" name="test_is_hex_col_valid_hex_colors[colors7-is_valid7]" time="0.001" /><testcase classname="tests.data_color.test_data_color_utils" name="test_is_standard_hex_col[colors0-result0]" time="0.005" /><testcase classname="tests.data_color.test_data_color_utils" name="test_is_standard_hex_col[colors1-result1]" time="0.001" /><testcase classname="tests.data_color.test_data_color_utils" name="test_is_standard_hex_col[colors2-result2]" time="0.001" /><testcase classname="tests.data_color.test_data_color_utils" name="test_is_standard_hex_col[colors3-result3]" time="0.001" /><testcase classname="tests.data_color.test_data_color_utils" name="test_is_standard_hex_col[colors4-result4]" time="0.001" /><testcase classname="tests.data_color.test_data_color_utils" name="test_expand_short_hex_valid_short_hex[#F00-#FF0000]" time="0.006" /><testcase classname="tests.data_color.test_data_color_utils" name="test_expand_short_hex_valid_short_hex[#0F0-#00FF00]" time="0.001" /><testcase classname="tests.data_color.test_data_color_utils" name="test_expand_short_hex_valid_short_hex[#00F-#0000FF]" time="0.001" /><testcase classname="tests.data_color.test_data_color_utils" name="test_expand_short_hex_valid_short_hex[#123-#112233]" time="0.002" /><testcase classname="tests.data_color.test_data_color_utils" name="test_rescale_numeric[pandas_constructor-vals0-data0-expected0]" time="0.018" /><testcase classname="tests.data_color.test_data_color_utils" name="test_rescale_numeric[pandas_constructor-vals1-data1-expected1]" time="0.001" /><testcase classname="tests.data_color.test_data_color_utils" name="test_rescale_numeric[pandas_constructor-vals2-data2-expected2]" time="0.001" /><testcase classname="tests.data_color.test_data_color_utils" name="test_rescale_numeric[pandas_nullable_constructor-vals0-data0-expected0]" time="0.003" /><testcase classname="tests.data_color.test_data_color_utils" name="test_rescale_numeric[pandas_nullable_constructor-vals1-data1-expected1]" time="0.002" /><testcase classname="tests.data_color.test_data_color_utils" name="test_rescale_numeric[pandas_nullable_constructor-vals2-data2-expected2]" time="0.005" /><testcase classname="tests.data_color.test_data_color_utils" name="test_rescale_numeric[pandas_pyarrow_constructor-vals0-data0-expected0]" time="0.004" /><testcase classname="tests.data_color.test_data_color_utils" name="test_rescale_numeric[pandas_pyarrow_constructor-vals1-data1-expected1]" time="0.003" /><testcase classname="tests.data_color.test_data_color_utils" name="test_rescale_numeric[pandas_pyarrow_constructor-vals2-data2-expected2]" time="0.003" /><testcase classname="tests.data_color.test_data_color_utils" name="test_rescale_numeric[polars_constructor-vals0-data0-expected0]" time="0.001" /><testcase classname="tests.data_color.test_data_color_utils" name="test_rescale_numeric[polars_constructor-vals1-data1-expected1]" time="0.001" /><testcase classname="tests.data_color.test_data_color_utils" name="test_rescale_numeric[polars_constructor-vals2-data2-expected2]" time="0.001" /><testcase classname="tests.data_color.test_data_color_utils" name="test_rescale_numeric[pyarrow_table_constructor-vals0-data0-expected0]" time="0.002" /><testcase classname="tests.data_color.test_data_color_utils" name="test_rescale_numeric[pyarrow_table_constructor-vals1-data1-expected1]" time="0.003" /><testcase classname="tests.data_color.test_data_color_utils" name="test_rescale_numeric[pyarrow_table_constructor-vals2-data2-expected2]" time="0.002" /><testcase classname="tests.data_color.test_data_color_utils" name="test_get_domain_numeric[pandas_constructor-vals0]" time="0.004" /><testcase classname="tests.data_color.test_data_color_utils" name="test_get_domain_numeric[pandas_constructor-vals1]" time="0.001" /><testcase classname="tests.data_color.test_data_color_utils" name="test_get_domain_numeric[pandas_constructor-vals2]" time="0.002" /><testcase classname="tests.data_color.test_data_color_utils" name="test_get_domain_numeric[pandas_nullable_constructor-vals0]" time="0.001" /><testcase classname="tests.data_color.test_data_color_utils" name="test_get_domain_numeric[pandas_nullable_constructor-vals1]" time="0.002" /><testcase classname="tests.data_color.test_data_color_utils" name="test_get_domain_numeric[pandas_nullable_constructor-vals2]" time="0.001" /><testcase classname="tests.data_color.test_data_color_utils" name="test_get_domain_numeric[pandas_pyarrow_constructor-vals0]" time="0.002" /><testcase classname="tests.data_color.test_data_color_utils" name="test_get_domain_numeric[pandas_pyarrow_constructor-vals1]" time="0.001" /><testcase classname="tests.data_color.test_data_color_utils" name="test_get_domain_numeric[pandas_pyarrow_constructor-vals2]" time="0.002" /><testcase classname="tests.data_color.test_data_color_utils" name="test_get_domain_numeric[polars_constructor-vals0]" time="0.001" /><testcase classname="tests.data_color.test_data_color_utils" name="test_get_domain_numeric[polars_constructor-vals1]" time="0.002" /><testcase classname="tests.data_color.test_data_color_utils" name="test_get_domain_numeric[polars_constructor-vals2]" time="0.001" /><testcase classname="tests.data_color.test_data_color_utils" name="test_get_domain_numeric[pyarrow_table_constructor-vals0]" time="0.002" /><testcase classname="tests.data_color.test_data_color_utils" name="test_get_domain_numeric[pyarrow_table_constructor-vals1]" time="0.002" /><testcase classname="tests.data_color.test_data_color_utils" name="test_get_domain_numeric[pyarrow_table_constructor-vals2]" time="0.001" /><testcase classname="tests.data_color.test_data_color_utils" name="test_get_domain_factor_empty_frame[pandas_constructor]" time="0.004" /><testcase classname="tests.data_color.test_data_color_utils" name="test_get_domain_factor_empty_frame[pandas_nullable_constructor]" time="0.001" /><testcase classname="tests.data_color.test_data_color_utils" name="test_get_domain_factor_empty_frame[pandas_pyarrow_constructor]" time="0.003" /><testcase classname="tests.data_color.test_data_color_utils" name="test_get_domain_factor_empty_frame[polars_constructor]" time="0.001" /><testcase classname="tests.data_color.test_data_color_utils" name="test_get_domain_factor_empty_frame[pyarrow_table_constructor]" time="0.001" /><testcase classname="tests.data_color.test_data_color_utils" name="test_get_domain_factor[pandas_constructor-data0-vals0]" time="0.004" /><testcase classname="tests.data_color.test_data_color_utils" name="test_get_domain_factor[pandas_constructor-data1-vals1]" time="0.001" /><testcase classname="tests.data_color.test_data_color_utils" name="test_get_domain_factor[pandas_constructor-data2-vals2]" time="0.002" /><testcase classname="tests.data_color.test_data_color_utils" name="test_get_domain_factor[pandas_constructor-data3-vals3]" time="0.001" /><testcase classname="tests.data_color.test_data_color_utils" name="test_get_domain_factor[pandas_nullable_constructor-data0-vals0]" time="0.111" /><testcase classname="tests.data_color.test_data_color_utils" name="test_get_domain_factor[pandas_nullable_constructor-data1-vals1]" time="0.001" /><testcase classname="tests.data_color.test_data_color_utils" name="test_get_domain_factor[pandas_nullable_constructor-data2-vals2]" time="0.028" /><testcase classname="tests.data_color.test_data_color_utils" name="test_get_domain_factor[pandas_nullable_constructor-data3-vals3]" time="0.001" /><testcase classname="tests.data_color.test_data_color_utils" name="test_get_domain_factor[pandas_pyarrow_constructor-data0-vals0]" time="0.003" /><testcase classname="tests.data_color.test_data_color_utils" name="test_get_domain_factor[pandas_pyarrow_constructor-data1-vals1]" time="0.002" /><testcase classname="tests.data_color.test_data_color_utils" name="test_get_domain_factor[pandas_pyarrow_constructor-data2-vals2]" time="0.003" /><testcase classname="tests.data_color.test_data_color_utils" name="test_get_domain_factor[pandas_pyarrow_constructor-data3-vals3]" time="0.002" /><testcase classname="tests.data_color.test_data_color_utils" name="test_get_domain_factor[polars_constructor-data0-vals0]" time="0.001" /><testcase classname="tests.data_color.test_data_color_utils" name="test_get_domain_factor[polars_constructor-data1-vals1]" time="0.002" /><testcase classname="tests.data_color.test_data_color_utils" name="test_get_domain_factor[polars_constructor-data2-vals2]" time="0.001" /><testcase classname="tests.data_color.test_data_color_utils" name="test_get_domain_factor[polars_constructor-data3-vals3]" time="0.001" /><testcase classname="tests.data_color.test_data_color_utils" name="test_get_domain_factor[pyarrow_table_constructor-data0-vals0]" time="0.001" /><testcase classname="tests.data_color.test_data_color_utils" name="test_get_domain_factor[pyarrow_table_constructor-data1-vals1]" time="0.007" /><testcase classname="tests.data_color.test_data_color_utils" name="test_get_domain_factor[pyarrow_table_constructor-data2-vals2]" time="0.003" /><testcase classname="tests.data_color.test_data_color_utils" name="test_get_domain_factor[pyarrow_table_constructor-data3-vals3]" time="0.002" /><testcase classname="tests.data_color.test_data_color_utils" name="test_gradient_n_pal" time="0.003" /><testcase classname="tests.data_color.test_data_color_utils" name="test_gradient_n_pal_rounds[0.001-#ff0000]" time="0.003" /><testcase classname="tests.data_color.test_data_color_utils" name="test_gradient_n_pal_rounds[0.004-#fe0001]" time="0.002" /><testcase classname="tests.data_color.test_data_color_utils" name="test_gradient_n_pal_rounds[0.999-#0000ff]" time="0.001" /><testcase classname="tests.data_color.test_data_color_utils" name="test_gradient_n_pal_rounds[0.996-#0100fe]" time="0.001" /><testcase classname="tests.data_color.test_data_color_utils" name="test_gradient_n_pal_inf[src0-dst0]" time="0.003" /><testcase classname="tests.data_color.test_data_color_utils" name="test_gradient_n_pal_inf[src1-dst1]" time="0.001" /><testcase classname="tests.data_color.test_data_color_utils" name="test_gradient_n_pal_symmetric" time="0.003" /><testcase classname="tests.data_color.test_data_color_utils" name="test_gradient_n_pal_manual_values" time="0.004" /><testcase classname="tests.data_color.test_data_color_utils" name="test_gradient_n_pal_guard_raises[colors0-None-context0]" time="0.002" /><testcase classname="tests.data_color.test_data_color_utils" name="test_gradient_n_pal_guard_raises[colors1-values1-context1]" time="0.001" /><testcase classname="tests.data_color.test_data_color_utils" name="test_gradient_n_pal_guard_raises[colors2-values2-context2]" time="0.001" /><testcase classname="tests.data_color.test_data_color_utils" name="test_gradient_n_pal_guard_raises[colors3-values3-context3]" time="0.001" /><testcase classname="tests.data_color.test_data_color_utils" name="test_gradient_n_pal_guard_raises[colors4-None-context4]" time="0.001" /><testcase classname="tests.data_color.test_data_color_utils" name="test_gradient_n_pal_out_of_bounds_raises[data0-Value: 1.1]" time="0.003" /><testcase classname="tests.data_color.test_data_color_utils" name="test_gradient_n_pal_out_of_bounds_raises[data1-Value: -0.1]" time="0.002" /><testcase classname="tests.test__boxhead" name="test_cols_label_relabel_columns" time="0.057" /><testcase classname="tests.test__boxhead" name="test_cols_label_relabel_columns_with_markdown" time="0.005" /><testcase classname="tests.test__boxhead" name="test_cols_label_return_type" time="0.005" /><testcase classname="tests.test__boxhead" name="test_cols_label_return_self_if_no_kwargs" time="0.006" /><testcase classname="tests.test__boxhead" name="test_cols_label_with_relabel_columns" time="0.010" /><testcase classname="tests.test__boxhead" name="test_cols_label_with_single_column" time="0.007" /><testcase classname="tests.test__boxhead" name="test_cols_label_with_relabel_columns_with_markdown" time="0.010" /><testcase classname="tests.test__boxhead" name="test_cols_label_with_raises" time="0.005" /><testcase classname="tests.test__boxhead" name="test_cols_label_with_does_not_mutate_original" time="0.011" /><testcase classname="tests.test__boxhead" name="test_cols_label_with_uses_data_column_names" time="0.005" /><testcase classname="tests.test__boxhead" name="test_cols_align_default" time="0.010" /><testcase classname="tests.test__boxhead" name="test_cols_align_columns_str" time="0.005" /><testcase classname="tests.test__boxhead" name="test_cols_align_columns_list_of_str" time="0.008" /><testcase classname="tests.test__boxhead" name="test_cols_align_pl_expr" time="0.040" /><testcase classname="tests.test__boxhead" name="test_cols_align_raises" time="0.005" /><testcase classname="tests.test__boxhead" name="test_cols_align_return_type" time="0.008" /><testcase classname="tests.test__formats_vals" name="test_roundtrip[1]" time="0.030" /><testcase classname="tests.test__formats_vals" name="test_roundtrip[src1]" time="0.001" /><testcase classname="tests.test__formats_vals" name="test_roundtrip[src2]" time="0.001" /><testcase classname="tests.test__formats_vals" name="test_roundtrip[src3]" time="0.007" /><testcase classname="tests.test__formats_vals" name="test_roundtrip[src4]" time="0.002" /><testcase classname="tests.test__render_checks" name="test_check_quarto_runs" time="0.179" /><testcase classname="tests.test__render_checks" name="test_check_quarto_disable_processing" time="0.047" /><testcase classname="tests.test__render_checks" name="test_check_quarto_cols_width" time="0.003" /><testcase classname="tests.test__stubhead" name="test_tab_stubhead" time="0.015" /><testcase classname="tests.test__utils_nanoplots" name="test_val_is_numeric" time="0.119" /><testcase classname="tests.test__utils_nanoplots" name="test_val_is_numeric_fails_list_input" time="0.001" /><testcase classname="tests.test__utils_nanoplots" name="test_val_is_str" time="0.004" /><testcase classname="tests.test__utils_nanoplots" name="test_val_is_str_fails_list_input" time="0.006" /><testcase classname="tests.test__utils_nanoplots" name="test_is_integerlike" time="0.018" /><testcase classname="tests.test__utils_nanoplots" name="test_normalize_option_list" time="0.019" /><testcase classname="tests.test__utils_nanoplots" name="test_normalize_vals[vals0-dst0]" time="0.009" /><testcase classname="tests.test__utils_nanoplots" name="test_normalize_vals[vals1-dst1]" time="0.002" /><testcase classname="tests.test__utils_nanoplots" name="test_normalize_vals[vals2-dst2]" time="0.001" /><testcase classname="tests.test__utils_nanoplots" name="test_normalize_vals[vals3-dst3]" time="0.001" /><testcase classname="tests.test__utils_nanoplots" name="test_normalize_to_dict" time="0.024" /><testcase classname="tests.test__utils_nanoplots" name="test_calc_ref_value[min-1]" time="0.011" /><testcase classname="tests.test__utils_nanoplots" name="test_calc_ref_value[max-4]" time="0.002" /><testcase classname="tests.test__utils_nanoplots" name="test_calc_ref_value[median-2.5]" time="0.001" /><testcase classname="tests.test__utils_nanoplots" name="test_calc_ref_value[mean-2.5]" time="0.001" /><testcase classname="tests.test__utils_nanoplots" name="test_format_number_compactly_basic[1e-23-1.0E\u221223]" time="0.165" /><testcase classname="tests.test__utils_nanoplots" name="test_format_number_compactly_basic[1.2363423e-23-1.2E\u221223]" time="0.003" /><testcase classname="tests.test__utils_nanoplots" name="test_format_number_compactly_basic[1.9001e-20-1.9E\u221220]" time="0.003" /><testcase classname="tests.test__utils_nanoplots" name="test_format_number_compactly_basic[1.243234e-10-1.2E\u221210]" time="0.004" /><testcase classname="tests.test__utils_nanoplots" name="test_format_number_compactly_basic[0.002345322-2.3E\u221203]" time="0.002" /><testcase classname="tests.test__utils_nanoplots" name="test_format_number_compactly_basic[0.074234-0.074]" time="0.013" /><testcase classname="tests.test__utils_nanoplots" name="test_format_number_compactly_basic[0.32923-0.33]" time="0.002" /><testcase classname="tests.test__utils_nanoplots" name="test_format_number_compactly_basic[0.3-0.30]" time="0.002" /><testcase classname="tests.test__utils_nanoplots" name="test_format_number_compactly_basic[0.1-0.10]" time="0.004" /><testcase classname="tests.test__utils_nanoplots" name="test_format_number_compactly_basic[0.99-0.99]" time="0.003" /><testcase classname="tests.test__utils_nanoplots" name="test_format_number_compactly_basic[0.999999991-1.0]" time="0.003" /><testcase classname="tests.test__utils_nanoplots" name="test_format_number_compactly_basic[0-0]" time="0.001" /><testcase classname="tests.test__utils_nanoplots" name="test_format_number_compactly_basic[0.0-0]" time="0.001" /><testcase classname="tests.test__utils_nanoplots" name="test_format_number_compactly_basic[1-1.00]" time="0.007" /><testcase classname="tests.test__utils_nanoplots" name="test_format_number_compactly_basic[1.2-1.20]" time="0.003" /><testcase classname="tests.test__utils_nanoplots" name="test_format_number_compactly_basic[23.34-23.3]" time="0.002" /><testcase classname="tests.test__utils_nanoplots" name="test_format_number_compactly_basic[999.823-1,000]" time="0.004" /><testcase classname="tests.test__utils_nanoplots" name="test_format_number_compactly_basic[1002.62-1.00K]" time="0.006" /><testcase classname="tests.test__utils_nanoplots" name="test_format_number_compactly_basic[56256.99345-56.3K]" time="0.002" /><testcase classname="tests.test__utils_nanoplots" name="test_format_number_compactly_basic[262456.632-262K]" time="0.003" /><testcase classname="tests.test__utils_nanoplots" name="test_format_number_compactly_basic[838238.123-838K]" time="0.004" /><testcase classname="tests.test__utils_nanoplots" name="test_format_number_compactly_basic[9237442.4-9.24M]" time="0.002" /><testcase classname="tests.test__utils_nanoplots" name="test_format_number_compactly_basic[23425521.8-23.4M]" time="0.003" /><testcase classname="tests.test__utils_nanoplots" name="test_format_number_compactly_basic[682378385.0-682M]" time="0.002" /><testcase classname="tests.test__utils_nanoplots" name="test_format_number_compactly_basic[7453473217.4-7.45B]" time="0.002" /><testcase classname="tests.test__utils_nanoplots" name="test_format_number_compactly_basic[890236897525-890B]" time="0.005" /><testcase classname="tests.test__utils_nanoplots" name="test_format_number_compactly_basic[3324986945826-3.32T]" time="0.002" /><testcase classname="tests.test__utils_nanoplots" name="test_format_number_compactly_basic[367353689054245-367T]" time="0.002" /><testcase classname="tests.test__utils_nanoplots" name="test_format_number_compactly_basic[8923749826567834-8.9E15]" time="0.002" /><testcase classname="tests.test__utils_nanoplots" name="test_format_number_compactly_basic[90872346782346451237345-9.1E22]" time="0.013" /><testcase classname="tests.test__utils_nanoplots" name="test_format_number_compactly_basic[-1.243234e-10-\u22121.2E\u221210]" time="0.002" /><testcase classname="tests.test__utils_nanoplots" name="test_format_number_compactly_basic[-93456734587347958-\u22129.3E16]" time="0.002" /><testcase classname="tests.test__utils_nanoplots" name="test_format_number_compactly_integer[1e-23-1.0E\u221223]" time="0.006" /><testcase classname="tests.test__utils_nanoplots" name="test_format_number_compactly_integer[1.2363423e-23-1.2E\u221223]" time="0.002" /><testcase classname="tests.test__utils_nanoplots" name="test_format_number_compactly_integer[1.9001e-20-1.9E\u221220]" time="0.002" /><testcase classname="tests.test__utils_nanoplots" name="test_format_number_compactly_integer[1.243234e-10-1.2E\u221210]" time="0.002" /><testcase classname="tests.test__utils_nanoplots" name="test_format_number_compactly_integer[0.002345322-2.3E\u221203]" time="0.003" /><testcase classname="tests.test__utils_nanoplots" name="test_format_number_compactly_integer[0.074234-0]" time="0.009" /><testcase classname="tests.test__utils_nanoplots" name="test_format_number_compactly_integer[0.32923-0]" time="0.001" /><testcase classname="tests.test__utils_nanoplots" name="test_format_number_compactly_integer[0.3-0]" time="0.001" /><testcase classname="tests.test__utils_nanoplots" name="test_format_number_compactly_integer[0.1-0]" time="0.002" /><testcase classname="tests.test__utils_nanoplots" name="test_format_number_compactly_integer[0.99-1]" time="0.003" /><testcase classname="tests.test__utils_nanoplots" name="test_format_number_compactly_integer[0.999999991-1]" time="0.001" /><testcase classname="tests.test__utils_nanoplots" name="test_format_number_compactly_integer[0-0]" time="0.001" /><testcase classname="tests.test__utils_nanoplots" name="test_format_number_compactly_integer[0.0-0]" time="0.002" /><testcase classname="tests.test__utils_nanoplots" name="test_format_number_compactly_integer[1-1]" time="0.001" /><testcase classname="tests.test__utils_nanoplots" name="test_format_number_compactly_integer[1.2-1]" time="0.001" /><testcase classname="tests.test__utils_nanoplots" name="test_format_number_compactly_integer[23.34-23]" time="0.001" /><testcase classname="tests.test__utils_nanoplots" name="test_format_number_compactly_integer[999.823-1,000]" time="0.005" /><testcase classname="tests.test__utils_nanoplots" name="test_format_number_compactly_integer[1002.62-1.00K]" time="0.002" /><testcase classname="tests.test__utils_nanoplots" name="test_format_number_compactly_integer[56256.99345-56.3K]" time="0.002" /><testcase classname="tests.test__utils_nanoplots" name="test_format_number_compactly_integer[262456.632-262K]" time="0.002" /><testcase classname="tests.test__utils_nanoplots" name="test_format_number_compactly_integer[838238.123-838K]" time="0.002" /><testcase classname="tests.test__utils_nanoplots" name="test_format_number_compactly_integer[9237442.4-9.24M]" time="0.003" /><testcase classname="tests.test__utils_nanoplots" name="test_format_number_compactly_integer[23425521.8-23.4M]" time="0.002" /><testcase classname="tests.test__utils_nanoplots" name="test_format_number_compactly_integer[682378385.0-682M]" time="0.002" /><testcase classname="tests.test__utils_nanoplots" name="test_format_number_compactly_integer[7453473217.4-7.45B]" time="0.002" /><testcase classname="tests.test__utils_nanoplots" name="test_format_number_compactly_integer[890236897525-890B]" time="0.002" /><testcase classname="tests.test__utils_nanoplots" name="test_format_number_compactly_integer[3324986945826-3.32T]" time="0.004" /><testcase classname="tests.test__utils_nanoplots" name="test_format_number_compactly_integer[367353689054245-367T]" time="0.002" /><testcase classname="tests.test__utils_nanoplots" name="test_format_number_compactly_integer[8923749826567834-8.9E15]" time="0.002" /><testcase classname="tests.test__utils_nanoplots" name="test_format_number_compactly_integer[90872346782346451237345-9.1E22]" time="0.003" /><testcase classname="tests.test__utils_nanoplots" name="test_format_number_compactly_integer[-1.243234e-10-\u22121.2E\u221210]" time="0.005" /><testcase classname="tests.test__utils_nanoplots" name="test_format_number_compactly_integer[-93456734587347958-\u22129.3E16]" time="0.002" /><testcase classname="tests.test__utils_nanoplots" name="test_format_number_compactly_currency[1.243234e-10-USD-$0.00]" time="0.022" /><testcase classname="tests.test__utils_nanoplots" name="test_format_number_compactly_currency[0.002345322-USD-$0.00]" time="0.004" /><testcase classname="tests.test__utils_nanoplots" name="test_format_number_compactly_currency[0.074234-USD-$0.07]" time="0.004" /><testcase classname="tests.test__utils_nanoplots" name="test_format_number_compactly_currency[0.32923-USD-$0.33]" time="0.003" /><testcase classname="tests.test__utils_nanoplots" name="test_format_number_compactly_currency[0.3-USD-$0.30]" time="0.005" /><testcase classname="tests.test__utils_nanoplots" name="test_format_number_compactly_currency[0.1-USD-$0.10]" time="0.005" /><testcase classname="tests.test__utils_nanoplots" name="test_format_number_compactly_currency[0.99-USD-$0.99]" time="0.003" /><testcase classname="tests.test__utils_nanoplots" name="test_format_number_compactly_currency[0.999999991-USD-$1.00]" time="0.005" /><testcase classname="tests.test__utils_nanoplots" name="test_format_number_compactly_currency[0-USD-0]" time="0.001" /><testcase classname="tests.test__utils_nanoplots" name="test_format_number_compactly_currency[0.0-USD-0]" time="0.001" /><testcase classname="tests.test__utils_nanoplots" name="test_format_number_compactly_currency[1-USD-$1.00]" time="0.004" /><testcase classname="tests.test__utils_nanoplots" name="test_format_number_compactly_currency[1.2-USD-$1.20]" time="0.004" /><testcase classname="tests.test__utils_nanoplots" name="test_format_number_compactly_currency[23.34-USD-$23.34]" time="0.006" /><testcase classname="tests.test__utils_nanoplots" name="test_format_number_compactly_currency[999.823-USD-$999.82]" time="0.004" /><testcase classname="tests.test__utils_nanoplots" name="test_format_number_compactly_currency[1002.62-USD-$1,002.62]" time="0.004" /><testcase classname="tests.test__utils_nanoplots" name="test_format_number_compactly_currency[56256.99345-USD-$56,257.0]" time="0.005" /><testcase classname="tests.test__utils_nanoplots" name="test_format_number_compactly_currency[262456.632-USD-$262,457]" time="0.003" /><testcase classname="tests.test__utils_nanoplots" name="test_format_number_compactly_currency[838238.123-USD-$838,238]" time="0.004" /><testcase classname="tests.test__utils_nanoplots" name="test_format_number_compactly_currency[9237442.4-USD-$9,237,442.4]" time="0.003" /><testcase classname="tests.test__utils_nanoplots" name="test_format_number_compactly_currency[23425521.8-USD-$23,425,521.8]" time="0.004" /><testcase classname="tests.test__utils_nanoplots" name="test_format_number_compactly_currency[682378385.0-USD-$682,378,385.0]" time="0.003" /><testcase classname="tests.test__utils_nanoplots" name="test_format_number_compactly_currency[7453473217.4-USD-$7,453,473,217.4]" time="0.003" /><testcase classname="tests.test__utils_nanoplots" name="test_format_number_compactly_currency[890236897525-USD-$890,236,897,525.0]" time="0.006" /><testcase classname="tests.test__utils_nanoplots" name="test_format_number_compactly_currency[3324986945826-USD-$3,324,986,945,826.0]" time="0.003" /><testcase classname="tests.test__utils_nanoplots" name="test_format_number_compactly_currency[367353689054245-USD-$367,353,689,054,245.0]" time="0.004" /><testcase classname="tests.test__utils_nanoplots" name="test_format_number_compactly_currency[8923749826567834-USD-&gt;]" time="0.008" /><testcase classname="tests.test__utils_nanoplots" name="test_format_number_compactly_currency[90872346782346451237345-USD-&gt;]" time="0.003" /><testcase classname="tests.test__utils_nanoplots" name="test_format_number_compactly_currency[-1.243234e-10-USD-\u2212$0.00]" time="0.004" /><testcase classname="tests.test__utils_nanoplots" name="test_format_number_compactly_currency[-93456734587347958-USD-&gt;]" time="0.005" /><testcase classname="tests.test__utils_nanoplots" name="test_format_number_compactly_currency[-642.34-USD-\u2212$642.34]" time="0.003" /><testcase classname="tests.test__utils_nanoplots" name="test_format_number_compactly_currency[23534-EUR-&amp;#8364;23,534.0]" time="0.003" /><testcase classname="tests.test__utils_nanoplots" name="test_format_number_compactly_currency[556.325-KRW-&amp;#8361;556]" time="0.005" /><testcase classname="tests.test__utils_nanoplots" name="test_format_number_compactly_currency[82.63-HKD-HK$82.63]" time="0.006" /><testcase classname="tests.test__utils_nanoplots" name="test_format_number_compactly_currency[838238.123-None-838K]" time="0.002" /><testcase classname="tests.test__utils_nanoplots" name="test_gt_mean[num0-1.0]" time="0.003" /><testcase classname="tests.test__utils_nanoplots" name="test_gt_mean[num1-1.0]" time="0.005" /><testcase classname="tests.test__utils_nanoplots" name="test_gt_mean[num2-2.0]" time="0.001" /><testcase classname="tests.test__utils_nanoplots" name="test_gt_mean[num3-0.033333333333333215]" time="0.001" /><testcase classname="tests.test__utils_nanoplots" name="test_gt_mean[num4-700000176667447.4]" time="0.001" /><testcase classname="tests.test__utils_nanoplots" name="test_gt_min[num0-1.0]" time="0.003" /><testcase classname="tests.test__utils_nanoplots" name="test_gt_min[num1-1.0]" time="0.001" /><testcase classname="tests.test__utils_nanoplots" name="test_gt_min[num2-1.0]" time="0.001" /><testcase classname="tests.test__utils_nanoplots" name="test_gt_min[num3--5.0]" time="0.001" /><testcase classname="tests.test__utils_nanoplots" name="test_gt_min[num4-2342]" time="0.001" /><testcase classname="tests.test__utils_nanoplots" name="test_gt_max[num0-1.0]" time="0.003" /><testcase classname="tests.test__utils_nanoplots" name="test_gt_max[num1-1.0]" time="0.001" /><testcase classname="tests.test__utils_nanoplots" name="test_gt_max[num2-3.0]" time="0.001" /><testcase classname="tests.test__utils_nanoplots" name="test_gt_max[num3-5.0]" time="0.001" /><testcase classname="tests.test__utils_nanoplots" name="test_gt_max[num4-2100000000000000.0]" time="0.002" /><testcase classname="tests.test__utils_nanoplots" name="test_gt_median[num0-1.0]" time="0.005" /><testcase classname="tests.test__utils_nanoplots" name="test_gt_median[num1-1.0]" time="0.001" /><testcase classname="tests.test__utils_nanoplots" name="test_gt_median[num2-2.0]" time="0.001" /><testcase classname="tests.test__utils_nanoplots" name="test_gt_median[num3-2.5]" time="0.001" /><testcase classname="tests.test__utils_nanoplots" name="test_gt_median[num4-0.1]" time="0.001" /><testcase classname="tests.test__utils_nanoplots" name="test_gt_median[num5-530000000.0]" time="0.001" /><testcase classname="tests.test__utils_nanoplots" name="test_gt_first[num0-1.0]" time="0.006" /><testcase classname="tests.test__utils_nanoplots" name="test_gt_first[num1-1.0]" time="0.001" /><testcase classname="tests.test__utils_nanoplots" name="test_gt_first[num2-3.0]" time="0.001" /><testcase classname="tests.test__utils_nanoplots" name="test_gt_first[num3-1.0]" time="0.001" /><testcase classname="tests.test__utils_nanoplots" name="test_gt_first[num4--5.0]" time="0.001" /><testcase classname="tests.test__utils_nanoplots" name="test_gt_first[num5-0]" time="0.001" /><testcase classname="tests.test__utils_nanoplots" name="test_gt_last[num0-1.0]" time="0.016" /><testcase classname="tests.test__utils_nanoplots" name="test_gt_last[num1-1.0]" time="0.001" /><testcase classname="tests.test__utils_nanoplots" name="test_gt_last[num2-1.0]" time="0.002" /><testcase classname="tests.test__utils_nanoplots" name="test_gt_last[num3-4.0]" time="0.001" /><testcase classname="tests.test__utils_nanoplots" name="test_gt_last[num4-5.0]" time="0.001" /><testcase classname="tests.test__utils_nanoplots" name="test_gt_last[num5--2343.0]" time="0.001" /><testcase classname="tests.test__utils_nanoplots" name="test_gt_quantile[num0-0-1.0]" time="0.004" /><testcase classname="tests.test__utils_nanoplots" name="test_gt_quantile[num1-0.5-1.0]" time="0.001" /><testcase classname="tests.test__utils_nanoplots" name="test_gt_quantile[num2-0-1.0]" time="0.001" /><testcase classname="tests.test__utils_nanoplots" name="test_gt_quantile[num3-0.33-1.0]" time="0.001" /><testcase classname="tests.test__utils_nanoplots" name="test_gt_quantile[num4-0.66-1.0]" time="0.001" /><testcase classname="tests.test__utils_nanoplots" name="test_gt_quantile[num5-0-1.0]" time="0.001" /><testcase classname="tests.test__utils_nanoplots" name="test_gt_quantile[num6-0.2-1.0]" time="0.001" /><testcase classname="tests.test__utils_nanoplots" name="test_gt_quantile[num7-0.4-2.0]" time="0.001" /><testcase classname="tests.test__utils_nanoplots" name="test_gt_quantile[num8-0.6-2.0]" time="0.001" /><testcase classname="tests.test__utils_nanoplots" name="test_gt_quantile[num9-0.8-3.0]" time="0.001" /><testcase classname="tests.test__utils_nanoplots" name="test_gt_quantile[num10-0-1.0]" time="0.001" /><testcase classname="tests.test__utils_nanoplots" name="test_gt_quantile[num11-0.2-1.0]" time="0.002" /><testcase classname="tests.test__utils_nanoplots" name="test_gt_quantile[num12-0.4-3.0]" time="0.003" /><testcase classname="tests.test__utils_nanoplots" name="test_gt_quantile[num13-0.6-3.0]" time="0.001" /><testcase classname="tests.test__utils_nanoplots" name="test_gt_quantile[num14-0.8-5.0]" time="0.001" /><testcase classname="tests.test__utils_nanoplots" name="test_gt_quantile[num15-0-1.0]" time="0.001" /><testcase classname="tests.test__utils_nanoplots" name="test_gt_quantile[num16-0.1-1.0]" time="0.001" /><testcase classname="tests.test__utils_nanoplots" name="test_gt_quantile[num17-0.2-3.0]" time="0.001" /><testcase classname="tests.test__utils_nanoplots" name="test_gt_quantile[num18-0.3-3.0]" time="0.001" /><testcase classname="tests.test__utils_nanoplots" name="test_gt_quantile[num19-0.4-3.0]" time="0.001" /><testcase classname="tests.test__utils_nanoplots" name="test_gt_quantile[num20-0.5-3.0]" time="0.002" /><testcase classname="tests.test__utils_nanoplots" name="test_gt_quantile[num21-0.6-3.0]" time="0.001" /><testcase classname="tests.test__utils_nanoplots" name="test_gt_quantile[num22-0.7-3.0]" time="0.001" /><testcase classname="tests.test__utils_nanoplots" name="test_gt_quantile[num23-0.8-5.0]" time="0.001" /><testcase classname="tests.test__utils_nanoplots" name="test_gt_quantile[num24-0.9-5.0]" time="0.002" /><testcase classname="tests.test__utils_nanoplots" name="test_gt_q_1[num0-1.0]" time="0.003" /><testcase classname="tests.test__utils_nanoplots" name="test_gt_q_1[num1-1.0]" time="0.001" /><testcase classname="tests.test__utils_nanoplots" name="test_gt_q_1[num2-1.0]" time="0.001" /><testcase classname="tests.test__utils_nanoplots" name="test_gt_q_1[num3-2.0]" time="0.001" /><testcase classname="tests.test__utils_nanoplots" name="test_gt_q_1[num4-2.0]" time="0.001" /><testcase classname="tests.test__utils_nanoplots" name="test_gt_q_1[num5-2.0]" time="0.001" /><testcase classname="tests.test__utils_nanoplots" name="test_gt_q_1[num6-0.5]" time="0.001" /><testcase classname="tests.test__utils_nanoplots" name="test_gt_q_1[num7--5.0]" time="0.001" /><testcase classname="tests.test__utils_nanoplots" name="test_gt_q_1[num8-1.0]" time="0.001" /><testcase classname="tests.test__utils_nanoplots" name="test_gt_q_1[num9-0.0]" time="0.001" /><testcase classname="tests.test__utils_nanoplots" name="test_gt_q_3[num0-1.0]" time="0.006" /><testcase classname="tests.test__utils_nanoplots" name="test_gt_q_3[num1-1.0]" time="0.001" /><testcase classname="tests.test__utils_nanoplots" name="test_gt_q_3[num2-3.0]" time="0.001" /><testcase classname="tests.test__utils_nanoplots" name="test_gt_q_3[num3-4.0]" time="0.001" /><testcase classname="tests.test__utils_nanoplots" name="test_gt_q_3[num4-3.0]" time="0.001" /><testcase classname="tests.test__utils_nanoplots" name="test_gt_q_3[num5-4.0]" time="0.001" /><testcase classname="tests.test__utils_nanoplots" name="test_gt_q_3[num6-3.0]" time="0.001" /><testcase classname="tests.test__utils_nanoplots" name="test_gt_q_3[num7-5.0]" time="0.001" /><testcase classname="tests.test__utils_nanoplots" name="test_gt_q_3[num8-1.0]" time="0.001" /><testcase classname="tests.test__utils_nanoplots" name="test_gt_q_3[num9-530000000.0]" time="0.001" /><testcase classname="tests.test__utils_nanoplots" name="test_flatten_list[lst0-dst0]" time="0.004" /><testcase classname="tests.test__utils_nanoplots" name="test_flatten_list[lst1-dst1]" time="0.001" /><testcase classname="tests.test__utils_nanoplots" name="test_flatten_list[lst2-dst2]" time="0.001" /><testcase classname="tests.test__utils_nanoplots" name="test_flatten_list[lst3-dst3]" time="0.002" /><testcase classname="tests.test__utils_nanoplots" name="test_flatten_list[lst4-dst4]" time="0.001" /><testcase classname="tests.test__utils_nanoplots" name="test_flatten_list[lst5-dst5]" time="0.001" /><testcase classname="tests.test__utils_nanoplots" name="test_flatten_list[lst6-dst6]" time="0.001" /><testcase classname="tests.test__utils_nanoplots" name="test_flatten_list[lst7-dst7]" time="0.001" /><testcase classname="tests.test__utils_nanoplots" name="test_get_extreme_value[lst0-min-1]" time="0.014" /><testcase classname="tests.test__utils_nanoplots" name="test_get_extreme_value[lst1-max-1]" time="0.001" /><testcase classname="tests.test__utils_nanoplots" name="test_get_extreme_value[lst2-min-1]" time="0.001" /><testcase classname="tests.test__utils_nanoplots" name="test_get_extreme_value[lst3-max-1]" time="0.001" /><testcase classname="tests.test__utils_nanoplots" name="test_get_extreme_value[lst4-min-1]" time="0.001" /><testcase classname="tests.test__utils_nanoplots" name="test_get_extreme_value[lst5-max-5.6]" time="0.002" /><testcase classname="tests.test__utils_nanoplots" name="test_get_extreme_value[lst6-min-1]" time="0.001" /><testcase classname="tests.test__utils_nanoplots" name="test_get_extreme_value[lst7-max-5.6]" time="0.001" /><testcase classname="tests.test__utils_nanoplots" name="test_get_extreme_value[lst8-min-0.5]" time="0.001" /><testcase classname="tests.test__utils_nanoplots" name="test_get_extreme_value[lst9-max-9.2]" time="0.001" /><testcase classname="tests.test__utils_nanoplots" name="test_get_extreme_value[lst10-min-1]" time="0.001" /><testcase classname="tests.test__utils_nanoplots" name="test_get_extreme_value[lst11-max-3]" time="0.001" /><testcase classname="tests.test__utils_nanoplots" name="test_get_extreme_value[lst12-min--13.2]" time="0.001" /><testcase classname="tests.test__utils_nanoplots" name="test_get_extreme_value[lst13-max-14.3]" time="0.002" /><testcase classname="tests.test__utils_nanoplots" name="test_generate_ref_line_from_keyword[num0-mean-1]" time="0.005" /><testcase classname="tests.test__utils_nanoplots" name="test_generate_ref_line_from_keyword[num1-median-1]" time="0.001" /><testcase classname="tests.test__utils_nanoplots" name="test_generate_ref_line_from_keyword[num2-min-1]" time="0.001" /><testcase classname="tests.test__utils_nanoplots" name="test_generate_ref_line_from_keyword[num3-max-1]" time="0.001" /><testcase classname="tests.test__utils_nanoplots" name="test_generate_ref_line_from_keyword[num4-q1-1]" time="0.001" /><testcase classname="tests.test__utils_nanoplots" name="test_generate_ref_line_from_keyword[num5-q3-1]" time="0.001" /><testcase classname="tests.test__utils_nanoplots" name="test_generate_ref_line_from_keyword[num6-mean-3.3]" time="0.001" /><testcase classname="tests.test__utils_nanoplots" name="test_generate_ref_line_from_keyword[num7-median-3.3]" time="0.001" /><testcase classname="tests.test__utils_nanoplots" name="test_generate_ref_line_from_keyword[num8-min-1]" time="0.001" /><testcase classname="tests.test__utils_nanoplots" name="test_generate_ref_line_from_keyword[num9-max-5.6]" time="0.001" /><testcase classname="tests.test__utils_nanoplots" name="test_generate_ref_line_from_keyword[num10-q1-1]" time="0.001" /><testcase classname="tests.test__utils_nanoplots" name="test_generate_ref_line_from_keyword[num11-q3-5.6]" time="0.001" /><testcase classname="tests.test__utils_nanoplots" name="test_generate_ref_line_from_keyword[num12-mean-3.2436363636363637]" time="0.001" /><testcase classname="tests.test__utils_nanoplots" name="test_generate_ref_line_from_keyword[num13-median-2.2]" time="0.001" /><testcase classname="tests.test__utils_nanoplots" name="test_generate_ref_line_from_keyword[num14-min--13.2]" time="0.002" /><testcase classname="tests.test__utils_nanoplots" name="test_generate_ref_line_from_keyword[num15-max-25.3]" time="0.001" /><testcase classname="tests.test__utils_nanoplots" name="test_generate_ref_line_from_keyword[num16-q1--3.1]" time="0.001" /><testcase classname="tests.test__utils_nanoplots" name="test_generate_ref_line_from_keyword[num17-q3-6.23]" time="0.001" /><testcase classname="tests.test__utils_nanoplots" name="test_nanoplot_out_data_lines" time="0.090" /><testcase classname="tests.test__utils_nanoplots" name="test_nanoplot_out_with_num_ref_line" time="0.036" /><testcase classname="tests.test__utils_nanoplots" name="test_nanoplot_out_with_kword_ref_line" time="0.033" /><testcase classname="tests.test__utils_nanoplots" name="test_nanoplot_out_with_num_ref_area" time="0.032" /><testcase classname="tests.test__utils_nanoplots" name="test_nanoplot_out_with_num_ref_area_rev" time="0.023" /><testcase classname="tests.test__utils_nanoplots" name="test_nanoplot_out_with_kword_ref_area" time="0.034" /><testcase classname="tests.test__utils_nanoplots" name="test_nanoplot_out_with_kword_ref_area_rev" time="0.024" /><testcase classname="tests.test__utils_nanoplots" name="test_nanoplot_out_with_mixed_ref_area_1" time="0.034" /><testcase classname="tests.test__utils_nanoplots" name="test_nanoplot_out_with_mixed_ref_area_2" time="0.033" /><testcase classname="tests.test__utils_nanoplots" name="test_nanoplot_out_with_ref_line_and_area" time="0.041" /><testcase classname="tests.test__utils_nanoplots" name="test_nanoplot_out_data_bars" time="0.021" /><testcase classname="tests.test__utils_nanoplots" name="test_nanoplot_out_bars_with_num_ref_line" time="0.023" /><testcase classname="tests.test__utils_nanoplots" name="test_nanoplot_out_bars_with_kword_ref_line" time="0.029" /><testcase classname="tests.test__utils_nanoplots" name="test_nanoplot_out_bars_with_num_ref_area" time="0.024" /><testcase classname="tests.test__utils_nanoplots" name="test_nanoplot_out_bars_with_kword_ref_area" time="0.028" /><testcase classname="tests.test__utils_nanoplots" name="test_nanoplot_out_bars_with_mixed_ref_area_1" time="0.024" /><testcase classname="tests.test__utils_nanoplots" name="test_nanoplot_out_bars_with_mixed_ref_area_2" time="0.023" /><testcase classname="tests.test__utils_nanoplots" name="test_nanoplot_out_bars_with_ref_line_and_area" time="0.028" /><testcase classname="tests.test__utils_nanoplots" name="test_nanoplot_out_horizontal_line" time="0.010" /><testcase classname="tests.test__utils_nanoplots" name="test_nanoplot_out_horizontal_line_non_incl" time="0.012" /><testcase classname="tests.test__utils_nanoplots" name="test_nanoplot_out_horizontal_bar" time="0.008" /><testcase classname="tests.test__utils_nanoplots" name="test_nanoplot_out_horizontal_bar_non_incl" time="0.009" /><testcase classname="tests.test__utils_nanoplots" name="test_nanoplot_out_data_lines_x_vals" time="0.015" /><testcase classname="tests.test__utils_nanoplots" name="test_nanoplot_out_data_lines_x_vals_empty" time="0.002" /><testcase classname="tests.test__utils_nanoplots" name="test_nanoplot_x_y_vals_diff_length" time="0.001" /><testcase classname="tests.test__utils_nanoplots" name="test_nanoplot_unknown_plot_type" time="0.007"><skipped type="pytest.xfail" message="" /></testcase><testcase classname="tests.test__utils_nanoplots" name="test_generate_nanoplot_interactive_data_values_toggles_hover_css[True]" time="0.019" /><testcase classname="tests.test__utils_nanoplots" name="test_generate_nanoplot_interactive_data_values_toggles_hover_css[False]" time="0.007" /><testcase classname="tests.test__utils_nanoplots" name="test_is_intlike[0-True]" time="0.005" /><testcase classname="tests.test__utils_nanoplots" name="test_is_intlike[0.0-True]" time="0.003" /><testcase classname="tests.test__utils_nanoplots" name="test_is_intlike[1-True]" time="0.001" /><testcase classname="tests.test__utils_nanoplots" name="test_is_intlike[1.0-True]" time="0.001" /><testcase classname="tests.test__utils_nanoplots" name="test_is_intlike[-12-True0]" time="0.001" /><testcase classname="tests.test__utils_nanoplots" name="test_is_intlike[-12.0-True]" time="0.001" /><testcase classname="tests.test__utils_nanoplots" name="test_is_intlike[-12-True1]" time="0.001" /><testcase classname="tests.test__utils_nanoplots" name="test_is_intlike[\u221212-True]" time="0.002" /><testcase classname="tests.test__utils_nanoplots" name="test_is_intlike[n8-True]" time="0.002" /><testcase classname="tests.test__utils_nanoplots" name="test_is_intlike[n9-True]" time="0.001" /><testcase classname="tests.test__utils_nanoplots" name="test_is_intlike[2.151515-False]" time="0.001" /><testcase classname="tests.test__utils_nanoplots" name="test_is_intlike[-12.49849-False0]" time="0.001" /><testcase classname="tests.test__utils_nanoplots" name="test_is_intlike[-12.49849-False1]" time="0.001" /><testcase classname="tests.test__utils_nanoplots" name="test_is_intlike[\u221212.49849-False]" time="0.001" /><testcase classname="tests.test__utils_nanoplots" name="test_is_intlike[n14-False]" time="0.002" /><testcase classname="tests.test__utils_nanoplots" name="test_is_intlike[abc-False]" time="0.003" /><testcase classname="tests.test__utils_nanoplots" name="test_is_intlike[n16-False]" time="0.002" /><testcase classname="tests.test__utils_nanoplots" name="test_is_intlike[n17-False]" time="0.001" /><testcase classname="tests.test__utils_nanoplots" name="test_is_intlike[n18-False]" time="0.001" /><testcase classname="tests.test__utils_nanoplots" name="test_is_intlike[n19-False]" time="0.002" /><testcase classname="tests.test__utils_nanoplots" name="test_get_n_intlike[nums0-5]" time="0.005" /><testcase classname="tests.test__utils_nanoplots" name="test_get_n_intlike[nums1-0]" time="0.001" /><testcase classname="tests.test__utils_nanoplots" name="test_remove_exponent[1.0-1]" time="0.004" /><testcase classname="tests.test__utils_nanoplots" name="test_remove_exponent[2.0-2]" time="0.003" /><testcase classname="tests.test__utils_nanoplots" name="test_remove_exponent[3.0-3]" time="0.001" /><testcase classname="tests.test__utils_nanoplots" name="test_remove_exponent[n3-4]" time="0.001" /><testcase classname="tests.test__utils_nanoplots" name="test_remove_exponent[-5.0--5]" time="0.001" /><testcase classname="tests.test__utils_nanoplots" name="test_remove_exponent[\u22125.0--5]" time="0.001" /><testcase classname="tests.test__utils_nanoplots" name="test_remove_exponent[-7.04K--7.04K]" time="0.001" /><testcase classname="tests.test__utils_nanoplots" name="test_noerror_list_of_strings" time="0.039" /><testcase classname="tests.test__utils_nanoplots" name="test_nanoplot_options_interactive_data_values" time="0.004" /><testcase classname="tests.test__utils_nanoplots" name="test_nanoplot_nan_missing_vals[line-gap]" time="0.013" /><testcase classname="tests.test__utils_nanoplots" name="test_nanoplot_nan_missing_vals[line-marker]" time="0.008" /><testcase classname="tests.test__utils_nanoplots" name="test_nanoplot_nan_missing_vals[line-zero]" time="0.008" /><testcase classname="tests.test__utils_nanoplots" name="test_nanoplot_nan_missing_vals[line-remove]" time="0.009" /><testcase classname="tests.test__utils_nanoplots" name="test_nanoplot_nan_missing_vals[bar-gap]" time="0.010" /><testcase classname="tests.test__utils_nanoplots" name="test_nanoplot_nan_missing_vals[bar-marker]" time="0.007" /><testcase classname="tests.test__utils_nanoplots" name="test_nanoplot_nan_missing_vals[bar-zero]" time="0.009" /><testcase classname="tests.test__utils_nanoplots" name="test_nanoplot_nan_missing_vals[bar-remove]" time="0.008" /><testcase classname="tests.test__utils_nanoplots" name="test_nanoplot_gap_creates_segments_curved" time="0.016" /><testcase classname="tests.test__utils_nanoplots" name="test_nanoplot_gap_creates_segments_straight" time="0.013" /><testcase classname="tests.test__utils_nanoplots" name="test_nanoplot_gap_bar_skips_nan" time="0.027" /><testcase classname="tests.test__utils_nanoplots" name="test_nanoplot_marker_shows_red_circles" time="0.011" /><testcase classname="tests.test__utils_nanoplots" name="test_nanoplot_zero_replaces_nan" time="0.012" /><testcase classname="tests.test__utils_nanoplots" name="test_nanoplot_remove_drops_nan" time="0.021" /><testcase classname="tests.test__utils_selenium" name="test_no_op_callable" time="0.008" /><testcase classname="tests.test__utils_selenium" name="test_get_web_driver[chrome-_ChromeWebDriver]" time="0.010" /><testcase classname="tests.test__utils_selenium" name="test_get_web_driver[safari-_SafariWebDriver]" time="0.001" /><testcase classname="tests.test__utils_selenium" name="test_get_web_driver[firefox-_FirefoxWebDriver]" time="0.001" /><testcase classname="tests.test__utils_selenium" name="test_get_web_driver[edge-_EdgeWebDriver]" time="0.001" /><testcase classname="tests.test__utils_selenium" name="test_get_web_driver_raise" time="0.004" /><testcase classname="tests.test_boxhead" name="test_cols_label" time="0.016" /><testcase classname="tests.test_boxhead" name="test_cols_label_mix_cases_kwargs" time="0.005" /><testcase classname="tests.test_boxhead" name="test_cols_label_units_text" time="0.017" /><testcase classname="tests.test_boxhead" name="test_cols_label_rotate" time="0.086" /><testcase classname="tests.test_boxhead" name="test_cols_label_rotate_align_fails" time="0.005" /><testcase classname="tests.test_boxhead" name="test_cols_label_rotate_dir_fails" time="0.006" /><testcase classname="tests.test_boxhead" name="test_cols_label_rotate_align_default" time="0.009" /><testcase classname="tests.test_boxhead" name="test_final_columns_stub_move_to_beginning" time="0.011" /><testcase classname="tests.test_boxhead" name="test_final_columns_hidden_columns_removed" time="0.175" /><testcase classname="tests.test_boxhead" name="test_final_columns_row_and_group_cols_handled" time="0.069" /><testcase classname="tests.test_boxhead" name="test_final_columns_hidden_and_row_group_cols_handled" time="0.014" /><testcase classname="tests.test_cols_merge.TestReplaceNa" name="test_replace_na_with_none" time="0.054" /><testcase classname="tests.test_cols_merge.TestReplaceNa" name="test_replace_na_with_nan" time="0.002" /><testcase classname="tests.test_cols_merge.TestReplaceNa" name="test_replace_na_with_float_nan" time="0.006" /><testcase classname="tests.test_cols_merge.TestReplaceNa" name="test_replace_na_preserves_non_missing" time="0.002" /><testcase classname="tests.test_cols_merge.TestReplaceNa" name="test_replace_na_empty" time="0.003" /><testcase classname="tests.test_cols_merge.TestReplaceNa" name="test_replace_na_single_value" time="0.012" /><testcase classname="tests.test_cols_merge.TestReplaceNa" name="test_replace_na_all_missing" time="0.002" /><testcase classname="tests.test_cols_merge.TestMergePattern" name="test_simple_merge" time="0.007" /><testcase classname="tests.test_cols_merge.TestMergePattern" name="test_merge_with_separator" time="0.005" /><testcase classname="tests.test_cols_merge.TestMergePattern" name="test_merge_with_none_value" time="0.005" /><testcase classname="tests.test_cols_merge.TestMergePattern" name="test_merge_with_all_present" time="0.003" /><testcase classname="tests.test_cols_merge.TestMergePattern" name="test_nested_conditionals" time="0.007" /><testcase classname="tests.test_cols_merge.TestMergePattern" name="test_merge_three_columns" time="0.002" /><testcase classname="tests.test_cols_merge.TestColMergeInfoUnit" name="test_creation" time="0.011" /><testcase classname="tests.test_cols_merge.TestColMergeInfoUnit" name="test_pattern_columns_extraction" time="0.006" /><testcase classname="tests.test_cols_merge.TestColMergeInfoUnit" name="test_validate_pattern_success" time="0.002" /><testcase classname="tests.test_cols_merge.TestColMergeInfoUnit" name="test_validate_pattern_zero_index_valid" time="0.001" /><testcase classname="tests.test_cols_merge.TestColMergeInfoUnit" name="test_validate_pattern_out_of_range_raises" time="0.004" /><testcase classname="tests.test_cols_merge.TestColMergeInfoUnit" name="test_merge_simple" time="0.002" /><testcase classname="tests.test_cols_merge.TestColMergeInfoUnit" name="test_merge_with_separator" time="0.003" /><testcase classname="tests.test_cols_merge.TestColMergeInfoUnit" name="test_merge_conditional_missing" time="0.004" /><testcase classname="tests.test_cols_merge.TestColMergeInfoUnit" name="test_merge_nested_conditionals" time="0.008" /><testcase classname="tests.test_cols_merge.TestColMergeInfoUnit" name="test_merge_three_values" time="0.002" /><testcase classname="tests.test_cols_merge.TestColMergeInfoUnit" name="test_merge_column_subset_in_pattern" time="0.004" /><testcase classname="tests.test_cols_merge.TestColsMergeIntegration" name="test_basic" time="0.052" /><testcase classname="tests.test_cols_merge.TestColsMergeIntegration" name="test_custom_pattern" time="0.019" /><testcase classname="tests.test_cols_merge.TestColsMergeIntegration" name="test_three_columns" time="0.021" /><testcase classname="tests.test_cols_merge.TestColsMergeIntegration" name="test_subset_of_columns" time="0.044" /><testcase classname="tests.test_cols_merge.TestColsMergeIntegration" name="test_hiding_default" time="0.013" /><testcase classname="tests.test_cols_merge.TestColsMergeIntegration" name="test_hiding_false" time="0.008" /><testcase classname="tests.test_cols_merge.TestColsMergeIntegration" name="test_specific_rows" time="0.018" /><testcase classname="tests.test_cols_merge.TestColsMergeIntegration" name="test_multiple_operations" time="0.026" /><testcase classname="tests.test_cols_merge.TestColsMergeIntegration" name="test_with_missing_values" time="0.026" /><testcase classname="tests.test_cols_merge.TestColsMergeIntegration" name="test_nested_conditionals" time="0.027" /><testcase classname="tests.test_cols_merge.TestColsMergeIntegration" name="test_minimum_columns_error" time="0.004" /><testcase classname="tests.test_cols_merge.TestColsMergeIntegration" name="test_invalid_pattern_reference" time="0.003" /><testcase classname="tests.test_cols_merge.TestColsMergeIntegration" name="test_zero_based_indexing" time="0.016" /><testcase classname="tests.test_cols_merge.TestColsMergeIntegration" name="test_preserves_formatting" time="0.018" /><testcase classname="tests.test_cols_merge.TestColsMergeIntegration" name="test_with_sub_missing" time="0.048" /><testcase classname="tests.test_cols_merge.TestColsMergeIntegration" name="test_with_formatted_values" time="0.016" /><testcase classname="tests.test_cols_merge.TestColsMergeUncert" name="test_basic_symmetric" time="0.035" /><testcase classname="tests.test_cols_merge.TestColsMergeUncert" name="test_na_in_val" time="0.009" /><testcase classname="tests.test_cols_merge.TestColsMergeUncert" name="test_na_in_uncert" time="0.013" /><testcase classname="tests.test_cols_merge.TestColsMergeUncert" name="test_custom_sep" time="0.017" /><testcase classname="tests.test_cols_merge.TestColsMergeUncert" name="test_autohide_true" time="0.011" /><testcase classname="tests.test_cols_merge.TestColsMergeUncert" name="test_autohide_false" time="0.012" /><testcase classname="tests.test_cols_merge.TestColsMergeUncert" name="test_asymmetric_uncertainty" time="0.018" /><testcase classname="tests.test_cols_merge.TestColsMergeUncert" name="test_with_polars" time="0.010" /><testcase classname="tests.test_cols_merge.TestColsMergeUncert" name="test_invalid_col_val" time="0.004" /><testcase classname="tests.test_cols_merge.TestColsMergeUncert" name="test_with_rows" time="0.015" /><testcase classname="tests.test_cols_merge.TestColsMergeUncert" name="test_chaining_two_uncert_merges" time="0.033" /><testcase classname="tests.test_cols_merge.TestColsMergeUncert" name="test_asymmetric_all_na_combinations" time="0.023" /><testcase classname="tests.test_cols_merge.TestColsMergeUncert" name="test_symmetric_when_bounds_equal" time="0.007" /><testcase classname="tests.test_cols_merge.TestColsMergeRange" name="test_basic" time="0.031" /><testcase classname="tests.test_cols_merge.TestColsMergeRange" name="test_na_in_begin" time="0.012" /><testcase classname="tests.test_cols_merge.TestColsMergeRange" name="test_na_in_end" time="0.015" /><testcase classname="tests.test_cols_merge.TestColsMergeRange" name="test_na_in_both" time="0.011" /><testcase classname="tests.test_cols_merge.TestColsMergeRange" name="test_custom_sep" time="0.017" /><testcase classname="tests.test_cols_merge.TestColsMergeRange" name="test_sep_en_dash" time="0.012" /><testcase classname="tests.test_cols_merge.TestColsMergeRange" name="test_sep_em_dash" time="0.013" /><testcase classname="tests.test_cols_merge.TestColsMergeRange" name="test_autohide_true" time="0.011" /><testcase classname="tests.test_cols_merge.TestColsMergeRange" name="test_autohide_false" time="0.016" /><testcase classname="tests.test_cols_merge.TestColsMergeRange" name="test_with_polars" time="0.010" /><testcase classname="tests.test_cols_merge.TestColsMergeRange" name="test_invalid_col_begin" time="0.004" /><testcase classname="tests.test_cols_merge.TestColsMergeRange" name="test_with_formatted_values" time="0.011" /><testcase classname="tests.test_cols_merge.TestColsMergeRange" name="test_chaining_two_range_merges" time="0.018" /><testcase classname="tests.test_cols_merge.TestColsMergeRange" name="test_equal_values" time="0.010" /><testcase classname="tests.test_cols_merge.TestColsMergeRange" name="test_with_rows" time="0.008" /><testcase classname="tests.test_cols_merge.TestColsMergeNPct" name="test_basic" time="0.029" /><testcase classname="tests.test_cols_merge.TestColsMergeNPct" name="test_na_in_n" time="0.011" /><testcase classname="tests.test_cols_merge.TestColsMergeNPct" name="test_na_in_pct" time="0.016" /><testcase classname="tests.test_cols_merge.TestColsMergeNPct" name="test_na_in_both" time="0.008" /><testcase classname="tests.test_cols_merge.TestColsMergeNPct" name="test_zero_in_n" time="0.017" /><testcase classname="tests.test_cols_merge.TestColsMergeNPct" name="test_autohide_true" time="0.015" /><testcase classname="tests.test_cols_merge.TestColsMergeNPct" name="test_autohide_false" time="0.013" /><testcase classname="tests.test_cols_merge.TestColsMergeNPct" name="test_with_polars" time="0.008" /><testcase classname="tests.test_cols_merge.TestColsMergeNPct" name="test_with_fmt_percent" time="0.019" /><testcase classname="tests.test_cols_merge.TestColsMergeNPct" name="test_invalid_col_n" time="0.004" /><testcase classname="tests.test_cols_merge.TestColsMergeNPct" name="test_with_rows" time="0.014" /><testcase classname="tests.test_cols_merge.TestColsMergeNPct" name="test_comprehensive_na_zero_matrix" time="0.016" /><testcase classname="tests.test_cols_merge.TestColsMergeNPct" name="test_chaining_n_pct_and_range" time="0.014" /><testcase classname="tests.test_datasets" name="test_datasets[countrypops]" time="0.008" /><testcase classname="tests.test_datasets" name="test_datasets[sza]" time="0.002" /><testcase classname="tests.test_datasets" name="test_datasets[gtcars]" time="0.001" /><testcase classname="tests.test_datasets" name="test_datasets[sp500]" time="0.001" /><testcase classname="tests.test_datasets" name="test_datasets[pizzaplace]" time="0.001" /><testcase classname="tests.test_datasets" name="test_datasets[exibble]" time="0.001" /><testcase classname="tests.test_datasets" name="test_datasets[towny]" time="0.001" /><testcase classname="tests.test_datasets" name="test_datasets[peeps]" time="0.001" /><testcase classname="tests.test_datasets" name="test_datasets[films]" time="0.001" /><testcase classname="tests.test_datasets" name="test_datasets[metro]" time="0.002" /><testcase classname="tests.test_datasets" name="test_datasets[gibraltar]" time="0.001" /><testcase classname="tests.test_datasets" name="test_datasets[constants]" time="0.001" /><testcase classname="tests.test_datasets" name="test_datasets[illness]" time="0.001" /><testcase classname="tests.test_datasets" name="test_datasets[reactions]" time="0.001" /><testcase classname="tests.test_datasets" name="test_datasets[photolysis]" time="0.001" /><testcase classname="tests.test_datasets" name="test_datasets[nuclides]" time="0.001" /><testcase classname="tests.test_datasets" name="test_datasets_pd_namespace[countrypops]" time="0.078" /><testcase classname="tests.test_datasets" name="test_datasets_pd_namespace[sza]" time="0.004" /><testcase classname="tests.test_datasets" name="test_datasets_pd_namespace[gtcars]" time="0.006" /><testcase classname="tests.test_datasets" name="test_datasets_pd_namespace[sp500]" time="0.048" /><testcase classname="tests.test_datasets" name="test_datasets_pd_namespace[pizzaplace]" time="0.118" /><testcase classname="tests.test_datasets" name="test_datasets_pd_namespace[exibble]" time="0.005" /><testcase classname="tests.test_datasets" name="test_datasets_pd_namespace[towny]" time="0.018" /><testcase classname="tests.test_datasets" name="test_datasets_pd_namespace[peeps]" time="0.005" /><testcase classname="tests.test_datasets" name="test_datasets_pd_namespace[films]" time="0.028" /><testcase classname="tests.test_datasets" name="test_datasets_pd_namespace[metro]" time="0.004" /><testcase classname="tests.test_datasets" name="test_datasets_pd_namespace[gibraltar]" time="0.006" /><testcase classname="tests.test_datasets" name="test_datasets_pd_namespace[constants]" time="0.005" /><testcase classname="tests.test_datasets" name="test_datasets_pd_namespace[illness]" time="0.004" /><testcase classname="tests.test_datasets" name="test_datasets_pd_namespace[reactions]" time="0.034" /><testcase classname="tests.test_datasets" name="test_datasets_pd_namespace[photolysis]" time="0.005" /><testcase classname="tests.test_datasets" name="test_datasets_pd_namespace[nuclides]" time="0.049" /><testcase classname="tests.test_datasets" name="test_datasets_pl_namespace[countrypops]" time="0.070" /><testcase classname="tests.test_datasets" name="test_datasets_pl_namespace[sza]" time="0.003" /><testcase classname="tests.test_datasets" name="test_datasets_pl_namespace[gtcars]" time="0.003" /><testcase classname="tests.test_datasets" name="test_datasets_pl_namespace[sp500]" time="0.009" /><testcase classname="tests.test_datasets" name="test_datasets_pl_namespace[pizzaplace]" time="0.017" /><testcase classname="tests.test_datasets" name="test_datasets_pl_namespace[exibble]" time="0.001" /><testcase classname="tests.test_datasets" name="test_datasets_pl_namespace[towny]" time="0.003" /><testcase classname="tests.test_datasets" name="test_datasets_pl_namespace[peeps]" time="0.003" /><testcase classname="tests.test_datasets" name="test_datasets_pl_namespace[films]" time="0.010" /><testcase classname="tests.test_datasets" name="test_datasets_pl_namespace[metro]" time="0.001" /><testcase classname="tests.test_datasets" name="test_datasets_pl_namespace[gibraltar]" time="0.002" /><testcase classname="tests.test_datasets" name="test_datasets_pl_namespace[constants]" time="0.002" /><testcase classname="tests.test_datasets" name="test_datasets_pl_namespace[illness]" time="0.003" /><testcase classname="tests.test_datasets" name="test_datasets_pl_namespace[reactions]" time="0.005" /><testcase classname="tests.test_datasets" name="test_datasets_pl_namespace[photolysis]" time="0.002" /><testcase classname="tests.test_datasets" name="test_datasets_pl_namespace[nuclides]" time="0.009" /><testcase classname="tests.test_datasets" name="test_datasets_pd_pl_same_shape[countrypops]" time="0.006" /><testcase classname="tests.test_datasets" name="test_datasets_pd_pl_same_shape[sza]" time="0.001" /><testcase classname="tests.test_datasets" name="test_datasets_pd_pl_same_shape[gtcars]" time="0.001" /><testcase classname="tests.test_datasets" name="test_datasets_pd_pl_same_shape[sp500]" time="0.004" /><testcase classname="tests.test_datasets" name="test_datasets_pd_pl_same_shape[pizzaplace]" time="0.001" /><testcase classname="tests.test_datasets" name="test_datasets_pd_pl_same_shape[exibble]" time="0.001" /><testcase classname="tests.test_datasets" name="test_datasets_pd_pl_same_shape[towny]" time="0.001" /><testcase classname="tests.test_datasets" name="test_datasets_pd_pl_same_shape[peeps]" time="0.002" /><testcase classname="tests.test_datasets" name="test_datasets_pd_pl_same_shape[films]" time="0.001" /><testcase classname="tests.test_datasets" name="test_datasets_pd_pl_same_shape[metro]" time="0.001" /><testcase classname="tests.test_datasets" name="test_datasets_pd_pl_same_shape[gibraltar]" time="0.004" /><testcase classname="tests.test_datasets" name="test_datasets_pd_pl_same_shape[constants]" time="0.001" /><testcase classname="tests.test_datasets" name="test_datasets_pd_pl_same_shape[illness]" time="0.001" /><testcase classname="tests.test_datasets" name="test_datasets_pd_pl_same_shape[reactions]" time="0.001" /><testcase classname="tests.test_datasets" name="test_datasets_pd_pl_same_shape[photolysis]" time="0.001" /><testcase classname="tests.test_datasets" name="test_datasets_pd_pl_same_shape[nuclides]" time="0.001" /><testcase classname="tests.test_datasets" name="test_pd_namespace_caches_results" time="0.004" /><testcase classname="tests.test_datasets" name="test_pl_namespace_caches_results" time="0.002" /><testcase classname="tests
[...]
eric_types[Int64-numeric]" time="0.004" /><testcase classname="tests.test_tbl_data_align.TestClassifyDtypePolars" name="test_numeric_types[Int32-numeric]" time="0.003" /><testcase classname="tests.test_tbl_data_align.TestClassifyDtypePolars" name="test_numeric_types[UInt8-numeric]" time="0.001" /><testcase classname="tests.test_tbl_data_align.TestClassifyDtypePolars" name="test_numeric_types[UInt64-numeric]" time="0.004" /><testcase classname="tests.test_tbl_data_align.TestClassifyDtypePolars" name="test_numeric_types[Float64-numeric]" time="0.001" /><testcase classname="tests.test_tbl_data_align.TestClassifyDtypePolars" name="test_numeric_types[Float32-numeric]" time="0.003" /><testcase classname="tests.test_tbl_data_align.TestClassifyDtypePolars" name="test_string_type" time="0.006" /><testcase classname="tests.test_tbl_data_align.TestClassifyDtypePolars" name="test_bool_type" time="0.004" /><testcase classname="tests.test_tbl_data_align.TestClassifyDtypePolars" name="test_date_type" time="0.015" /><testcase classname="tests.test_tbl_data_align.TestClassifyDtypePolars" name="test_datetime_type" time="0.014" /><testcase classname="tests.test_tbl_data_align.TestClassifyDtypePyArrow" name="test_numeric_types[pyarrow_type0-numeric]" time="0.004" /><testcase classname="tests.test_tbl_data_align.TestClassifyDtypePyArrow" name="test_numeric_types[pyarrow_type1-numeric]" time="0.001" /><testcase classname="tests.test_tbl_data_align.TestClassifyDtypePyArrow" name="test_numeric_types[pyarrow_type2-numeric]" time="0.002" /><testcase classname="tests.test_tbl_data_align.TestClassifyDtypePyArrow" name="test_numeric_types[pyarrow_type3-numeric]" time="0.003" /><testcase classname="tests.test_tbl_data_align.TestClassifyDtypePyArrow" name="test_numeric_types[pyarrow_type4-numeric]" time="0.001" /><testcase classname="tests.test_tbl_data_align.TestClassifyDtypePyArrow" name="test_string_type" time="0.004" /><testcase classname="tests.test_tbl_data_align.TestClassifyDtypePyArrow" name="test_large_string_type" time="0.004" /><testcase classname="tests.test_tbl_data_align.TestClassifyDtypePyArrow" name="test_bool_type" time="0.005" /><testcase classname="tests.test_tbl_data_align.TestClassifyDtypePyArrow" name="test_date_type" time="0.006" /><testcase classname="tests.test_tbl_data_align.TestClassifyDtypePyArrow" name="test_utf8_type" time="0.006" /><testcase classname="tests.test_tbl_data_align.TestNumberLikeDetection" name="test_date_like_strings" time="0.004" /><testcase classname="tests.test_tbl_data_align.TestNumberLikeDetection" name="test_time_like_strings" time="0.005" /><testcase classname="tests.test_tbl_data_align.TestNumberLikeDetection" name="test_mixed_text_not_number_like" time="0.006" /><testcase classname="tests.test_tbl_data_align.TestNumberLikeDetection" name="test_pure_text_not_number_like" time="0.005" /><testcase classname="tests.test_tbl_data_align.TestNumberLikeDetection" name="test_numeric_strings" time="0.016" /><testcase classname="tests.test_tbl_data_align.TestNumberLikeDetection" name="test_empty_strings" time="0.006" /><testcase classname="tests.test_tbl_data_align.TestNumberLikeDetection" name="test_polars_number_like" time="0.003" /><testcase classname="tests.test_tbl_data_align.TestNumberLikeDetection" name="test_pyarrow_number_like" time="0.006" /><testcase classname="tests.test_tbl_data_align.TestNumberLikeDetection" name="test_pyarrow_not_number_like" time="0.009" /><testcase classname="tests.test_tbl_data_align.TestAlignmentMap" name="test_numeric_maps_to_right" time="0.002" /><testcase classname="tests.test_tbl_data_align.TestAlignmentMap" name="test_string_maps_to_left" time="0.002" /><testcase classname="tests.test_tbl_data_align.TestAlignmentMap" name="test_other_maps_to_center" time="0.003" /><testcase classname="tests.test_tbl_data_align.TestAutoAlignIntegration" name="test_pandas_auto_align" time="0.007" /><testcase classname="tests.test_tbl_data_align.TestAutoAlignIntegration" name="test_polars_auto_align" time="0.004" /><testcase classname="tests.test_tbl_data_align.TestAutoAlignIntegration" name="test_auto_align_disabled" time="0.005" /><testcase classname="tests.test_tbl_data_align.TestAutoAlignIntegration" name="test_pandas_date_strings_right_align" time="0.007" /><testcase classname="tests.test_tbl_data_align.TestAutoAlignIntegration" name="test_pandas_mixed_text_left_align" time="0.004" /><testcase classname="tests.test_tbl_data_align.TestAutoAlignIntegration" name="test_pyarrow_auto_align" time="0.006" /><testcase classname="tests.test_tbl_data_align.TestAutoAlignIntegration" name="test_pyarrow_mixed_types" time="0.006" /><testcase classname="tests.test_text" name="test_base_text_class" time="0.011" /><testcase classname="tests.test_text" name="test_text_class" time="0.007" /><testcase classname="tests.test_text" name="test_md_class" time="0.006" /><testcase classname="tests.test_text" name="test_html_class" time="0.006" /><testcase classname="tests.test_text" name="test_latex_escape" time="0.009" /><testcase classname="tests.test_text" name="test_escape_pattern_str_latex" time="0.010" /><testcase classname="tests.test_text" name="test_process_text_html" time="0.019" /><testcase classname="tests.test_text" name="test_process_text_latex" time="0.019" /><testcase classname="tests.test_text" name="test_process_text_raises" time="0.002" /><testcase classname="tests.test_text" name="test_md_latex" time="0.015" /><testcase classname="tests.test_text" name="test_md_html" time="0.019" /><testcase classname="tests.test_text" name="test_html_to_latex_strips_tags" time="0.022" /><testcase classname="tests.test_text" name="test_html_to_latex_escapes_special_chars" time="0.014" /><testcase classname="tests.test_utils" name="test_heading_has_title" time="0.017" /><testcase classname="tests.test_utils" name="test_heading_has_subtitle" time="0.004" /><testcase classname="tests.test_utils" name="test_match_arg" time="0.003" /><testcase classname="tests.test_utils" name="test_match_arg_raises" time="0.012" /><testcase classname="tests.test_utils" name="test_assert_str_scalar" time="0.014" /><testcase classname="tests.test_utils" name="test_assert_str_scalar_raises" time="0.003" /><testcase classname="tests.test_utils" name="test_assert_str_list" time="0.002" /><testcase classname="tests.test_utils" name="test_assert_str_list_raises" time="0.007" /><testcase classname="tests.test_utils" name="test_assert_str_in_set" time="0.002" /><testcase classname="tests.test_utils" name="test_assert_str_in_set_raises" time="0.004" /><testcase classname="tests.test_utils" name="test_assert_list_is_subset" time="0.001" /><testcase classname="tests.test_utils" name="test_assert_list_is_subset_raises" time="0.005" /><testcase classname="tests.test_utils" name="test_str_scalar_to_list" time="0.005" /><testcase classname="tests.test_utils" name="test_orderedSet" time="0.019" /><testcase classname="tests.test_utils" name="test_create_ordered_list[iterable0-ordered_list0]" time="0.005" /><testcase classname="tests.test_utils" name="test_create_ordered_list[iterable1-ordered_list1]" time="0.001" /><testcase classname="tests.test_utils" name="test_create_ordered_list[iterable2-ordered_list2]" time="0.001" /><testcase classname="tests.test_utils" name="test_create_ordered_list[iterable3-ordered_list3]" time="0.001" /><testcase classname="tests.test_utils" name="test_collapse_list_elements" time="0.006" /><testcase classname="tests.test_utils" name="test_insert_into_list" time="0.006" /><testcase classname="tests.test_utils" name="test_seq_groups[a-grouped0]" time="0.006" /><testcase classname="tests.test_utils" name="test_seq_groups[abc-grouped1]" time="0.001" /><testcase classname="tests.test_utils" name="test_seq_groups[aabbcc-grouped2]" time="0.001" /><testcase classname="tests.test_utils" name="test_seq_groups[aabbccd-grouped3]" time="0.001" /><testcase classname="tests.test_utils" name="test_seq_groups[seq4-grouped4]" time="0.001" /><testcase classname="tests.test_utils" name="test_seq_groups[seq5-grouped5]" time="0.003" /><testcase classname="tests.test_utils" name="test_seq_groups[seq6-grouped6]" time="0.001" /><testcase classname="tests.test_utils" name="test_seq_groups[&lt;genexpr&gt;-grouped7]" time="0.001" /><testcase classname="tests.test_utils" name="test_seq_groups[seq8-grouped8]" time="0.001" /><testcase classname="tests.test_utils" name="test_seq_groups[seq9-grouped9]" time="0.001" /><testcase classname="tests.test_utils" name="test_seq_groups[seq10-grouped10]" time="0.001" /><testcase classname="tests.test_utils" name="test_seq_groups[seq11-grouped11]" time="0.001" /><testcase classname="tests.test_utils" name="test_seq_groups[seq12-grouped12]" time="0.001" /><testcase classname="tests.test_utils" name="test_seq_groups[seq13-grouped13]" time="0.003" /><testcase classname="tests.test_utils" name="test_seq_groups_raises" time="0.004" /><testcase classname="tests.test_utils" name="test_migrate_unformatted_to_output_latex" time="0.027" /><testcase classname="tests.test_utils" name="test_migrate_unformatted_to_output_html" time="0.017" /><testcase classname="tests.test_utils" name="test_is_valid_http_schema[http://posit.co/]" time="0.003" /><testcase classname="tests.test_utils" name="test_is_valid_http_schema[http://posit.co]" time="0.001" /><testcase classname="tests.test_utils" name="test_is_valid_http_schema[https://posit.co/]" time="0.001" /><testcase classname="tests.test_utils" name="test_is_valid_http_schema[https://posit.co]" time="0.001" /><testcase classname="tests.test_utils" name="test_str_detect_align_right_pattern[int16-True]" time="0.005" /><testcase classname="tests.test_utils" name="test_str_detect_align_right_pattern[uint8-True]" time="0.001" /><testcase classname="tests.test_utils" name="test_str_detect_align_right_pattern[float32-True]" time="0.001" /><testcase classname="tests.test_utils" name="test_str_detect_align_right_pattern[date-True]" time="0.001" /><testcase classname="tests.test_utils" name="test_str_detect_align_right_pattern[datetime-True]" time="0.001" /><testcase classname="tests.test_utils" name="test_str_detect_align_right_pattern[string-False]" time="0.001" /><testcase classname="tests.test_utils" name="test_str_detect_align_right_pattern[object-False]" time="0.001" /><testcase classname="tests.test_utils" name="test_str_detect_align_right_pattern[utf8-False]" time="0.001" /><testcase classname="tests.test_utils" name="test_str_detect_align_right_pattern[bool-False]" time="0.001" /><testcase classname="tests.test_utils" name="test_str_detect_align_right_pattern[boolean-False]" time="0.003" /><testcase classname="tests.test_utils" name="test_str_detect_align_right_pattern[binary-False]" time="0.001" /><testcase classname="tests.test_utils_render_common" name="test_get_row_reorder_df_simple" time="0.016" /><testcase classname="tests.test_utils_render_common" name="test_get_row_reorder_df_no_groups" time="0.002" /><testcase classname="tests.test_utils_render_html" name="test_source_notes_snap" time="0.081" /><testcase classname="tests.test_utils_render_html" name="test_render_groups_reordered" time="0.013" /><testcase classname="tests.test_utils_render_html" name="test_row_group_as_column_with_rowname" time="0.009" /><testcase classname="tests.test_utils_render_html" name="test_row_group_as_column_without_rowname" time="0.015" /><testcase classname="tests.test_utils_render_html" name="test_groupname_with_no_rowname" time="0.016" /><testcase classname="tests.test_utils_render_html" name="test_body_multiple_locations" time="0.013" /><testcase classname="tests.test_utils_render_html" name="test_body_multiple_styles" time="0.012" /><testcase classname="tests.test_utils_render_html" name="test_styling_data_01" time="0.008" /><testcase classname="tests.test_utils_render_html" name="test_styling_data_02" time="0.013" /><testcase classname="tests.test_utils_render_html" name="test_styling_data_03" time="0.012" /><testcase classname="tests.test_utils_render_html" name="test_styling_data_04" time="0.009" /><testcase classname="tests.test_utils_render_html" name="test_styling_data_05" time="0.013" /><testcase classname="tests.test_utils_render_html" name="test_styling_data_06" time="0.008" /><testcase classname="tests.test_utils_render_html" name="test_styling_data_07" time="0.011" /><testcase classname="tests.test_utils_render_html" name="test_styling_data_08" time="0.013" /><testcase classname="tests.test_utils_render_html" name="test_styling_data_09" time="0.013" /><testcase classname="tests.test_utils_render_html" name="test_styling_data_10" time="0.011" /><testcase classname="tests.test_utils_render_html" name="test_render_polars_list_col" time="0.005" /><testcase classname="tests.test_utils_render_html" name="test_multiple_spanners_pads_for_stubhead_label" time="0.020" /><testcase classname="tests.test_utils_render_html" name="test_loc_column_labels" time="0.016" /><testcase classname="tests.test_utils_render_html" name="test_loc_kitchen_sink" time="0.039" /><testcase classname="tests.test_utils_render_html" name="test_table_id_used_in_headers" time="0.002" /><testcase classname="tests.test_utils_render_latex" name="test_is_css_length_string" time="0.031" /><testcase classname="tests.test_utils_render_latex" name="test_is_number_without_units" time="0.004" /><testcase classname="tests.test_utils_render_latex" name="test_css_length_has_supported_units" time="0.016" /><testcase classname="tests.test_utils_render_latex" name="test_get_units_from_length_string" time="0.007" /><testcase classname="tests.test_utils_render_latex" name="test_get_px_conversion_val" time="0.008" /><testcase classname="tests.test_utils_render_latex" name="test_get_px_conversion_val_raises" time="0.005" /><testcase classname="tests.test_utils_render_latex" name="test_convert_to_px" time="0.009" /><testcase classname="tests.test_utils_render_latex" name="test_convert_to_pt" time="0.004" /><testcase classname="tests.test_utils_render_latex" name="test_create_fontsize_statement_l" time="0.007" /><testcase classname="tests.test_utils_render_latex" name="test_create_fontsize_statement_l_pt" time="0.012" /><testcase classname="tests.test_utils_render_latex" name="test_create_fontsize_statement_l_px" time="0.005" /><testcase classname="tests.test_utils_render_latex" name="test_create_fontsize_statement_l_pct" time="0.008" /><testcase classname="tests.test_utils_render_latex" name="test_create_fontsize_statement_l_cm" time="0.007" /><testcase classname="tests.test_utils_render_latex" name="test_create_fontsize_statement_l_unknown_unit" time="0.011" /><testcase classname="tests.test_utils_render_latex" name="test_derive_table_width_statement_l_px_lt" time="0.006" /><testcase classname="tests.test_utils_render_latex" name="test_derive_table_width_statement_l_pct_lt" time="0.007" /><testcase classname="tests.test_utils_render_latex" name="test_derive_table_width_statement_l_px_no_lt" time="0.005" /><testcase classname="tests.test_utils_render_latex" name="test_create_fontsize_statement_l_settings" time="0.009" /><testcase classname="tests.test_utils_render_latex" name="test_create_heading_component_l" time="0.021" /><testcase classname="tests.test_utils_render_latex" name="test_create_columns_component_l_simple" time="0.011" /><testcase classname="tests.test_utils_render_latex" name="test_create_columns_component_l_simple_hidden_cols" time="0.011" /><testcase classname="tests.test_utils_render_latex" name="test_create_columns_component_l_one_spanner" time="0.008" /><testcase classname="tests.test_utils_render_latex" name="test_create_columns_component_l_adjacent_spanners_hiding" time="0.014" /><testcase classname="tests.test_utils_render_latex" name="test_create_columns_component_l_many_spanners" time="0.013" /><testcase classname="tests.test_utils_render_latex" name="test_create_body_component_l_simple" time="0.015" /><testcase classname="tests.test_utils_render_latex" name="test_create_footer_component_one_note" time="0.005" /><testcase classname="tests.test_utils_render_latex" name="test_create_footer_component_two_notes" time="0.009" /><testcase classname="tests.test_utils_render_latex" name="test_create_footer_component_no_notes" time="0.005" /><testcase classname="tests.test_utils_render_latex" name="test_create_body_component_l_fmt_number" time="0.013" /><testcase classname="tests.test_utils_render_latex" name="test_create_body_component_l_fmt_integer" time="0.015" /><testcase classname="tests.test_utils_render_latex" name="test_create_body_component_l_fmt_scientific" time="0.026" /><testcase classname="tests.test_utils_render_latex" name="test_create_body_component_l_fmt_percent" time="0.012" /><testcase classname="tests.test_utils_render_latex" name="test_create_body_component_l_fmt_currency" time="0.013" /><testcase classname="tests.test_utils_render_latex" name="test_create_body_component_l_fmt_bytes" time="0.013" /><testcase classname="tests.test_utils_render_latex" name="test_create_body_component_l_fmt_date" time="0.015" /><testcase classname="tests.test_utils_render_latex" name="test_create_body_component_l_fmt_time" time="0.014" /><testcase classname="tests.test_utils_render_latex" name="test_create_body_component_l_fmt_datetime" time="0.018" /><testcase classname="tests.test_utils_render_latex" name="test_create_body_component_l_fmt_roman" time="0.011" /><testcase classname="tests.test_utils_render_latex" name="test_create_wrap_start" time="0.010" /><testcase classname="tests.test_utils_render_latex" name="test_create_wrap_start_quarto" time="0.008" /><testcase classname="tests.test_utils_render_latex" name="test_create_wrap_end_l" time="0.008" /><testcase classname="tests.test_utils_render_latex" name="test_create_table_end_l_longtable" time="0.010" /><testcase classname="tests.test_utils_render_latex" name="test_create_table_start_l_longtable" time="0.025" /><testcase classname="tests.test_utils_render_latex" name="test_create_table_start_l_float_tbl_pct" time="0.008" /><testcase classname="tests.test_utils_render_latex" name="test_create_table_start_l_float_tbl_px" time="0.011" /><testcase classname="tests.test_utils_render_latex" name="test_create_table_start_l_float_tbl_auto" time="0.008" /><testcase classname="tests.test_utils_render_latex" name="test_snap_render_as_latex_longtable" time="0.050" /><testcase classname="tests.test_utils_render_latex" name="test_snap_render_as_latex_floating_table" time="0.044" /><testcase classname="tests.test_utils_render_latex" name="test_render_as_latex_with_stub" time="0.100" /><testcase classname="tests.test_utils_render_latex" name="test_render_as_latex_with_rowgroups" time="0.075" /><testcase classname="tests.test_utils_render_latex" name="test_render_as_latex_with_stub_and_rowgroups" time="0.083" /><testcase classname="tests.test_utils_render_latex" name="test_render_as_latex_no_stub_no_groups" time="0.058" /><testcase classname="tests.test_utils_render_latex" name="test_render_as_latex_groups_as_column" time="0.062" /><testcase classname="tests.test_utils_render_latex" name="test_render_as_latex_stub_and_groups_as_column" time="0.060" /><testcase classname="tests.test_utils_render_latex" name="test_render_as_latex_footnotes_raises" time="0.051" /><testcase classname="tests.test_utils_render_latex" name="test_snap_render_as_latex_stub_only" time="0.052" /><testcase classname="tests.test_utils_render_latex" name="test_snap_render_as_latex_groups_only" time="0.043" /><testcase classname="tests.test_utils_render_latex" name="test_snap_render_as_latex_stub_and_groups" time="0.063" /><testcase classname="tests.test_utils_render_latex" name="test_snap_render_as_latex_no_stub_no_groups" time="0.054" /><testcase classname="tests.test_utils_render_latex" name="test_snap_render_as_latex_groups_as_column" time="0.070" /><testcase classname="tests.test_utils_render_latex" name="test_snap_render_as_latex_stub_and_groups_as_column" time="0.055" /></testsuite></testsuites>