<?xml version="1.0" ?>
<coverage version="7.14.1" timestamp="1782783419098" lines-valid="14988" lines-covered="9716" line-rate="0.6483" branches-valid="2868" branches-covered="1288" branch-rate="0.4491" complexity="0">
	<!-- Generated by coverage.py: https://coverage.readthedocs.io/en/7.14.1 -->
	<!-- Based on https://raw.githubusercontent.com/cobertura/web/master/htdocs/xml/coverage-04.dtd -->
	<sources>
		<source>/Users/wesleylessapinheiro/great-tables</source>
		<source>/Users/wesleylessapinheiro/great-tables/great_tables</source>
	</sources>
	<packages>
		<package name="." line-rate="0.6101" branch-rate="0.4311" complexity="0">
			<classes>
				<class name="__init__.py" filename="__init__.py" complexity="0" line-rate="0.875" branch-rate="0.75">
					<methods/>
					<lines>
						<line number="2" hits="1"/>
						<line number="4" hits="1"/>
						<line number="6" hits="1"/>
						<line number="10" hits="1"/>
						<line number="11" hits="1"/>
						<line number="12" hits="1"/>
						<line number="13" hits="1"/>
						<line number="28" hits="1"/>
						<line number="49" hits="1"/>
						<line number="52" hits="1" branch="true" condition-coverage="100% (2/2)"/>
						<line number="53" hits="1"/>
						<line number="55" hits="1"/>
						<line number="58" hits="1" branch="true" condition-coverage="50% (1/2)" missing-branches="59"/>
						<line number="59" hits="0"/>
						<line number="61" hits="0"/>
						<line number="63" hits="1"/>
					</lines>
				</class>
				<class name="_body.py" filename="_body.py" complexity="0" line-rate="0.8" branch-rate="1">
					<methods/>
					<lines>
						<line number="1" hits="1"/>
						<line number="3" hits="1"/>
						<line number="5" hits="1"/>
						<line number="11" hits="1"/>
						<line number="14" hits="0"/>
					</lines>
				</class>
				<class name="_boxhead.py" filename="_boxhead.py" complexity="0" line-rate="0.9683" branch-rate="0.9">
					<methods/>
					<lines>
						<line number="1" hits="1"/>
						<line number="3" hits="1"/>
						<line number="5" hits="1"/>
						<line number="6" hits="1"/>
						<line number="7" hits="1"/>
						<line number="8" hits="1"/>
						<line number="9" hits="1"/>
						<line number="15" hits="1"/>
						<line number="118" hits="1"/>
						<line number="120" hits="1"/>
						<line number="121" hits="1"/>
						<line number="124" hits="1" branch="true" condition-coverage="100% (2/2)"/>
						<line number="125" hits="1"/>
						<line number="128" hits="1"/>
						<line number="129" hits="1"/>
						<line number="133" hits="1"/>
						<line number="136" hits="1"/>
						<line number="138" hits="1" branch="true" condition-coverage="100% (2/2)"/>
						<line number="139" hits="1" branch="true" condition-coverage="100% (2/2)"/>
						<line number="140" hits="1"/>
						<line number="142" hits="1" branch="true" condition-coverage="100% (2/2)"/>
						<line number="143" hits="1"/>
						<line number="145" hits="1"/>
						<line number="147" hits="1" branch="true" condition-coverage="50% (1/2)" missing-branches="151"/>
						<line number="148" hits="1"/>
						<line number="151" hits="0"/>
						<line number="155" hits="1"/>
						<line number="157" hits="1"/>
						<line number="160" hits="1"/>
						<line number="213" hits="1" branch="true" condition-coverage="100% (2/2)"/>
						<line number="214" hits="1"/>
						<line number="217" hits="1"/>
						<line number="219" hits="1" branch="true" condition-coverage="100% (2/2)"/>
						<line number="220" hits="1"/>
						<line number="221" hits="1"/>
						<line number="222" hits="1" branch="true" condition-coverage="50% (1/2)" missing-branches="225"/>
						<line number="223" hits="1"/>
						<line number="225" hits="1"/>
						<line number="227" hits="1"/>
						<line number="229" hits="1"/>
						<line number="231" hits="1"/>
						<line number="234" hits="1"/>
						<line number="280" hits="1" branch="true" condition-coverage="100% (2/2)"/>
						<line number="281" hits="1"/>
						<line number="284" hits="1"/>
						<line number="287" hits="1" branch="true" condition-coverage="100% (2/2)"/>
						<line number="288" hits="1"/>
						<line number="289" hits="1"/>
						<line number="290" hits="1" branch="true" condition-coverage="100% (2/2)"/>
						<line number="291" hits="1"/>
						<line number="293" hits="1"/>
						<line number="296" hits="1"/>
						<line number="299" hits="1"/>
						<line number="396" hits="1" branch="true" condition-coverage="100% (2/2)"/>
						<line number="397" hits="1"/>
						<line number="400" hits="1" branch="true" condition-coverage="100% (2/2)"/>
						<line number="401" hits="1"/>
						<line number="405" hits="1" branch="true" condition-coverage="50% (1/2)" missing-branches="411"/>
						<line number="406" hits="1" branch="true" condition-coverage="100% (2/2)"/>
						<line number="407" hits="1"/>
						<line number="409" hits="1"/>
						<line number="411" hits="1"/>
						<line number="417" hits="0"/>
					</lines>
				</class>
				<class name="_cols_merge.py" filename="_cols_merge.py" complexity="0" line-rate="0.478" branch-rate="0.2895">
					<methods/>
					<lines>
						<line number="1" hits="1"/>
						<line number="3" hits="1"/>
						<line number="4" hits="1"/>
						<line number="5" hits="1"/>
						<line number="7" hits="1"/>
						<line number="14" hits="1"/>
						<line number="15" hits="1"/>
						<line number="50" hits="1"/>
						<line number="51" hits="1"/>
						<line number="52" hits="1"/>
						<line number="53" hits="1"/>
						<line number="54" hits="1"/>
						<line number="56" hits="1"/>
						<line number="57" hits="1"/>
						<line number="66" hits="1"/>
						<line number="68" hits="1"/>
						<line number="69" hits="1"/>
						<line number="71" hits="1" branch="true" condition-coverage="100% (2/2)"/>
						<line number="72" hits="1" branch="true" condition-coverage="100% (2/2)"/>
						<line number="73" hits="1"/>
						<line number="74" hits="1"/>
						<line number="76" hits="1"/>
						<line number="78" hits="1"/>
						<line number="87" hits="1" branch="true" condition-coverage="100% (2/2)"/>
						<line number="88" hits="1"/>
						<line number="90" hits="1" branch="true" condition-coverage="100% (2/2)"/>
						<line number="91" hits="1"/>
						<line number="96" hits="1"/>
						<line number="97" hits="1"/>
						<line number="125" hits="1"/>
						<line number="126" hits="1"/>
						<line number="128" hits="1"/>
						<line number="157" hits="1"/>
						<line number="158" hits="1"/>
						<line number="160" hits="1"/>
						<line number="163" hits="1"/>
						<line number="169" hits="1"/>
						<line number="172" hits="1"/>
						<line number="180" hits="1"/>
						<line number="181" hits="1" branch="true" condition-coverage="100% (2/2)"/>
						<line number="182" hits="1" branch="true" condition-coverage="100% (2/2)"/>
						<line number="183" hits="1"/>
						<line number="185" hits="1"/>
						<line number="188" hits="1"/>
						<line number="189" hits="1" branch="true" condition-coverage="100% (2/2)"/>
						<line number="190" hits="1"/>
						<line number="193" hits="1" branch="true" condition-coverage="100% (2/2)"/>
						<line number="194" hits="1"/>
						<line number="197" hits="1"/>
						<line number="199" hits="1"/>
						<line number="202" hits="1"/>
						<line number="204" hits="1"/>
						<line number="205" hits="1"/>
						<line number="207" hits="1" branch="true" condition-coverage="100% (2/2)"/>
						<line number="208" hits="1"/>
						<line number="211" hits="1"/>
						<line number="212" hits="1" branch="true" condition-coverage="50% (1/2)" missing-branches="213"/>
						<line number="213" hits="0"/>
						<line number="216" hits="1"/>
						<line number="217" hits="1" branch="true" condition-coverage="50% (1/2)" missing-branches="218"/>
						<line number="218" hits="0"/>
						<line number="221" hits="1"/>
						<line number="224" hits="1" branch="true" condition-coverage="100% (2/2)"/>
						<line number="225" hits="1"/>
						<line number="227" hits="1"/>
						<line number="229" hits="1"/>
						<line number="231" hits="1"/>
						<line number="234" hits="1"/>
						<line number="268" hits="1"/>
						<line number="269" hits="1"/>
						<line number="270" hits="1"/>
						<line number="273" hits="1"/>
						<line number="289" hits="0" branch="true" condition-coverage="0% (0/2)" missing-branches="290,292"/>
						<line number="290" hits="0"/>
						<line number="292" hits="0"/>
						<line number="294" hits="0" branch="true" condition-coverage="0% (0/2)" missing-branches="295,301"/>
						<line number="295" hits="0"/>
						<line number="301" hits="0"/>
						<line number="304" hits="1"/>
						<line number="325" hits="0"/>
						<line number="326" hits="0" branch="true" condition-coverage="0% (0/2)" missing-branches="327,332"/>
						<line number="327" hits="0"/>
						<line number="332" hits="0" branch="true" condition-coverage="0% (0/2)" missing-branches="333,335"/>
						<line number="333" hits="0"/>
						<line number="335" hits="0"/>
						<line number="337" hits="0" branch="true" condition-coverage="0% (0/2)" missing-branches="338,348"/>
						<line number="338" hits="0"/>
						<line number="339" hits="0"/>
						<line number="341" hits="0"/>
						<line number="345" hits="0" branch="true" condition-coverage="0% (0/2)" missing-branches="337,346"/>
						<line number="346" hits="0"/>
						<line number="348" hits="0"/>
						<line number="351" hits="1"/>
						<line number="358" hits="0"/>
						<line number="360" hits="0" branch="true" condition-coverage="0% (0/2)" missing-branches="361,374"/>
						<line number="361" hits="0"/>
						<line number="362" hits="0"/>
						<line number="364" hits="0"/>
						<line number="365" hits="0"/>
						<line number="367" hits="0" branch="true" condition-coverage="0% (0/2)" missing-branches="368,369"/>
						<line number="368" hits="0"/>
						<line number="369" hits="0" branch="true" condition-coverage="0% (0/2)" missing-branches="370,372"/>
						<line number="370" hits="0"/>
						<line number="372" hits="0"/>
						<line number="374" hits="0"/>
						<line number="377" hits="1"/>
						<line number="384" hits="0" branch="true" condition-coverage="0% (0/2)" missing-branches="385,386"/>
						<line number="385" hits="0"/>
						<line number="386" hits="0" branch="true" condition-coverage="0% (0/2)" missing-branches="387,388"/>
						<line number="387" hits="0"/>
						<line number="388" hits="0" branch="true" condition-coverage="0% (0/2)" missing-branches="389,390"/>
						<line number="389" hits="0"/>
						<line number="390" hits="0" branch="true" condition-coverage="0% (0/2)" missing-branches="391,392"/>
						<line number="391" hits="0"/>
						<line number="392" hits="0"/>
						<line number="395" hits="1"/>
						<line number="404" hits="0"/>
						<line number="407" hits="0" branch="true" condition-coverage="0% (0/2)" missing-branches="408,410"/>
						<line number="408" hits="0"/>
						<line number="410" hits="0" branch="true" condition-coverage="0% (0/2)" missing-branches="412,418"/>
						<line number="412" hits="0"/>
						<line number="413" hits="0" branch="true" condition-coverage="0% (0/2)" missing-branches="414,415"/>
						<line number="414" hits="0"/>
						<line number="415" hits="0"/>
						<line number="418" hits="0"/>
						<line number="419" hits="0"/>
						<line number="421" hits="0" branch="true" condition-coverage="0% (0/2)" missing-branches="422,423"/>
						<line number="422" hits="0"/>
						<line number="423" hits="0" branch="true" condition-coverage="0% (0/2)" missing-branches="424,425"/>
						<line number="424" hits="0"/>
						<line number="425" hits="0" branch="true" condition-coverage="0% (0/2)" missing-branches="426,427"/>
						<line number="426" hits="0"/>
						<line number="427" hits="0" branch="true" condition-coverage="0% (0/2)" missing-branches="429,431"/>
						<line number="429" hits="0"/>
						<line number="431" hits="0"/>
						<line number="434" hits="1"/>
						<line number="442" hits="0"/>
						<line number="443" hits="0"/>
						<line number="445" hits="0" branch="true" condition-coverage="0% (0/2)" missing-branches="446,447"/>
						<line number="446" hits="0"/>
						<line number="447" hits="0" branch="true" condition-coverage="0% (0/2)" missing-branches="448,449"/>
						<line number="448" hits="0"/>
						<line number="449" hits="0" branch="true" condition-coverage="0% (0/2)" missing-branches="450,452"/>
						<line number="450" hits="0"/>
						<line number="452" hits="0"/>
						<line number="455" hits="1"/>
						<line number="464" hits="0"/>
						<line number="465" hits="0"/>
						<line number="468" hits="0" branch="true" condition-coverage="0% (0/2)" missing-branches="469,472"/>
						<line number="469" hits="0"/>
						<line number="472" hits="0"/>
						<line number="473" hits="0"/>
						<line number="474" hits="0" branch="true" condition-coverage="0% (0/2)" missing-branches="475,479"/>
						<line number="475" hits="0"/>
						<line number="476" hits="0"/>
						<line number="477" hits="0"/>
						<line number="479" hits="0" branch="true" condition-coverage="0% (0/2)" missing-branches="480,482"/>
						<line number="480" hits="0"/>
						<line number="482" hits="0"/>
					</lines>
				</class>
				<class name="_databackend.py" filename="_databackend.py" complexity="0" line-rate="0.8824" branch-rate="0.8">
					<methods/>
					<lines>
						<line number="1" hits="1"/>
						<line number="3" hits="1"/>
						<line number="4" hits="1"/>
						<line number="6" hits="1"/>
						<line number="7" hits="1"/>
						<line number="10" hits="1"/>
						<line number="14" hits="1"/>
						<line number="15" hits="1"/>
						<line number="16" hits="1"/>
						<line number="17" hits="1"/>
						<line number="18" hits="1"/>
						<line number="19" hits="1" branch="true" condition-coverage="50% (1/2)" missing-branches="20"/>
						<line number="20" hits="0"/>
						<line number="21" hits="1"/>
						<line number="24" hits="1"/>
						<line number="25" hits="1"/>
						<line number="26" hits="0"/>
						<line number="27" hits="0"/>
						<line number="30" hits="1"/>
						<line number="31" hits="1"/>
						<line number="32" hits="1"/>
						<line number="34" hits="1"/>
						<line number="35" hits="1"/>
						<line number="36" hits="1" branch="true" condition-coverage="50% (1/2)" missing-branches="37"/>
						<line number="37" hits="0"/>
						<line number="39" hits="1"/>
						<line number="40" hits="1"/>
						<line number="41" hits="1" branch="true" condition-coverage="100% (2/2)"/>
						<line number="42" hits="1" branch="true" condition-coverage="100% (2/2)"/>
						<line number="46" hits="1"/>
						<line number="48" hits="1"/>
						<line number="49" hits="1" branch="true" condition-coverage="100% (2/2)"/>
						<line number="50" hits="1"/>
						<line number="52" hits="1"/>
					</lines>
				</class>
				<class name="_export.py" filename="_export.py" complexity="0" line-rate="0.3" branch-rate="0.1389">
					<methods/>
					<lines>
						<line number="1" hits="1"/>
						<line number="3" hits="1"/>
						<line number="4" hits="1"/>
						<line number="5" hits="1"/>
						<line number="6" hits="1"/>
						<line number="7" hits="1"/>
						<line number="8" hits="1"/>
						<line number="9" hits="1"/>
						<line number="10" hits="1"/>
						<line number="12" hits="1"/>
						<line number="14" hits="1"/>
						<line number="15" hits="1"/>
						<line number="16" hits="1"/>
						<line number="17" hits="1"/>
						<line number="28" hits="1"/>
						<line number="32" hits="1"/>
						<line number="36" hits="1"/>
						<line number="39" hits="1"/>
						<line number="40" hits="1"/>
						<line number="42" hits="1"/>
						<line number="45" hits="1"/>
						<line number="52" hits="1"/>
						<line number="53" hits="1"/>
						<line number="54" hits="1"/>
						<line number="56" hits="1" branch="true" condition-coverage="50% (1/2)" missing-branches="59"/>
						<line number="59" hits="0"/>
						<line number="61" hits="1" branch="true" condition-coverage="100% (2/2)"/>
						<line number="62" hits="1"/>
						<line number="63" hits="1" branch="true" condition-coverage="100% (2/2)"/>
						<line number="64" hits="1"/>
						<line number="66" hits="1"/>
						<line number="68" hits="0"/>
						<line number="69" hits="0"/>
						<line number="71" hits="1"/>
						<line number="74" hits="1"/>
						<line number="103" hits="0" branch="true" condition-coverage="0% (0/2)" missing-branches="104,106"/>
						<line number="104" hits="0"/>
						<line number="106" hits="0" branch="true" condition-coverage="0% (0/2)" missing-branches="107,115"/>
						<line number="107" hits="0"/>
						<line number="109" hits="0"/>
						<line number="112" hits="0"/>
						<line number="115" hits="0" branch="true" condition-coverage="0% (0/2)" missing-branches="116,126"/>
						<line number="116" hits="0"/>
						<line number="117" hits="0"/>
						<line number="118" hits="0"/>
						<line number="119" hits="0"/>
						<line number="122" hits="0"/>
						<line number="123" hits="0"/>
						<line number="124" hits="0"/>
						<line number="126" hits="0"/>
						<line number="129" hits="1"/>
						<line number="229" hits="1"/>
						<line number="231" hits="0"/>
						<line number="236" hits="0" branch="true" condition-coverage="0% (0/2)" missing-branches="237,257"/>
						<line number="237" hits="0"/>
						<line number="238" hits="0"/>
						<line number="240" hits="0" branch="true" condition-coverage="0% (0/2)" missing-branches="241,245"/>
						<line number="241" hits="0"/>
						<line number="245" hits="0"/>
						<line number="247" hits="0" branch="true" condition-coverage="0% (0/2)" missing-branches="248,250"/>
						<line number="248" hits="0"/>
						<line number="250" hits="0"/>
						<line number="253" hits="0"/>
						<line number="255" hits="0"/>
						<line number="257" hits="0"/>
						<line number="260" hits="1"/>
						<line number="346" hits="0"/>
						<line number="348" hits="0"/>
						<line number="350" hits="0"/>
						<line number="354" hits="1"/>
						<line number="361" hits="1"/>
						<line number="364" hits="1"/>
						<line number="440" hits="0"/>
						<line number="449" hits="0"/>
						<line number="451" hits="0"/>
						<line number="453" hits="0" branch="true" condition-coverage="0% (0/2)" missing-branches="454,457"/>
						<line number="454" hits="0"/>
						<line number="457" hits="0" branch="true" condition-coverage="0% (0/2)" missing-branches="458,462"/>
						<line number="458" hits="0"/>
						<line number="462" hits="0"/>
						<line number="464" hits="0"/>
						<line number="467" hits="0"/>
						<line number="472" hits="0"/>
						<line number="473" hits="0"/>
						<line number="476" hits="0"/>
						<line number="477" hits="0"/>
						<line number="479" hits="0"/>
						<line number="481" hits="0" branch="true" condition-coverage="0% (0/2)" missing-branches="482,485"/>
						<line number="482" hits="0"/>
						<line number="483" hits="0"/>
						<line number="485" hits="0" branch="true" condition-coverage="0% (0/2)" missing-branches="486,493"/>
						<line number="486" hits="0"/>
						<line number="493" hits="0"/>
						<line number="496" hits="1"/>
						<line number="499" hits="0"/>
						<line number="501" hits="0"/>
						<line number="502" hits="0"/>
						<line number="503" hits="0"/>
						<line number="516" hits="0"/>
						<line number="519" hits="0"/>
						<line number="526" hits="0" branch="true" condition-coverage="0% (0/2)" missing-branches="527,534"/>
						<line number="527" hits="0"/>
						<line number="534" hits="0"/>
						<line number="535" hits="0"/>
						<line number="538" hits="0"/>
						<line number="541" hits="0"/>
						<line number="544" hits="0"/>
						<line number="547" hits="0"/>
						<line number="549" hits="0"/>
						<line number="551" hits="0" branch="true" condition-coverage="0% (0/2)" missing-branches="552,555"/>
						<line number="552" hits="0"/>
						<line number="555" hits="0"/>
						<line number="558" hits="0"/>
						<line number="561" hits="0"/>
						<line number="563" hits="0" branch="true" condition-coverage="0% (0/2)" missing-branches="564,566"/>
						<line number="564" hits="0"/>
						<line number="566" hits="0"/>
						<line number="568" hits="0"/>
						<line number="570" hits="0"/>
						<line number="573" hits="0"/>
						<line number="576" hits="1"/>
						<line number="577" hits="0"/>
						<line number="582" hits="0"/>
						<line number="585" hits="1"/>
						<line number="619" hits="0"/>
						<line number="621" hits="0"/>
						<line number="625" hits="0"/>
						<line number="627" hits="0"/>
						<line number="628" hits="0"/>
						<line number="631" hits="1"/>
						<line number="725" hits="0"/>
						<line number="728" hits="0"/>
						<line number="729" hits="0" branch="true" condition-coverage="0% (0/2)" missing-branches="730,733"/>
						<line number="730" hits="0"/>
						<line number="733" hits="0"/>
						<line number="734" hits="0" branch="true" condition-coverage="0% (0/2)" missing-branches="735,741"/>
						<line number="735" hits="0"/>
						<line number="741" hits="0"/>
						<line number="744" hits="0"/>
						<line number="755" hits="0"/>
					</lines>
				</class>
				<class name="_footnotes.py" filename="_footnotes.py" complexity="0" line-rate="0.7917" branch-rate="0.75">
					<methods/>
					<lines>
						<line number="1" hits="1"/>
						<line number="3" hits="1"/>
						<line number="5" hits="1"/>
						<line number="6" hits="1"/>
						<line number="7" hits="1"/>
						<line number="13" hits="1"/>
						<line number="131" hits="1"/>
						<line number="134" hits="1" branch="true" condition-coverage="100% (2/2)"/>
						<line number="136" hits="1"/>
						<line number="137" hits="1"/>
						<line number="138" hits="1"/>
						<line number="139" hits="1"/>
						<line number="142" hits="1" branch="true" condition-coverage="100% (2/2)"/>
						<line number="143" hits="1"/>
						<line number="146" hits="1"/>
						<line number="147" hits="1" branch="true" condition-coverage="50% (1/2)" missing-branches="159"/>
						<line number="148" hits="1" branch="true" condition-coverage="50% (1/2)" missing-branches="150"/>
						<line number="150" hits="0"/>
						<line number="151" hits="0"/>
						<line number="152" hits="0"/>
						<line number="153" hits="0"/>
						<line number="156" hits="1"/>
						<line number="157" hits="1"/>
						<line number="159" hits="0"/>
					</lines>
				</class>
				<class name="_formats.py" filename="_formats.py" complexity="0" line-rate="0.449" branch-rate="0.2653">
					<methods/>
					<lines>
						<line number="1" hits="1"/>
						<line number="3" hits="1"/>
						<line number="4" hits="1"/>
						<line number="5" hits="1"/>
						<line number="6" hits="1"/>
						<line number="7" hits="1"/>
						<line number="8" hits="1"/>
						<line number="9" hits="1"/>
						<line number="10" hits="1"/>
						<line number="23" hits="1"/>
						<line number="24" hits="1"/>
						<line number="25" hits="1"/>
						<line number="26" hits="1"/>
						<line number="28" hits="1"/>
						<line number="29" hits="1"/>
						<line number="30" hits="1"/>
						<line number="36" hits="1"/>
						<line number="37" hits="1"/>
						<line number="47" hits="1"/>
						<line number="48" hits="1"/>
						<line number="49" hits="1"/>
						<line number="54" hits="1"/>
						<line number="55" hits="1"/>
						<line number="74" hits="1"/>
						<line number="81" hits="1"/>
						<line number="85" hits="1"/>
						<line number="93" hits="1"/>
						<line number="146" hits="1" branch="true" condition-coverage="100% (2/2)"/>
						<line number="147" hits="1"/>
						<line number="148" hits="1" branch="true" condition-coverage="50% (1/2)" missing-branches="151"/>
						<line number="149" hits="1"/>
						<line number="151" hits="0"/>
						<line number="153" hits="1"/>
						<line number="154" hits="1"/>
						<line number="156" hits="1"/>
						<line number="158" hits="1"/>
						<line number="160" hits="1" branch="true" condition-coverage="100% (2/2)"/>
						<line number="161" hits="1"/>
						<line number="163" hits="1"/>
						<line number="166" hits="1"/>
						<line number="298" hits="1"/>
						<line number="301" hits="1"/>
						<line number="302" hits="1"/>
						<line number="304" hits="1"/>
						<line number="321" hits="1"/>
						<line number="324" hits="1"/>
						<line number="341" hits="0" branch="true" condition-coverage="0% (0/2)" missing-branches="342,345"/>
						<line number="342" hits="0"/>
						<line number="345" hits="0"/>
						<line number="348" hits="0"/>
						<line number="350" hits="0" branch="true" condition-coverage="0% (0/2)" missing-branches="351,363"/>
						<line number="351" hits="0"/>
						<line number="363" hits="0"/>
						<line number="376" hits="0" branch="true" condition-coverage="0% (0/2)" missing-branches="377,385"/>
						<line number="377" hits="0" branch="true" condition-coverage="0% (0/2)" missing-branches="378,381"/>
						<line number="378" hits="0"/>
						<line number="381" hits="0"/>
						<line number="382" hits="0"/>
						<line number="385" hits="0" branch="true" condition-coverage="0% (0/2)" missing-branches="387,392"/>
						<line number="387" hits="0" branch="true" condition-coverage="0% (0/2)" missing-branches="388,390"/>
						<line number="388" hits="0"/>
						<line number="390" hits="0"/>
						<line number="392" hits="0"/>
						<line number="395" hits="1"/>
						<line number="498" hits="1"/>
						<line number="501" hits="1"/>
						<line number="503" hits="1"/>
						<line number="515" hits="1"/>
						<line number="518" hits="1"/>
						<line number="530" hits="1" branch="true" condition-coverage="50% (1/2)" missing-branches="531"/>
						<line number="531" hits="0"/>
						<line number="534" hits="1"/>
						<line number="537" hits="1"/>
						<line number="539" hits="1" branch="true" condition-coverage="50% (1/2)" missing-branches="540"/>
						<line number="540" hits="0"/>
						<line number="553" hits="1"/>
						<line number="566" hits="1" branch="true" condition-coverage="50% (1/2)" missing-branches="567"/>
						<line number="567" hits="0" branch="true" condition-coverage="0% (0/2)" missing-branches="568,571"/>
						<line number="568" hits="0"/>
						<line number="571" hits="0"/>
						<line number="572" hits="0"/>
						<line number="575" hits="1" branch="true" condition-coverage="50% (1/2)" missing-branches="577"/>
						<line number="577" hits="0" branch="true" condition-coverage="0% (0/2)" missing-branches="578,580"/>
						<line number="578" hits="0"/>
						<line number="580" hits="0"/>
						<line number="582" hits="1"/>
						<line number="585" hits="1"/>
						<line number="714" hits="1"/>
						<line number="717" hits="1"/>
						<line number="719" hits="1"/>
						<line number="734" hits="1"/>
						<line number="738" hits="1"/>
						<line number="753" hits="0" branch="true" condition-coverage="0% (0/2)" missing-branches="754,757"/>
						<line number="754" hits="0"/>
						<line number="757" hits="0"/>
						<line number="760" hits="0"/>
						<line number="762" hits="0"/>
						<line number="764" hits="0"/>
						<line number="771" hits="0"/>
						<line number="773" hits="0"/>
						<line number="775" hits="0"/>
						<line number="783" hits="0"/>
						<line number="794" hits="0" branch="true" condition-coverage="0% (0/2)" missing-branches="796,801"/>
						<line number="796" hits="0" branch="true" condition-coverage="0% (0/2)" missing-branches="797,799"/>
						<line number="797" hits="0"/>
						<line number="799" hits="0"/>
						<line number="801" hits="0"/>
						<line number="804" hits="1"/>
						<line number="990" hits="1"/>
						<line number="993" hits="1"/>
						<line number="995" hits="1"/>
						<line number="1010" hits="1"/>
						<line number="1014" hits="1"/>
						<line number="1029" hits="0" branch="true" condition-coverage="0% (0/2)" missing-branches="1030,1033"/>
						<line number="1030" hits="0"/>
						<line number="1033" hits="0"/>
						<line number="1036" hits="0"/>
						<line number="1038" hits="0"/>
						<line number="1040" hits="0"/>
						<line number="1050" hits="0" branch="true" condition-coverage="0% (0/2)" missing-branches="1051,1053"/>
						<line number="1051" hits="0"/>
						<line number="1053" hits="0"/>
						<line number="1063" hits="0"/>
						<line number="1066" hits="1"/>
						<line number="1201" hits="1"/>
						<line number="1204" hits="1"/>
						<line number="1205" hits="1"/>
						<line number="1207" hits="1" branch="true" condition-coverage="100% (2/2)"/>
						<line number="1208" hits="1"/>
						<line number="1210" hits="1"/>
						<line number="1212" hits="1"/>
						<line number="1229" hits="1"/>
						<line number="1232" hits="1"/>
						<line number="1249" hits="0" branch="true" condition-coverage="0% (0/2)" missing-branches="1250,1253"/>
						<line number="1250" hits="0"/>
						<line number="1253" hits="0"/>
						<line number="1256" hits="0"/>
						<line number="1257" hits="0"/>
						<line number="1259" hits="0"/>
						<line number="1272" hits="0"/>
						<line number="1275" hits="0"/>
						<line number="1276" hits="0"/>
						<line number="1282" hits="0" branch="true" condition-coverage="0% (0/2)" missing-branches="1283,1286"/>
						<line number="1283" hits="0"/>
						<line number="1284" hits="0"/>
						<line number="1285" hits="0"/>
						<line number="1286" hits="0" branch="true" condition-coverage="0% (0/2)" missing-branches="1287,1291"/>
						<line number="1287" hits="0"/>
						<line number="1288" hits="0"/>
						<line number="1289" hits="0"/>
						<line number="1291" hits="0"/>
						<line number="1294" hits="0" branch="true" condition-coverage="0% (0/2)" missing-branches="1295,1303"/>
						<line number="1295" hits="0" branch="true" condition-coverage="0% (0/2)" missing-branches="1296,1299"/>
						<line number="1296" hits="0"/>
						<line number="1299" hits="0"/>
						<line number="1300" hits="0"/>
						<line number="1303" hits="0" branch="true" condition-coverage="0% (0/2)" missing-branches="1305,1310"/>
						<line number="1305" hits="0" branch="true" condition-coverage="0% (0/2)" missing-branches="1306,1308"/>
						<line number="1306" hits="0"/>
						<line number="1308" hits="0"/>
						<line number="1310" hits="0"/>
						<line number="1314" hits="1"/>
						<line number="1325" hits="1"/>
						<line number="1490" hits="1" branch="true" condition-coverage="100% (2/2)"/>
						<line number="1491" hits="1"/>
						<line number="1496" hits="1"/>
						<line number="1499" hits="1"/>
						<line number="1500" hits="1"/>
						<line number="1503" hits="1" branch="true" condition-coverage="100% (2/2)"/>
						<line number="1504" hits="1"/>
						<line number="1506" hits="1"/>
						<line number="1509" hits="1" branch="true" condition-coverage="100% (2/2)"/>
						<line number="1510" hits="1"/>
						<line number="1512" hits="1"/>
						<line number="1515" hits="1" branch="true" condition-coverage="100% (2/2)"/>
						<line number="1516" hits="1"/>
						<line number="1518" hits="1"/>
						<line number="1520" hits="1"/>
						<line number="1536" hits="1"/>
						<line number="1539" hits="1"/>
						<line number="1555" hits="0" branch="true" condition-coverage="0% (0/2)" missing-branches="1556,1559"/>
						<line number="1556" hits="0"/>
						<line number="1559" hits="0"/>
						<line number="1562" hits="0"/>
						<line number="1563" hits="0"/>
						<line number="1565" hits="0"/>
						<line number="1578" hits="0" branch="true" condition-coverage="0% (0/2)" missing-branches="1580,1587"/>
						<line number="1580" hits="0" branch="true" condition-coverage="0% (0/2)" missing-branches="1581,1582"/>
						<line number="1581" hits="0"/>
						<line number="1582" hits="0" branch="true" condition-coverage="0% (0/2)" missing-branches="1583,1585"/>
						<line number="1583" hits="0"/>
						<line number="1585" hits="0"/>
						<line number="1587" hits="0"/>
						<line number="1590" hits="0"/>
						<line number="1591" hits="0"/>
						<line number="1593" hits="0" branch="true" condition-coverage="0% (0/2)" missing-branches="1594,1597"/>
						<line number="1594" hits="0"/>
						<line number="1595" hits="0"/>
						<line number="1596" hits="0"/>
						<line number="1597" hits="0" branch="true" condition-coverage="0% (0/2)" missing-branches="1598,1602"/>
						<line number="1598" hits="0"/>
						<line number="1599" hits="0"/>
						<line number="1600" hits="0"/>
						<line number="1602" hits="0"/>
						<line number="1605" hits="0" branch="true" condition-coverage="0% (0/2)" missing-branches="1606,1610"/>
						<line number="1606" hits="0"/>
						<line number="1607" hits="0"/>
						<line number="1610" hits="0" branch="true" condition-coverage="0% (0/2)" missing-branches="1612,1617"/>
						<line number="1612" hits="0" branch="true" condition-coverage="0% (0/2)" missing-branches="1613,1615"/>
						<line number="1613" hits="0"/>
						<line number="1615" hits="0"/>
						<line number="1617" hits="0"/>
						<line number="1620" hits="1"/>
						<line number="1765" hits="1"/>
						<line number="1768" hits="1"/>
						<line number="1769" hits="1"/>
						<line number="1772" hits="1" branch="true" condition-coverage="100% (2/2)"/>
						<line number="1774" hits="1"/>
						<line number="1777" hits="1"/>
						<line number="1779" hits="1"/>
						<line number="1783" hits="1"/>
						<line number="1787" hits="1"/>
						<line number="1805" hits="1"/>
						<line number="1808" hits="1"/>
						<line number="1826" hits="0" branch="true" condition-coverage="0% (0/2)" missing-branches="1827,1830"/>
						<line number="1827" hits="0"/>
						<line number="1830" hits="0"/>
						<line number="1833" hits="0"/>
						<line number="1834" hits="0"/>
						<line number="1837" hits="0"/>
						<line number="1839" hits="0" branch="true" condition-coverage="0% (0/2)" missing-branches="1840,1843"/>
						<line number="1840" hits="0"/>
						<line number="1843" hits="0" branch="true" condition-coverage="0% (0/2)" missing-branches="1844,1846"/>
						<line number="1844" hits="0"/>
						<line number="1846" hits="0"/>
						<line number="1849" hits="0"/>
						<line number="1862" hits="0"/>
						<line number="1863" hits="0"/>
						<line number="1869" hits="0" branch="true" condition-coverage="0% (0/2)" missing-branches="1870,1873"/>
						<line number="1870" hits="0"/>
						<line number="1871" hits="0"/>
						<line number="1872" hits="0"/>
						<line number="1873" hits="0" branch="true" condition-coverage="0% (0/2)" missing-branches="1874,1878"/>
						<line number="1874" hits="0"/>
						<line number="1875" hits="0"/>
						<line number="1876" hits="0"/>
						<line number="1878" hits="0"/>
						<line number="1881" hits="0" branch="true" condition-coverage="0% (0/2)" missing-branches="1882,1890"/>
						<line number="1882" hits="0" branch="true" condition-coverage="0% (0/2)" missing-branches="1883,1886"/>
						<line number="1883" hits="0"/>
						<line number="1886" hits="0"/>
						<line number="1887" hits="0"/>
						<line number="1890" hits="0" branch="true" condition-coverage="0% (0/2)" missing-branches="1892,1897"/>
						<line number="1892" hits="0" branch="true" condition-coverage="0% (0/2)" missing-branches="1893,1895"/>
						<line number="1893" hits="0"/>
						<line number="1895" hits="0"/>
						<line number="1897" hits="0"/>
						<line number="1900" hits="1"/>
						<line number="1956" hits="1"/>
						<line number="1958" hits="1"/>
						<line number="1965" hits="1"/>
						<line number="1968" hits="1"/>
						<line number="1975" hits="0" branch="true" condition-coverage="0% (0/2)" missing-branches="1976,1979"/>
						<line number="1976" hits="0"/>
						<line number="1979" hits="0"/>
						<line number="1982" hits="0"/>
						<line number="1985" hits="0"/>
						<line number="1986" hits="0"/>
						<line number="1988" hits="0" branch="true" condition-coverage="0% (0/2)" missing-branches="1991,1992"/>
						<line number="1991" hits="0"/>
						<line number="1992" hits="0" branch="true" condition-coverage="0% (0/2)" missing-branches="1995,1998"/>
						<line number="1995" hits="0"/>
						<line number="1998" hits="0"/>
						<line number="2001" hits="0" branch="true" condition-coverage="0% (0/2)" missing-branches="2002,2004"/>
						<line number="2002" hits="0"/>
						<line number="2004" hits="0"/>
						<line number="2007" hits="0" branch="true" condition-coverage="0% (0/2)" missing-branches="2009,2014"/>
						<line number="2009" hits="0" branch="true" condition-coverage="0% (0/2)" missing-branches="2010,2012"/>
						<line number="2010" hits="0"/>
						<line number="2012" hits="0"/>
						<line number="2014" hits="0"/>
						<line number="2017" hits="1"/>
						<line number="2141" hits="1"/>
						<line number="2144" hits="1"/>
						<line number="2145" hits="1"/>
						<line number="2148" hits="1" branch="true" condition-coverage="50% (1/2)" missing-branches="2149"/>
						<line number="2149" hits="0"/>
						<line number="2152" hits="1" branch="true" condition-coverage="100% (2/2)"/>
						<line number="2154" hits="1"/>
						<line number="2155" hits="1"/>
						<line number="2158" hits="1"/>
						<line number="2159" hits="1"/>
						<line number="2161" hits="1"/>
						<line number="2178" hits="1"/>
						<line number="2181" hits="1"/>
						<line number="2198" hits="0" branch="true" condition-coverage="0% (0/2)" missing-branches="2199,2203"/>
						<line number="2199" hits="0"/>
						<line number="2203" hits="0"/>
						<line number="2206" hits="0"/>
						<line number="2209" hits="0" branch="true" condition-coverage="0% (0/2)" missing-branches="2212,2219"/>
						<line number="2212" hits="0"/>
						<line number="2219" hits="0"/>
						<line number="2220" hits="0"/>
						<line number="2224" hits="0"/>
						<line number="2229" hits="0"/>
						<line number="2233" hits="0"/>
						<line number="2247" hits="0"/>
						<line number="2248" hits="0"/>
						<line number="2250" hits="0"/>
						<line number="2253" hits="0" branch="true" condition-coverage="0% (0/2)" missing-branches="2254,2258"/>
						<line number="2254" hits="0"/>
						<line number="2255" hits="0"/>
						<line number="2258" hits="0" branch="true" condition-coverage="0% (0/2)" missing-branches="2260,2265"/>
						<line number="2260" hits="0" branch="true" condition-coverage="0% (0/2)" missing-branches="2261,2263"/>
						<line number="2261" hits="0"/>
						<line number="2263" hits="0"/>
						<line number="2265" hits="0"/>
						<line number="2269" hits="1"/>
						<line number="2272" hits="1"/>
						<line number="2273" hits="1"/>
						<line number="2276" hits="1"/>
						<line number="2285" hits="1"/>
						<line number="2294" hits="1"/>
						<line number="2303" hits="1"/>
						<line number="2312" hits="1"/>
						<line number="2321" hits="1"/>
						<line number="2324" hits="1"/>
						<line number="2340" hits="0" branch="true" condition-coverage="0% (0/2)" missing-branches="2341,2344"/>
						<line number="2341" hits="0"/>
						<line number="2344" hits="0" branch="true" condition-coverage="0% (0/2)" missing-branches="2345,2350"/>
						<line number="2345" hits="0"/>
						<line number="2347" hits="0"/>
						<line number="2350" hits="0"/>
						<line number="2353" hits="0"/>
						<line number="2354" hits="0" branch="true" condition-coverage="0% (0/2)" missing-branches="2355,2357"/>
						<line number="2355" hits="0"/>
						<line number="2357" hits="0" branch="true" condition-coverage="0% (0/2)" missing-branches="2358,2375"/>
						<line number="2358" hits="0" branch="true" condition-coverage="0% (0/2)" missing-branches="2357,2359"/>
						<line number="2359" hits="0" branch="true" condition-coverage="0% (0/2)" missing-branches="2358,2361"/>
						<line number="2361" hits="0"/>
						<line number="2362" hits="0" branch="true" condition-coverage="0% (0/2)" missing-branches="2363,2372"/>
						<line number="2363" hits="0"/>
						<line number="2364" hits="0"/>
						<line number="2365" hits="0" branch="true" condition-coverage="0% (0/2)" missing-branches="2366,2370"/>
						<line number="2366" hits="0"/>
						<line number="2367" hits="0"/>
						<line number="2368" hits="0" branch="true" condition-coverage="0% (0/2)" missing-branches="2365,2369"/>
						<line number="2369" hits="0"/>
						<line number="2370" hits="0" branch="true" condition-coverage="0% (0/2)" missing-branches="2362,2371"/>
						<line number="2371" hits="0"/>
						<line number="2372" hits="0" branch="true" condition-coverage="0% (0/2)" missing-branches="2358,2373"/>
						<line number="2373" hits="0"/>
						<line number="2375" hits="0"/>
						<line number="2378" hits="1"/>
						<line number="2386" hits="0" branch="true" condition-coverage="0% (0/2)" missing-branches="2387,2388"/>
						<line number="2387" hits="0"/>
						<line number="2388" hits="0" branch="true" condition-coverage="0% (0/2)" missing-branches="2389,2390"/>
						<line number="2389" hits="0"/>
						<line number="2390" hits="0" branch="true" condition-coverage="0% (0/2)" missing-branches="2391,2393"/>
						<line number="2391" hits="0"/>
						<line number="2393" hits="0"/>
						<line number="2396" hits="1"/>
						<line number="2412" hits="0"/>
						<line number="2415" hits="0" branch="true" condition-coverage="0% (0/2)" missing-branches="2416,2417"/>
						<line number="2416" hits="0"/>
						<line number="2417" hits="0" branch="true" condition-coverage="0% (0/2)" missing-branches="2418,2419"/>
						<line number="2418" hits="0"/>
						<line number="2419" hits="0" branch="true" condition-coverage="0% (0/2)" missing-branches="2420,2422"/>
						<line number="2420" hits="0"/>
						<line number="2422" hits="0"/>
						<line number="2424" hits="0"/>
						<line number="2427" hits="1"/>
						<line number="2658" hits="1"/>
						<line number="2661" hits="1"/>
						<line number="2663" hits="1"/>
						<line number="2664" hits="1"/>
						<line number="2665" hits="1"/>
						<line number="2667" hits="1"/>
						<line number="2681" hits="1" branch="true" condition-coverage="100% (2/2)"/>
						<line number="2684" hits="1"/>
						<line number="2686" hits="1"/>
						<line number="2702" hits="1"/>
						<line number="2705" hits="1"/>
						<line number="2706" hits="1" branch="true" condition-coverage="100% (2/2)"/>
						<line number="2707" hits="1"/>
						<line number="2712" hits="1"/>
						<line number="2713" hits="1" branch="true" condition-coverage="100% (2/2)"/>
						<line number="2714" hits="1"/>
						<line number="2720" hits="1"/>
						<line number="2721" hits="1" branch="true" condition-coverage="100% (2/2)"/>
						<line number="2722" hits="1"/>
						<line number="2723" hits="1" branch="true" condition-coverage="100% (2/2)"/>
						<line number="2724" hits="1"/>
						<line number="2726" hits="1"/>
						<line number="2728" hits="1" branch="true" condition-coverage="100% (2/2)"/>
						<line number="2729" hits="1" branch="true" condition-coverage="100% (2/2)"/>
						<line number="2730" hits="1"/>
						<line number="2735" hits="1"/>
						<line number="2736" hits="1"/>
						<line number="2739" hits="1"/>
						<line number="2740" hits="1" branch="true" condition-coverage="100% (2/2)"/>
						<line number="2741" hits="1" branch="true" condition-coverage="100% (2/2)"/>
						<line number="2742" hits="1"/>
						<line number="2743" hits="1"/>
						<line number="2745" hits="1" branch="true" condition-coverage="50% (1/2)" missing-branches="2754"/>
						<line number="2746" hits="1" branch="true" condition-coverage="100% (2/2)"/>
						<line number="2747" hits="1" branch="true" condition-coverage="100% (2/2)"/>
						<line number="2748" hits="1"/>
						<line number="2752" hits="1"/>
						<line number="2754" hits="0"/>
						<line number="2760" hits="1"/>
						<line number="2766" hits="1"/>
						<line number="2767" hits="1"/>
						<line number="2769" hits="1" branch="true" condition-coverage="100% (2/2)"/>
						<line number="2770" hits="1"/>
						<line number="2776" hits="1" branch="true" condition-coverage="100% (2/2)"/>
						<line number="2777" hits="1"/>
						<line number="2779" hits="1"/>
						<line number="2781" hits="1"/>
						<line number="2783" hits="1" branch="true" condition-coverage="100% (2/2)"/>
						<line number="2784" hits="1"/>
						<line number="2785" hits="1" branch="true" condition-coverage="50% (1/2)" missing-branches="2786"/>
						<line number="2786" hits="0"/>
						<line number="2788" hits="1" branch="true" condition-coverage="100% (2/2)"/>
						<line number="2789" hits="1"/>
						<line number="2790" hits="1"/>
						<line number="2791" hits="1"/>
						<line number="2793" hits="1"/>
						<line number="2794" hits="1"/>
						<line number="2803" hits="1"/>
						<line number="2804" hits="0"/>
						<line number="2805" hits="0"/>
						<line number="2807" hits="0" branch="true" condition-coverage="0% (0/2)" missing-branches="2808,2810"/>
						<line number="2808" hits="0"/>
						<line number="2810" hits="0" branch="true" condition-coverage="0% (0/2)" missing-branches="2811,2818"/>
						<line number="2811" hits="0" branch="true" condition-coverage="0% (0/2)" missing-branches="2812,2816"/>
						<line number="2812" hits="0"/>
						<line number="2816" hits="0"/>
						<line number="2818" hits="0"/>
						<line number="2821" hits="1"/>
						<line number="2827" hits="0"/>
						<line number="2828" hits="0"/>
						<line number="2829" hits="0"/>
						<line number="2831" hits="0" branch="true" condition-coverage="0% (0/2)" missing-branches="2832,2837"/>
						<line number="2832" hits="0"/>
						<line number="2833" hits="0"/>
						<line number="2834" hits="0"/>
						<line number="2835" hits="0"/>
						<line number="2837" hits="0" branch="true" condition-coverage="0% (0/2)" missing-branches="2838,2840"/>
						<line number="2838" hits="0"/>
						<line number="2840" hits="0" branch="true" condition-coverage="0% (0/2)" missing-branches="2841,2843"/>
						<line number="2841" hits="0"/>
						<line number="2843" hits="0"/>
						<line number="2844" hits="0"/>
						<line number="2846" hits="0" branch="true" condition-coverage="0% (0/2)" missing-branches="2847,2849"/>
						<line number="2847" hits="0"/>
						<line number="2849" hits="0"/>
						<line number="2852" hits="1"/>
						<line number="2862" hits="0" branch="true" condition-coverage="0% (0/2)" missing-branches="2863,2870"/>
						<line number="2863" hits="0"/>
						<line number="2870" hits="0" branch="true" condition-coverage="0% (0/2)" missing-branches="2871,2872"/>
						<line number="2871" hits="0"/>
						<line number="2872" hits="0" branch="true" condition-coverage="0% (0/2)" missing-branches="2873,2879"/>
						<line number="2873" hits="0"/>
						<line number="2879" hits="0"/>
						<line number="2887" hits="1"/>
						<line number="2895" hits="0" branch="true" condition-coverage="0% (0/2)" missing-branches="2896,2899"/>
						<line number="2896" hits="0"/>
						<line number="2897" hits="0"/>
						<line number="2899" hits="0" branch="true" condition-coverage="0% (0/2)" missing-branches="2900,2902"/>
						<line number="2900" hits="0"/>
						<line number="2902" hits="0" branch="true" condition-coverage="0% (0/2)" missing-branches="2903,2907"/>
						<line number="2903" hits="0" branch="true" condition-coverage="0% (0/2)" missing-branches="2904,2905"/>
						<line number="2904" hits="0"/>
						<line number="2905" hits="0"/>
						<line number="2907" hits="0"/>
						<line number="2910" hits="1"/>
						<line number="2928" hits="0" branch="true" condition-coverage="0% (0/2)" missing-branches="2929,2931"/>
						<line number="2929" hits="0"/>
						<line number="2931" hits="0"/>
						<line number="2932" hits="0" branch="true" condition-coverage="0% (0/2)" missing-branches="2933,2935"/>
						<line number="2933" hits="0"/>
						<line number="2935" hits="0"/>
						<line number="2936" hits="0"/>
						<line number="2938" hits="0"/>
						<line number="2945" hits="0"/>
						<line number="2956" hits="0"/>
						<line number="2966" hits="1"/>
						<line number="2971" hits="0" branch="true" condition-coverage="0% (0/2)" missing-branches="2972,2975"/>
						<line number="2972" hits="0"/>
						<line number="2975" hits="0"/>
						<line number="2977" hits="0" branch="true" condition-coverage="0% (0/2)" missing-branches="2979,2981"/>
						<line number="2979" hits="0"/>
						<line number="2981" hits="0"/>
						<line number="2982" hits="0"/>
						<line number="2984" hits="0"/>
						<line number="2986" hits="0" branch="true" condition-coverage="0% (0/2)" missing-branches="2987,2990"/>
						<line number="2987" hits="0" branch="true" condition-coverage="0% (0/2)" missing-branches="2988,2990"/>
						<line number="2988" hits="0"/>
						<line number="2990" hits="0" branch="true" condition-coverage="0% (0/2)" missing-branches="2991,2994"/>
						<line number="2991" hits="0" branch="true" condition-coverage="0% (0/2)" missing-branches="2992,2994"/>
						<line number="2992" hits="0"/>
						<line number="2994" hits="0" branch="true" condition-coverage="0% (0/2)" missing-branches="2995,2999"/>
						<line number="2995" hits="0" branch="true" condition-coverage="0% (0/2)" missing-branches="2996,2999"/>
						<line number="2996" hits="0" branch="true" condition-coverage="0% (0/2)" missing-branches="2995,2997"/>
						<line number="2997" hits="0"/>
						<line number="2999" hits="0"/>
						<line number="3000" hits="0"/>
						<line number="3003" hits="1"/>
						<line number="3005" hits="0" branch="true" condition-coverage="0% (0/2)" missing-branches="3007,3013"/>
						<line number="3007" hits="0"/>
						<line number="3008" hits="0"/>
						<line number="3009" hits="0" branch="true" condition-coverage="0% (0/2)" missing-branches="3010,3012"/>
						<line number="3010" hits="0"/>
						<line number="3011" hits="0"/>
						<line number="3012" hits="0"/>
						<line number="3013" hits="0"/>
						<line number="3016" hits="1"/>
						<line number="3023" hits="0"/>
						<line number="3025" hits="0"/>
						<line number="3026" hits="0" branch="true" condition-coverage="0% (0/2)" missing-branches="3027,3034"/>
						<line number="3027" hits="0"/>
						<line number="3028" hits="0" branch="true" condition-coverage="0% (0/2)" missing-branches="3029,3031"/>
						<line number="3029" hits="0"/>
						<line number="3031" hits="0"/>
						<line number="3032" hits="0"/>
						<line number="3034" hits="0"/>
						<line number="3036" hits="0" branch="true" condition-coverage="0% (0/2)" missing-branches="3038,3045"/>
						<line number="3038" hits="0"/>
						<line number="3039" hits="0" branch="true" condition-coverage="0% (0/2)" missing-branches="3040,3042"/>
						<line number="3040" hits="0"/>
						<line number="3042" hits="0"/>
						<line number="3043" hits="0"/>
						<line number="3045" hits="0"/>
						<line number="3048" hits="1"/>
						<line number="3055" hits="0"/>
						<line number="3057" hits="0"/>
						<line number="3058" hits="0" branch="true" condition-coverage="0% (0/2)" missing-branches="3059,3067"/>
						<line number="3059" hits="0"/>
						<line number="3060" hits="0" branch="true" condition-coverage="0% (0/2)" missing-branches="3061,3063"/>
						<line number="3061" hits="0"/>
						<line number="3063" hits="0"/>
						<line number="3064" hits="0"/>
						<line number="3065" hits="0"/>
						<line number="3067" hits="0"/>
						<line number="3069" hits="0" branch="true" condition-coverage="0% (0/2)" missing-branches="3071,3078"/>
						<line number="3071" hits="0"/>
						<line number="3072" hits="0" branch="true" condition-coverage="0% (0/2)" missing-branches="3073,3075"/>
						<line number="3073" hits="0"/>
						<line number="3075" hits="0"/>
						<line number="3076" hits="0"/>
						<line number="3078" hits="0"/>
						<line number="3081" hits="1"/>
						<line number="3083" hits="0"/>
						<line number="3084" hits="0"/>
						<line number="3086" hits="0" branch="true" condition-coverage="0% (0/2)" missing-branches="3087,3093"/>
						<line number="3087" hits="0"/>
						<line number="3088" hits="0" branch="true" condition-coverage="0% (0/2)" missing-branches="3089,3091"/>
						<line number="3089" hits="0"/>
						<line number="3091" hits="0"/>
						<line number="3093" hits="0"/>
						<line number="3094" hits="0"/>
						<line number="3095" hits="0" branch="true" condition-coverage="0% (0/2)" missing-branches="3097,3098"/>
						<line number="3097" hits="0"/>
						<line number="3098" hits="0" branch="true" condition-coverage="0% (0/2)" missing-branches="3099,3104"/>
						<line number="3099" hits="0" branch="true" condition-coverage="0% (0/2)" missing-branches="3101,3102"/>
						<line number="3101" hits="0"/>
						<line number="3102" hits="0"/>
						<line number="3104" hits="0"/>
						<line number="3107" hits="1"/>
						<line number="3116" hits="0" branch="true" condition-coverage="0% (0/2)" missing-branches="3117,3120"/>
						<line number="3117" hits="0"/>
						<line number="3120" hits="0"/>
						<line number="3123" hits="0" branch="true" condition-coverage="0% (0/2)" missing-branches="3124,3128"/>
						<line number="3124" hits="0" branch="true" condition-coverage="0% (0/2)" missing-branches="3123,3125"/>
						<line number="3125" hits="0"/>
						<line number="3128" hits="0"/>
						<line number="3131" hits="0"/>
						<line number="3132" hits="0"/>
						<line number="3134" hits="0" branch="true" condition-coverage="0% (0/2)" missing-branches="3135,3139"/>
						<line number="3135" hits="0"/>
						<line number="3136" hits="0"/>
						<line number="3139" hits="0" branch="true" condition-coverage="0% (0/2)" missing-branches="3141,3148"/>
						<line number="3141" hits="0"/>
						<line number="3142" hits="0" branch="true" condition-coverage="0% (0/2)" missing-branches="3143,3148"/>
						<line number="3143" hits="0"/>
						<line number="3144" hits="0" branch="true" condition-coverage="0% (0/2)" missing-branches="3145,3148"/>
						<line number="3145" hits="0"/>
						<line number="3148" hits="0"/>
						<line number="3149" hits="0"/>
						<line number="3151" hits="0" branch="true" condition-coverage="0% (0/2)" missing-branches="3152,3158"/>
						<line number="3152" hits="0" branch="true" condition-coverage="0% (0/2)" missing-branches="3153,3156"/>
						<line number="3153" hits="0"/>
						<line number="3156" hits="0"/>
						<line number="3158" hits="0"/>
						<line number="3161" hits="1"/>
						<line number="3254" hits="1"/>
						<line number="3257" hits="1"/>
						<line number="3259" hits="1"/>
						<line number="3267" hits="1"/>
						<line number="3270" hits="1"/>
						<line number="3278" hits="0" branch="true" condition-coverage="0% (0/2)" missing-branches="3279,3282"/>
						<line number="3279" hits="0"/>
						<line number="3282" hits="0" branch="true" condition-coverage="0% (0/2)" missing-branches="3284,3288"/>
						<line number="3284" hits="0"/>
						<line number="3288" hits="0"/>
						<line number="3291" hits="0" branch="true" condition-coverage="0% (0/2)" missing-branches="3292,3294"/>
						<line number="3292" hits="0"/>
						<line number="3294" hits="0"/>
						<line number="3297" hits="0"/>
						<line number="3300" hits="0" branch="true" condition-coverage="0% (0/2)" missing-branches="3302,3307"/>
						<line number="3302" hits="0" branch="true" condition-coverage="0% (0/2)" missing-branches="3303,3305"/>
						<line number="3303" hits="0"/>
						<line number="3305" hits="0"/>
						<line number="3307" hits="0"/>
						<line number="3310" hits="1"/>
						<line number="3391" hits="1"/>
						<line number="3394" hits="1"/>
						<line number="3396" hits="1"/>
						<line number="3405" hits="1"/>
						<line number="3408" hits="1"/>
						<line number="3416" hits="0" branch="true" condition-coverage="0% (0/2)" missing-branches="3417,3420"/>
						<line number="3417" hits="0"/>
						<line number="3420" hits="0" branch="true" condition-coverage="0% (0/2)" missing-branches="3422,3426"/>
						<line number="3422" hits="0"/>
						<line number="3426" hits="0"/>
						<line number="3429" hits="0" branch="true" condition-coverage="0% (0/2)" missing-branches="3430,3432"/>
						<line number="3430" hits="0"/>
						<line number="3432" hits="0"/>
						<line number="3435" hits="0"/>
						<line number="3438" hits="0" branch="true" condition-coverage="0% (0/2)" missing-branches="3440,3445"/>
						<line number="3440" hits="0" branch="true" condition-coverage="0% (0/2)" missing-branches="3441,3443"/>
						<line number="3441" hits="0"/>
						<line number="3443" hits="0"/>
						<line number="3445" hits="0"/>
						<line number="3448" hits="1"/>
						<line number="3566" hits="1"/>
						<line number="3569" hits="1"/>
						<line number="3572" hits="1"/>
						<line number="3574" hits="1"/>
						<line number="3585" hits="1"/>
						<line number="3588" hits="1"/>
						<line number="3599" hits="0" branch="true" condition-coverage="0% (0/2)" missing-branches="3600,3603"/>
						<line number="3600" hits="0"/>
						<line number="3603" hits="0" branch="true" condition-coverage="0% (0/2)" missing-branches="3605,3609"/>
						<line number="3605" hits="0"/>
						<line number="3609" hits="0"/>
						<line number="3611" hits="0" branch="true" condition-coverage="0% (0/2)" missing-branches="3612,3619"/>
						<line number="3612" hits="0" branch="true" condition-coverage="0% (0/2)" missing-branches="3613,3615"/>
						<line number="3613" hits="0"/>
						<line number="3615" hits="0"/>
						<line number="3619" hits="0"/>
						<line number="3622" hits="0" branch="true" condition-coverage="0% (0/2)" missing-branches="3623,3625"/>
						<line number="3623" hits="0"/>
						<line number="3625" hits="0"/>
						<line number="3628" hits="0"/>
						<line number="3631" hits="0" branch="true" condition-coverage="0% (0/2)" missing-branches="3633,3638"/>
						<line number="3633" hits="0" branch="true" condition-coverage="0% (0/2)" missing-branches="3634,3636"/>
						<line number="3634" hits="0"/>
						<line number="3636" hits="0"/>
						<line number="3638" hits="0"/>
						<line number="3641" hits="1"/>
						<line number="3762" hits="1" branch="true" condition-coverage="100% (2/2)"/>
						<line number="3763" hits="1"/>
						<line number="3765" hits="1"/>
						<line number="3776" hits="1"/>
						<line number="3779" hits="1"/>
						<line number="3790" hits="0" branch="true" condition-coverage="0% (0/2)" missing-branches="3791,3792"/>
						<line number="3791" hits="0"/>
						<line number="3792" hits="0" branch="true" condition-coverage="0% (0/2)" missing-branches="3793,3795"/>
						<line number="3793" hits="0"/>
						<line number="3795" hits="0"/>
						<line number="3798" hits="0" branch="true" condition-coverage="0% (0/2)" missing-branches="3799,3804"/>
						<line number="3799" hits="0"/>
						<line number="3804" hits="0" branch="true" condition-coverage="0% (0/2)" missing-branches="3805,3808"/>
						<line number="3805" hits="0"/>
						<line number="3808" hits="0" branch="true" condition-coverage="0% (0/2)" missing-branches="3809,3812"/>
						<line number="3809" hits="0"/>
						<line number="3812" hits="0" branch="true" condition-coverage="0% (0/2)" missing-branches="3813,3816"/>
						<line number="3813" hits="0"/>
						<line number="3816" hits="0"/>
						<line number="3818" hits="0"/>
						<line number="3820" hits="0"/>
						<line number="3823" hits="0" branch="true" condition-coverage="0% (0/2)" missing-branches="3825,3836"/>
						<line number="3825" hits="0"/>
						<line number="3828" hits="0"/>
						<line number="3831" hits="0"/>
						<line number="3833" hits="0"/>
						<line number="3836" hits="0"/>
						<line number="3839" hits="0" branch="true" condition-coverage="0% (0/2)" missing-branches="3841,3846"/>
						<line number="3841" hits="0" branch="true" condition-coverage="0% (0/2)" missing-branches="3842,3844"/>
						<line number="3842" hits="0"/>
						<line number="3844" hits="0"/>
						<line number="3846" hits="0"/>
						<line number="3848" hits="0"/>
						<line number="3851" hits="1"/>
						<line number="3865" hits="1"/>
						<line number="3878" hits="1" branch="true" condition-coverage="100% (2/2)"/>
						<line number="3879" hits="1"/>
						<line number="3880" hits="1" branch="true" condition-coverage="50% (1/2)" missing-branches="exit"/>
						<line number="3881" hits="1" branch="true" condition-coverage="50% (1/2)" missing-branches="3880"/>
						<line number="3882" hits="1"/>
						<line number="3885" hits="1"/>
						<line number="3906" hits="0"/>
						<line number="3909" hits="0" branch="true" condition-coverage="0% (0/2)" missing-branches="3910,3911"/>
						<line number="3910" hits="0"/>
						<line number="3911" hits="0" branch="true" condition-coverage="0% (0/2)" missing-branches="3912,3914"/>
						<line number="3912" hits="0"/>
						<line number="3914" hits="0"/>
						<line number="3917" hits="1"/>
						<line number="3918" hits="1"/>
						<line number="3919" hits="1"/>
						<line number="3920" hits="1"/>
						<line number="3921" hits="1"/>
						<line number="3923" hits="1"/>
						<line number="3924" hits="1"/>
						<line number="3925" hits="0" branch="true" condition-coverage="0% (0/2)" missing-branches="3926,3927"/>
						<line number="3926" hits="0"/>
						<line number="3927" hits="0" branch="true" condition-coverage="0% (0/2)" missing-branches="3928,3929"/>
						<line number="3928" hits="0"/>
						<line number="3929" hits="0" branch="true" condition-coverage="0% (0/2)" missing-branches="3930,3932"/>
						<line number="3930" hits="0"/>
						<line number="3932" hits="0"/>
						<line number="3940" hits="1"/>
						<line number="3941" hits="0" branch="true" condition-coverage="0% (0/2)" missing-branches="3942,3943"/>
						<line number="3942" hits="0"/>
						<line number="3943" hits="0" branch="true" condition-coverage="0% (0/2)" missing-branches="3944,3945"/>
						<line number="3944" hits="0"/>
						<line number="3945" hits="0" branch="true" condition-coverage="0% (0/2)" missing-branches="3946,3948"/>
						<line number="3946" hits="0"/>
						<line number="3948" hits="0"/>
						<line number="3950" hits="0" branch="true" condition-coverage="0% (0/2)" missing-branches="3951,3953"/>
						<line number="3951" hits="0"/>
						<line number="3953" hits="0"/>
						<line number="3956" hits="1"/>
						<line number="4015" hits="1"/>
						<line number="4020" hits="1"/>
						<line number="4023" hits="1"/>
						<line number="4028" hits="0" branch="true" condition-coverage="0% (0/2)" missing-branches="4029,4031"/>
						<line number="4029" hits="0"/>
						<line number="4031" hits="0" branch="true" condition-coverage="0% (0/2)" missing-branches="4032,4034"/>
						<line number="4032" hits="0"/>
						<line number="4034" hits="0"/>
						<line number="4036" hits="0"/>
						<line number="4038" hits="0"/>
						<line number="4041" hits="1"/>
						<line number="4171" hits="1"/>
						<line number="4176" hits="0" branch="true" condition-coverage="0% (0/2)" missing-branches="4177,4179"/>
						<line number="4177" hits="0"/>
						<line number="4179" hits="0"/>
						<line number="4181" hits="0"/>
						<line number="4184" hits="0" branch="true" condition-coverage="0% (0/2)" missing-branches="4185,4187"/>
						<line number="4185" hits="0"/>
						<line number="4187" hits="0"/>
						<line number="4189" hits="1"/>
						<line number="4192" hits="1"/>
						<line number="4210" hits="1"/>
						<line number="4212" hits="1" branch="true" condition-coverage="50% (1/2)" missing-branches="4216"/>
						<line number="4216" hits="0"/>
						<line number="4229" hits="1"/>
						<line number="4239" hits="1" branch="true" condition-coverage="50% (1/2)" missing-branches="4243"/>
						<line number="4240" hits="1"/>
						<line number="4243" hits="1" branch="true" condition-coverage="50% (1/2)" missing-branches="4244"/>
						<line number="4244" hits="0"/>
						<line number="4247" hits="1" branch="true" condition-coverage="50% (1/2)" missing-branches="4248"/>
						<line number="4248" hits="0"/>
						<line number="4250" hits="1"/>
						<line number="4253" hits="1"/>
						<line number="4267" hits="0" branch="true" condition-coverage="0% (0/2)" missing-branches="4268,4270"/>
						<line number="4268" hits="0"/>
						<line number="4270" hits="0"/>
						<line number="4272" hits="0"/>
						<line number="4274" hits="0"/>
						<line number="4281" hits="0"/>
						<line number="4284" hits="1"/>
						<line number="4292" hits="1"/>
						<line number="4294" hits="1"/>
						<line number="4300" hits="1"/>
						<line number="4301" hits="1"/>
						<line number="4302" hits="1"/>
						<line number="4305" hits="1"/>
						<line number="4306" hits="1"/>
						<line number="4308" hits="1" branch="true" condition-coverage="50% (1/2)" missing-branches="4309"/>
						<line number="4309" hits="0"/>
						<line number="4312" hits="1" branch="true" condition-coverage="50% (1/2)" missing-branches="4320"/>
						<line number="4313" hits="1"/>
						<line number="4314" hits="1" branch="true" condition-coverage="100% (2/2)"/>
						<line number="4315" hits="1" branch="true" condition-coverage="100% (2/2)"/>
						<line number="4316" hits="1"/>
						<line number="4317" hits="1"/>
						<line number="4318" hits="1"/>
						<line number="4320" hits="0"/>
						<line number="4323" hits="1" branch="true" condition-coverage="100% (2/2)"/>
						<line number="4324" hits="1"/>
						<line number="4327" hits="1"/>
						<line number="4329" hits="1"/>
						<line number="4332" hits="1"/>
						<line number="4341" hits="1" branch="true" condition-coverage="50% (1/2)" missing-branches="4342"/>
						<line number="4342" hits="0"/>
						<line number="4344" hits="1"/>
						<line number="4346" hits="1"/>
						<line number="4349" hits="1"/>
						<line number="4355" hits="1" branch="true" condition-coverage="50% (1/2)" missing-branches="4356"/>
						<line number="4356" hits="0"/>
						<line number="4359" hits="1"/>
						<line number="4360" hits="1"/>
						<line number="4361" hits="1"/>
						<line number="4364" hits="1"/>
						<line number="4365" hits="1"/>
						<line number="4368" hits="1" branch="true" condition-coverage="50% (1/2)" missing-branches="4376"/>
						<line number="4369" hits="1"/>
						<line number="4370" hits="1" branch="true" condition-coverage="100% (2/2)"/>
						<line number="4371" hits="1" branch="true" condition-coverage="100% (2/2)"/>
						<line number="4372" hits="1"/>
						<line number="4373" hits="1"/>
						<line number="4374" hits="1"/>
						<line number="4376" hits="0"/>
						<line number="4379" hits="1" branch="true" condition-coverage="100% (2/2)"/>
						<line number="4380" hits="1"/>
						<line number="4383" hits="1"/>
						<line number="4387" hits="1" branch="true" condition-coverage="50% (1/2)" missing-branches="4388"/>
						<line number="4388" hits="0"/>
						<line number="4390" hits="1"/>
						<line number="4393" hits="1"/>
						<line number="4405" hits="0" branch="true" condition-coverage="0% (0/2)" missing-branches="4406,4409"/>
						<line number="4406" hits="0"/>
						<line number="4409" hits="0" branch="true" condition-coverage="0% (0/2)" missing-branches="4410,4413"/>
						<line number="4410" hits="0"/>
						<line number="4413" hits="0" branch="true" condition-coverage="0% (0/2)" missing-branches="4416,4420"/>
						<line number="4416" hits="0"/>
						<line number="4420" hits="0"/>
						<line number="4421" hits="0"/>
						<line number="4424" hits="0"/>
						<line number="4428" hits="0"/>
						<line number="4432" hits="0"/>
						<line number="4446" hits="0"/>
						<line number="4448" hits="0"/>
						<line number="4450" hits="0"/>
						<line number="4453" hits="1"/>
						<line number="4454" hits="1"/>
						<line number="4455" hits="1"/>
						<line number="4456" hits="1"/>
						<line number="4459" hits="1"/>
						<line number="4467" hits="1"/>
						<line number="4468" hits="1"/>
						<line number="4469" hits="1"/>
						<line number="4471" hits="1" branch="true" condition-coverage="50% (1/2)" missing-branches="4472"/>
						<line number="4472" hits="0"/>
						<line number="4473" hits="0"/>
						<line number="4475" hits="1"/>
						<line number="4476" hits="1"/>
						<line number="4478" hits="1" branch="true" condition-coverage="50% (1/2)" missing-branches="4481"/>
						<line number="4481" hits="0"/>
						<line number="4483" hits="1"/>
						<line number="4485" hits="1"/>
						<line number="4488" hits="1"/>
						<line number="4493" hits="0"/>
						<line number="4494" hits="0"/>
						<line number="4496" hits="0"/>
						<line number="4497" hits="0"/>
						<line number="4499" hits="0"/>
						<line number="4502" hits="1"/>
						<line number="4521" hits="1" branch="true" condition-coverage="100% (2/2)"/>
						<line number="4522" hits="1"/>
						<line number="4524" hits="1" branch="true" condition-coverage="50% (1/2)" missing-branches="4525"/>
						<line number="4525" hits="0"/>
						<line number="4526" hits="0"/>
						<line number="4528" hits="0" branch="true" condition-coverage="0% (0/2)" missing-branches="4529,4532"/>
						<line number="4529" hits="0"/>
						<line number="4532" hits="0"/>
						<line number="4535" hits="1"/>
						<line number="4537" hits="1"/>
						<line number="4540" hits="1"/>
						<line number="4568" hits="0" branch="true" condition-coverage="0% (0/2)" missing-branches="4569,4570"/>
						<line number="4569" hits="0"/>
						<line number="4570" hits="0" branch="true" condition-coverage="0% (0/2)" missing-branches="4571,4573"/>
						<line number="4571" hits="0"/>
						<line number="4573" hits="0"/>
						<line number="4576" hits="1"/>
						<line number="4577" hits="1"/>
						<line number="4580" hits="1"/>
						<line number="4581" hits="0"/>
						<line number="4584" hits="1"/>
						<line number="4585" hits="0"/>
						<line number="4588" hits="1"/>
						<line number="4589" hits="0"/>
						<line number="4592" hits="1"/>
						<line number="4593" hits="0" branch="true" condition-coverage="0% (0/2)" missing-branches="4594,4595"/>
						<line number="4594" hits="0"/>
						<line number="4595" hits="0" branch="true" condition-coverage="0% (0/2)" missing-branches="4596,4598"/>
						<line number="4596" hits="0"/>
						<line number="4598" hits="0"/>
						<line number="4600" hits="0"/>
						<line number="4603" hits="1"/>
						<line number="4604" hits="0" branch="true" condition-coverage="0% (0/2)" missing-branches="4606,4608"/>
						<line number="4606" hits="0"/>
						<line number="4608" hits="0" branch="true" condition-coverage="0% (0/2)" missing-branches="4611,4615"/>
						<line number="4611" hits="0"/>
						<line number="4615" hits="0"/>
						<line number="4617" hits="0"/>
						<line number="4620" hits="1"/>
						<line number="4621" hits="0" branch="true" condition-coverage="0% (0/2)" missing-branches="4622,4624"/>
						<line number="4622" hits="0"/>
						<line number="4624" hits="0"/>
						<line number="4626" hits="0"/>
						<line number="4629" hits="1"/>
						<line number="4630" hits="0" branch="true" condition-coverage="0% (0/2)" missing-branches="4631,4633"/>
						<line number="4631" hits="0"/>
						<line number="4633" hits="0"/>
						<line number="4635" hits="0"/>
						<line number="4638" hits="1"/>
						<line number="4639" hits="0" branch="true" condition-coverage="0% (0/2)" missing-branches="4640,4642"/>
						<line number="4640" hits="0"/>
						<line number="4642" hits="0"/>
						<line number="4644" hits="0"/>
						<line number="4647" hits="1"/>
						<line number="4658" hits="0"/>
						<line number="4661" hits="1"/>
						<line number="4668" hits="0" branch="true" condition-coverage="0% (0/2)" missing-branches="4669,4670"/>
						<line number="4669" hits="0"/>
						<line number="4670" hits="0" branch="true" condition-coverage="0% (0/2)" missing-branches="4671,4672"/>
						<line number="4671" hits="0"/>
						<line number="4672" hits="0" branch="true" condition-coverage="0% (0/2)" missing-branches="4673,4675"/>
						<line number="4673" hits="0"/>
						<line number="4675" hits="0"/>
						<line number="4678" hits="1"/>
						<line number="4687" hits="0" branch="true" condition-coverage="0% (0/2)" missing-branches="4693,4718"/>
						<line number="4693" hits="0"/>
						<line number="4696" hits="0" branch="true" condition-coverage="0% (0/2)" missing-branches="4697,4700"/>
						<line number="4697" hits="0"/>
						<line number="4700" hits="0"/>
						<line number="4701" hits="0"/>
						<line number="4703" hits="0" branch="true" condition-coverage="0% (0/2)" missing-branches="4706,4709"/>
						<line number="4706" hits="0"/>
						<line number="4709" hits="0"/>
						<line number="4712" hits="0"/>
						<line number="4718" hits="0"/>
						<line number="4720" hits="0"/>
						<line number="4724" hits="0" branch="true" condition-coverage="0% (0/2)" missing-branches="4725,4729"/>
						<line number="4725" hits="0"/>
						<line number="4726" hits="0"/>
						<line number="4727" hits="0"/>
						<line number="4729" hits="0"/>
						<line number="4730" hits="0" branch="true" condition-coverage="0% (0/2)" missing-branches="4731,4734"/>
						<line number="4731" hits="0"/>
						<line number="4734" hits="0"/>
						<line number="4735" hits="0"/>
						<line number="4737" hits="0"/>
						<line number="4739" hits="0"/>
						<line number="4742" hits="1"/>
						<line number="4752" hits="0" branch="true" condition-coverage="0% (0/2)" missing-branches="4753,4767"/>
						<line number="4753" hits="0"/>
						<line number="4764" hits="0"/>
						<line number="4765" hits="0"/>
						<line number="4767" hits="0"/>
						<line number="4768" hits="0"/>
						<line number="4770" hits="0"/>
						<line number="4781" hits="0"/>
						<line number="4783" hits="0"/>
						<line number="4786" hits="1"/>
						<line number="4795" hits="0" branch="true" condition-coverage="0% (0/2)" missing-branches="4797,4812"/>
						<line number="4797" hits="0"/>
						<line number="4799" hits="0" branch="true" condition-coverage="0% (0/2)" missing-branches="4800,4802"/>
						<line number="4800" hits="0"/>
						<line number="4802" hits="0"/>
						<line number="4803" hits="0"/>
						<line number="4805" hits="0" branch="true" condition-coverage="0% (0/2)" missing-branches="4806,4808"/>
						<line number="4806" hits="0"/>
						<line number="4808" hits="0"/>
						<line number="4809" hits="0"/>
						<line number="4812" hits="0"/>
						<line number="4813" hits="0"/>
						<line number="4815" hits="0" branch="true" condition-coverage="0% (0/2)" missing-branches="4816,4820"/>
						<line number="4816" hits="0"/>
						<line number="4817" hits="0"/>
						<line number="4818" hits="0"/>
						<line number="4820" hits="0"/>
						<line number="4821" hits="0" branch="true" condition-coverage="0% (0/2)" missing-branches="4822,4824"/>
						<line number="4822" hits="0"/>
						<line number="4824" hits="0"/>
						<line number="4825" hits="0"/>
						<line number="4827" hits="0"/>
						<line number="4829" hits="0"/>
						<line number="4832" hits="1"/>
						<line number="4833" hits="0" branch="true" condition-coverage="0% (0/2)" missing-branches="4834,4839"/>
						<line number="4834" hits="0" branch="true" condition-coverage="0% (0/2)" missing-branches="4835,4837"/>
						<line number="4835" hits="0"/>
						<line number="4837" hits="0"/>
						<line number="4839" hits="0"/>
						<line number="4842" hits="1"/>
						<line number="4852" hits="0"/>
						<line number="4855" hits="1"/>
						<line number="4859" hits="1"/>
						<line number="4860" hits="1"/>
						<line number="4861" hits="1" branch="true" condition-coverage="100% (2/2)"/>
						<line number="4862" hits="1"/>
						<line number="4865" hits="1"/>
						<line number="4868" hits="1"/>
						<line number="4871" hits="1" branch="true" condition-coverage="100% (2/2)"/>
						<line number="4872" hits="1"/>
						<line number="4875" hits="1" branch="true" condition-coverage="100% (2/2)"/>
						<line number="4876" hits="1"/>
						<line number="4879" hits="1"/>
						<line number="4885" hits="1"/>
						<line number="4886" hits="1" branch="true" condition-coverage="50% (1/2)" missing-branches="4887"/>
						<line number="4887" hits="0"/>
						<line number="4891" hits="1"/>
						<line number="4893" hits="1"/>
						<line number="4896" hits="1"/>
						<line number="4898" hits="1" branch="true" condition-coverage="100% (2/2)"/>
						<line number="4899" hits="1"/>
						<line number="4902" hits="1"/>
						<line number="4908" hits="1"/>
						<line number="4911" hits="1" branch="true" condition-coverage="50% (1/2)" missing-branches="4912"/>
						<line number="4912" hits="0"/>
						<line number="4914" hits="1"/>
						<line number="4917" hits="1"/>
						<line number="4927" hits="1"/>
						<line number="4928" hits="1"/>
						<line number="4933" hits="1" branch="true" condition-coverage="50% (1/2)" missing-branches="4934"/>
						<line number="4934" hits="0"/>
						<line number="4935" hits="1"/>
						<line number="4938" hits="1"/>
						<line number="4951" hits="1" branch="true" condition-coverage="100% (2/2)"/>
						<line number="4952" hits="1"/>
						<line number="4954" hits="1"/>
						<line number="4955" hits="1"/>
						<line number="4958" hits="1"/>
						<line number="4961" hits="1" branch="true" condition-coverage="100% (2/2)"/>
						<line number="4962" hits="1"/>
						<line number="4967" hits="1"/>
						<line number="4982" hits="1" branch="true" condition-coverage="100% (2/2)"/>
						<line number="4983" hits="1"/>
						<line number="4986" hits="1"/>
						<line number="4990" hits="1"/>
						<line number="4992" hits="1"/>
						<line number="4998" hits="1" branch="true" condition-coverage="100% (2/2)"/>
						<line number="4999" hits="1"/>
						<line number="5001" hits="1"/>
						<line number="5002" hits="1"/>
						<line number="5003" hits="1"/>
						<line number="5004" hits="1"/>
						<line number="5010" hits="1"/>
						<line number="5013" hits="1"/>
						<line number="5014" hits="1" branch="true" condition-coverage="100% (2/2)"/>
						<line number="5015" hits="1"/>
						<line number="5019" hits="1"/>
						<line number="5022" hits="1" branch="true" condition-coverage="50% (1/2)" missing-branches="5023"/>
						<line number="5023" hits="0"/>
						<line number="5027" hits="1"/>
						<line number="5028" hits="1"/>
						<line number="5030" hits="1"/>
						<line number="5033" hits="1"/>
						<line number="5051" hits="1" branch="true" condition-coverage="100% (2/2)"/>
						<line number="5052" hits="1"/>
						<line number="5055" hits="1"/>
						<line number="5058" hits="1"/>
						<line number="5063" hits="1" branch="true" condition-coverage="50% (1/2)" missing-branches="5064"/>
						<line number="5064" hits="0"/>
						<line number="5068" hits="1" branch="true" condition-coverage="50% (1/2)" missing-branches="5069"/>
						<line number="5069" hits="0"/>
						<line number="5071" hits="1"/>
						<line number="5074" hits="1"/>
						<line number="5089" hits="1"/>
						<line number="5095" hits="1"/>
						<line number="5100" hits="1" branch="true" condition-coverage="50% (1/2)" missing-branches="5101"/>
						<line number="5101" hits="0"/>
						<line number="5103" hits="1"/>
						<line number="5106" hits="1"/>
						<line number="5121" hits="1"/>
						<line number="5125" hits="1" branch="true" condition-coverage="50% (1/2)" missing-branches="5126"/>
						<line number="5126" hits="0"/>
						<line number="5131" hits="1"/>
						<line number="5149" hits="1" branch="true" condition-coverage="100% (2/2)"/>
						<line number="5150" hits="1"/>
						<line number="5153" hits="1" branch="true" condition-coverage="100% (2/2)"/>
						<line number="5155" hits="1"/>
[...]
						<line number="233" hits="0"/>
						<line number="234" hits="0"/>
						<line number="237" hits="1"/>
						<line number="238" hits="1"/>
						<line number="247" hits="0"/>
						<line number="268" hits="0"/>
						<line number="269" hits="0"/>
						<line number="270" hits="0"/>
						<line number="273" hits="1"/>
						<line number="274" hits="1"/>
						<line number="283" hits="0"/>
					</lines>
				</class>
				<class name="test_utils_render_latex.py" filename="tests/test_utils_render_latex.py" complexity="0" line-rate="0.704" branch-rate="1">
					<methods/>
					<lines>
						<line number="1" hits="1"/>
						<line number="2" hits="1"/>
						<line number="3" hits="1"/>
						<line number="4" hits="1"/>
						<line number="6" hits="1"/>
						<line number="7" hits="1"/>
						<line number="9" hits="1"/>
						<line number="31" hits="1"/>
						<line number="32" hits="1"/>
						<line number="33" hits="1"/>
						<line number="36" hits="1"/>
						<line number="37" hits="1"/>
						<line number="38" hits="1"/>
						<line number="41" hits="1"/>
						<line number="42" hits="1"/>
						<line number="43" hits="1"/>
						<line number="46" hits="1"/>
						<line number="47" hits="1"/>
						<line number="48" hits="1"/>
						<line number="51" hits="1"/>
						<line number="52" hits="1"/>
						<line number="53" hits="1"/>
						<line number="64" hits="1"/>
						<line number="65" hits="1"/>
						<line number="66" hits="1"/>
						<line number="67" hits="1"/>
						<line number="68" hits="1"/>
						<line number="71" hits="1"/>
						<line number="72" hits="1"/>
						<line number="73" hits="1"/>
						<line number="76" hits="1"/>
						<line number="77" hits="1"/>
						<line number="78" hits="1"/>
						<line number="79" hits="1"/>
						<line number="80" hits="1"/>
						<line number="81" hits="1"/>
						<line number="82" hits="1"/>
						<line number="83" hits="1"/>
						<line number="84" hits="1"/>
						<line number="87" hits="1"/>
						<line number="88" hits="1"/>
						<line number="89" hits="1"/>
						<line number="92" hits="1"/>
						<line number="93" hits="1"/>
						<line number="94" hits="1"/>
						<line number="97" hits="1"/>
						<line number="98" hits="1"/>
						<line number="99" hits="1"/>
						<line number="101" hits="1"/>
						<line number="104" hits="1"/>
						<line number="105" hits="1"/>
						<line number="106" hits="1"/>
						<line number="109" hits="1"/>
						<line number="110" hits="1"/>
						<line number="113" hits="1"/>
						<line number="114" hits="1"/>
						<line number="117" hits="1"/>
						<line number="118" hits="1"/>
						<line number="120" hits="0"/>
						<line number="123" hits="1"/>
						<line number="124" hits="1"/>
						<line number="126" hits="0"/>
						<line number="129" hits="1"/>
						<line number="130" hits="1"/>
						<line number="132" hits="0"/>
						<line number="135" hits="1"/>
						<line number="136" hits="1"/>
						<line number="138" hits="0"/>
						<line number="141" hits="1"/>
						<line number="142" hits="1"/>
						<line number="144" hits="0"/>
						<line number="147" hits="1"/>
						<line number="148" hits="1"/>
						<line number="150" hits="0"/>
						<line number="156" hits="1"/>
						<line number="157" hits="1"/>
						<line number="159" hits="0"/>
						<line number="165" hits="1"/>
						<line number="166" hits="1"/>
						<line number="168" hits="0"/>
						<line number="171" hits="1"/>
						<line number="172" hits="1"/>
						<line number="174" hits="0"/>
						<line number="177" hits="1"/>
						<line number="178" hits="1"/>
						<line number="179" hits="1"/>
						<line number="180" hits="0"/>
						<line number="182" hits="0"/>
						<line number="183" hits="0"/>
						<line number="187" hits="0"/>
						<line number="193" hits="1"/>
						<line number="194" hits="1"/>
						<line number="196" hits="1"/>
						<line number="202" hits="1"/>
						<line number="203" hits="1"/>
						<line number="205" hits="0"/>
						<line number="211" hits="1"/>
						<line number="212" hits="1"/>
						<line number="214" hits="0"/>
						<line number="220" hits="1"/>
						<line number="221" hits="1"/>
						<line number="229" hits="0"/>
						<line number="235" hits="1"/>
						<line number="236" hits="1"/>
						<line number="245" hits="0"/>
						<line number="251" hits="1"/>
						<line number="252" hits="1"/>
						<line number="255" hits="1"/>
						<line number="256" hits="1"/>
						<line number="258" hits="0"/>
						<line number="264" hits="1"/>
						<line number="265" hits="1"/>
						<line number="269" hits="0"/>
						<line number="275" hits="1"/>
						<line number="276" hits="1"/>
						<line number="279" hits="1"/>
						<line number="280" hits="1"/>
						<line number="284" hits="0"/>
						<line number="287" hits="1"/>
						<line number="288" hits="1"/>
						<line number="292" hits="0"/>
						<line number="295" hits="1"/>
						<line number="296" hits="1"/>
						<line number="300" hits="0"/>
						<line number="306" hits="1"/>
						<line number="307" hits="1"/>
						<line number="309" hits="0"/>
						<line number="315" hits="1"/>
						<line number="316" hits="1"/>
						<line number="320" hits="0"/>
						<line number="326" hits="1"/>
						<line number="327" hits="1"/>
						<line number="329" hits="0"/>
						<line number="335" hits="1"/>
						<line number="336" hits="1"/>
						<line number="340" hits="0"/>
						<line number="346" hits="1"/>
						<line number="347" hits="1"/>
						<line number="351" hits="0"/>
						<line number="357" hits="1"/>
						<line number="358" hits="1"/>
						<line number="362" hits="0"/>
						<line number="368" hits="1"/>
						<line number="369" hits="1"/>
						<line number="373" hits="0"/>
						<line number="376" hits="1"/>
						<line number="377" hits="1"/>
						<line number="378" hits="1"/>
						<line number="379" hits="1"/>
						<line number="382" hits="1"/>
						<line number="383" hits="1"/>
						<line number="384" hits="1"/>
						<line number="385" hits="1"/>
						<line number="388" hits="1"/>
						<line number="389" hits="1"/>
						<line number="390" hits="1"/>
						<line number="393" hits="1"/>
						<line number="394" hits="1"/>
						<line number="395" hits="1"/>
						<line number="398" hits="1"/>
						<line number="399" hits="1"/>
						<line number="400" hits="0"/>
						<line number="402" hits="0"/>
						<line number="410" hits="0"/>
						<line number="419" hits="1"/>
						<line number="420" hits="1"/>
						<line number="422" hits="0"/>
						<line number="431" hits="1"/>
						<line number="432" hits="1"/>
						<line number="434" hits="0"/>
						<line number="443" hits="1"/>
						<line number="444" hits="1"/>
						<line number="446" hits="0"/>
						<line number="455" hits="1"/>
						<line number="456" hits="1"/>
						<line number="469" hits="0"/>
						<line number="473" hits="0"/>
						<line number="476" hits="1"/>
						<line number="477" hits="1"/>
						<line number="490" hits="0"/>
						<line number="494" hits="0"/>
						<line number="497" hits="1"/>
						<line number="498" hits="1"/>
						<line number="499" hits="1"/>
						<line number="502" hits="0"/>
						<line number="505" hits="0"/>
						<line number="508" hits="0"/>
						<line number="509" hits="0"/>
						<line number="512" hits="1"/>
						<line number="513" hits="1"/>
						<line number="514" hits="1"/>
						<line number="517" hits="0"/>
						<line number="520" hits="0"/>
						<line number="521" hits="0"/>
						<line number="524" hits="0"/>
						<line number="527" hits="1"/>
						<line number="528" hits="1"/>
						<line number="529" hits="1"/>
						<line number="532" hits="0"/>
						<line number="535" hits="0"/>
						<line number="538" hits="0"/>
						<line number="539" hits="0"/>
						<line number="542" hits="1"/>
						<line number="543" hits="1"/>
						<line number="544" hits="1"/>
						<line number="547" hits="0"/>
						<line number="550" hits="0"/>
						<line number="553" hits="1"/>
						<line number="554" hits="1"/>
						<line number="555" hits="0"/>
						<line number="558" hits="0"/>
						<line number="561" hits="0"/>
						<line number="564" hits="0"/>
						<line number="565" hits="0"/>
						<line number="568" hits="1"/>
						<line number="569" hits="1"/>
						<line number="572" hits="0"/>
						<line number="575" hits="0"/>
						<line number="578" hits="0"/>
						<line number="581" hits="0"/>
						<line number="582" hits="0"/>
						<line number="585" hits="1"/>
						<line number="586" hits="1"/>
						<line number="588" hits="0"/>
						<line number="589" hits="0"/>
						<line number="591" hits="0"/>
						<line number="594" hits="1"/>
						<line number="595" hits="1"/>
						<line number="596" hits="1"/>
						<line number="598" hits="0"/>
						<line number="601" hits="1"/>
						<line number="602" hits="1"/>
						<line number="603" hits="1"/>
						<line number="605" hits="0"/>
						<line number="608" hits="1"/>
						<line number="609" hits="1"/>
						<line number="610" hits="1"/>
						<line number="612" hits="0"/>
						<line number="615" hits="1"/>
						<line number="616" hits="1"/>
						<line number="617" hits="1"/>
						<line number="619" hits="0"/>
						<line number="622" hits="1"/>
						<line number="623" hits="1"/>
						<line number="624" hits="0"/>
						<line number="626" hits="0"/>
						<line number="629" hits="1"/>
						<line number="630" hits="1"/>
						<line number="633" hits="0"/>
						<line number="635" hits="0"/>
					</lines>
				</class>
				<class name="utils.py" filename="tests/utils.py" complexity="0" line-rate="1" branch-rate="1">
					<methods/>
					<lines>
						<line number="1" hits="1"/>
						<line number="3" hits="1"/>
						<line number="5" hits="1"/>
						<line number="11" hits="1"/>
						<line number="12" hits="1"/>
					</lines>
				</class>
			</classes>
		</package>
		<package name="tests.data_color" line-rate="0.8444" branch-rate="0.5" complexity="0">
			<classes>
				<class name="test_data_color.py" filename="tests/data_color/test_data_color.py" complexity="0" line-rate="0.7059" branch-rate="0.4">
					<methods/>
					<lines>
						<line number="1" hits="1"/>
						<line number="3" hits="1"/>
						<line number="4" hits="1"/>
						<line number="5" hits="1"/>
						<line number="6" hits="1"/>
						<line number="7" hits="1"/>
						<line number="9" hits="1"/>
						<line number="10" hits="1"/>
						<line number="11" hits="1"/>
						<line number="12" hits="1"/>
						<line number="13" hits="1"/>
						<line number="15" hits="1"/>
						<line number="17" hits="1"/>
						<line number="24" hits="1"/>
						<line number="25" hits="1"/>
						<line number="26" hits="1"/>
						<line number="29" hits="1"/>
						<line number="30" hits="0"/>
						<line number="31" hits="0"/>
						<line number="33" hits="0"/>
						<line number="36" hits="1"/>
						<line number="37" hits="0" branch="true" condition-coverage="0% (0/2)" missing-branches="38,41"/>
						<line number="38" hits="0" branch="true" condition-coverage="0% (0/2)" missing-branches="37,39"/>
						<line number="39" hits="0"/>
						<line number="41" hits="0"/>
						<line number="44" hits="1"/>
						<line number="45" hits="1"/>
						<line number="53" hits="1"/>
						<line number="55" hits="0"/>
						<line number="58" hits="1"/>
						<line number="59" hits="1"/>
						<line number="61" hits="0"/>
						<line number="64" hits="1"/>
						<line number="65" hits="1"/>
						<line number="66" hits="1"/>
						<line number="67" hits="0"/>
						<line number="68" hits="0"/>
						<line number="69" hits="0"/>
						<line number="74" hits="1"/>
						<line number="75" hits="1"/>
						<line number="77" hits="1"/>
						<line number="78" hits="1"/>
						<line number="79" hits="0"/>
						<line number="80" hits="0"/>
						<line number="81" hits="0"/>
						<line number="86" hits="1"/>
						<line number="87" hits="1"/>
						<line number="88" hits="1"/>
						<line number="89" hits="1"/>
						<line number="93" hits="1" branch="true" condition-coverage="100% (2/2)"/>
						<line number="94" hits="1"/>
						<line number="96" hits="1"/>
						<line number="97" hits="1"/>
						<line number="98" hits="0"/>
						<line number="99" hits="0"/>
						<line number="102" hits="1"/>
						<line number="103" hits="1"/>
						<line number="105" hits="0"/>
						<line number="108" hits="1"/>
						<line number="110" hits="1"/>
						<line number="114" hits="0"/>
						<line number="117" hits="1"/>
						<line number="119" hits="1"/>
						<line number="127" hits="0"/>
						<line number="130" hits="1"/>
						<line number="132" hits="1"/>
						<line number="139" hits="0"/>
						<line number="142" hits="1"/>
						<line number="144" hits="1"/>
						<line number="151" hits="0"/>
						<line number="154" hits="1"/>
						<line number="156" hits="1"/>
						<line number="165" hits="0"/>
						<line number="168" hits="1"/>
						<line number="169" hits="1"/>
						<line number="207" hits="1" branch="true" condition-coverage="50% (1/2)" missing-branches="exit"/>
						<line number="208" hits="1"/>
						<line number="209" hits="0"/>
						<line number="212" hits="1"/>
						<line number="213" hits="1"/>
						<line number="221" hits="1" branch="true" condition-coverage="50% (1/2)" missing-branches="exit"/>
						<line number="222" hits="1"/>
						<line number="223" hits="0"/>
						<line number="226" hits="1"/>
						<line number="227" hits="1"/>
						<line number="235" hits="1"/>
						<line number="237" hits="0"/>
						<line number="240" hits="1"/>
						<line number="241" hits="1"/>
						<line number="249" hits="1"/>
						<line number="251" hits="0"/>
						<line number="255" hits="1"/>
						<line number="256" hits="1"/>
						<line number="257" hits="1"/>
						<line number="259" hits="0"/>
						<line number="264" hits="1"/>
						<line number="265" hits="1"/>
						<line number="266" hits="1"/>
						<line number="268" hits="0"/>
						<line number="272" hits="1"/>
						<line number="273" hits="1"/>
						<line number="274" hits="1"/>
						<line number="276" hits="0"/>
						<line number="280" hits="1"/>
						<line number="281" hits="1"/>
						<line number="282" hits="1"/>
						<line number="284" hits="0"/>
						<line number="288" hits="1"/>
						<line number="289" hits="1"/>
						<line number="290" hits="1"/>
						<line number="292" hits="0"/>
						<line number="296" hits="1"/>
						<line number="297" hits="1"/>
						<line number="298" hits="1"/>
						<line number="300" hits="0"/>
						<line number="305" hits="1"/>
						<line number="306" hits="1"/>
						<line number="307" hits="1"/>
						<line number="309" hits="0"/>
						<line number="313" hits="1"/>
						<line number="314" hits="1"/>
						<line number="315" hits="1"/>
						<line number="317" hits="0"/>
						<line number="321" hits="1"/>
						<line number="322" hits="1"/>
						<line number="323" hits="1"/>
						<line number="325" hits="0"/>
						<line number="329" hits="1"/>
						<line number="330" hits="1"/>
						<line number="331" hits="1"/>
						<line number="333" hits="0"/>
						<line number="337" hits="1"/>
						<line number="338" hits="1"/>
						<line number="346" hits="0"/>
						<line number="348" hits="0"/>
						<line number="350" hits="0"/>
					</lines>
				</class>
				<class name="test_data_color_utils.py" filename="tests/data_color/test_data_color_utils.py" complexity="0" line-rate="1" branch-rate="1">
					<methods/>
					<lines>
						<line number="1" hits="1"/>
						<line number="3" hits="1"/>
						<line number="4" hits="1"/>
						<line number="5" hits="1"/>
						<line number="7" hits="1"/>
						<line number="8" hits="1"/>
						<line number="9" hits="1"/>
						<line number="28" hits="1"/>
						<line number="29" hits="1"/>
						<line number="31" hits="1"/>
						<line number="34" hits="1"/>
						<line number="40" hits="1"/>
						<line number="41" hits="1" branch="true" condition-coverage="100% (2/2)"/>
						<line number="42" hits="1"/>
						<line number="45" hits="1"/>
						<line number="52" hits="1"/>
						<line number="53" hits="1"/>
						<line number="56" hits="1"/>
						<line number="73" hits="1"/>
						<line number="76" hits="1"/>
						<line number="79" hits="1"/>
						<line number="101" hits="1"/>
						<line number="102" hits="1"/>
						<line number="105" hits="1"/>
						<line number="120" hits="1"/>
						<line number="121" hits="1"/>
						<line number="124" hits="1"/>
						<line number="134" hits="1"/>
						<line number="135" hits="1"/>
						<line number="138" hits="1"/>
						<line number="148" hits="1"/>
						<line number="149" hits="1"/>
						<line number="152" hits="1"/>
						<line number="163" hits="1"/>
						<line number="164" hits="1"/>
						<line number="167" hits="1"/>
						<line number="180" hits="1"/>
						<line number="181" hits="1"/>
						<line number="183" hits="1"/>
						<line number="184" hits="1"/>
						<line number="185" hits="1"/>
						<line number="188" hits="1"/>
						<line number="201" hits="1"/>
						<line number="202" hits="1"/>
						<line number="203" hits="1"/>
						<line number="206" hits="1"/>
						<line number="217" hits="1"/>
						<line number="218" hits="1"/>
						<line number="221" hits="1"/>
						<line number="234" hits="1"/>
						<line number="235" hits="1"/>
						<line number="238" hits="1"/>
						<line number="240" hits="1"/>
						<line number="241" hits="1"/>
						<line number="242" hits="1"/>
						<line number="244" hits="1"/>
						<line number="247" hits="1"/>
						<line number="260" hits="1"/>
						<line number="261" hits="1"/>
						<line number="264" hits="1"/>
						<line number="277" hits="1"/>
						<line number="278" hits="1"/>
						<line number="281" hits="1"/>
						<line number="307" hits="1"/>
						<line number="308" hits="1"/>
						<line number="311" hits="1"/>
						<line number="320" hits="1"/>
						<line number="321" hits="1"/>
						<line number="324" hits="1"/>
						<line number="340" hits="1"/>
						<line number="346" hits="1"/>
						<line number="347" hits="1"/>
						<line number="348" hits="1"/>
						<line number="349" hits="1"/>
						<line number="352" hits="1"/>
						<line number="360" hits="1"/>
						<line number="361" hits="1"/>
						<line number="362" hits="1"/>
						<line number="363" hits="1"/>
						<line number="364" hits="1"/>
						<line number="367" hits="1"/>
						<line number="368" hits="1"/>
						<line number="369" hits="1"/>
						<line number="370" hits="1"/>
						<line number="373" hits="1"/>
						<line number="391" hits="1"/>
						<line number="394" hits="1"/>
						<line number="395" hits="1"/>
						<line number="396" hits="1"/>
						<line number="397" hits="1"/>
						<line number="400" hits="1"/>
						<line number="401" hits="1"/>
						<line number="403" hits="1"/>
						<line number="404" hits="1"/>
						<line number="407" hits="1"/>
						<line number="410" hits="1"/>
						<line number="411" hits="1"/>
						<line number="413" hits="1"/>
						<line number="414" hits="1"/>
						<line number="417" hits="1"/>
						<line number="425" hits="1"/>
						<line number="426" hits="1"/>
						<line number="428" hits="1"/>
						<line number="429" hits="1"/>
						<line number="432" hits="1"/>
						<line number="434" hits="1"/>
						<line number="436" hits="1"/>
						<line number="437" hits="1"/>
						<line number="440" hits="1"/>
						<line number="442" hits="1"/>
						<line number="444" hits="1"/>
						<line number="445" hits="1"/>
						<line number="448" hits="1"/>
						<line number="471" hits="1"/>
						<line number="474" hits="1"/>
						<line number="475" hits="1"/>
						<line number="478" hits="1"/>
						<line number="485" hits="1"/>
						<line number="486" hits="1"/>
						<line number="488" hits="1"/>
						<line number="489" hits="1"/>
					</lines>
				</class>
			</classes>
		</package>
	</packages>
</coverage>
